09:01:33:480  INFO 6108 --- [com.alibaba.nacos.client.remote.worker] com.alibaba.nacos.common.remote.client   : [b4cab622-f1e8-4fd4-b338-ba5628d38689] Server healthy check fail, currentConnection = 1703341123915_144.48.139.118_2404
09:01:33:484  INFO 6108 --- [com.alibaba.nacos.client.remote.worker] com.alibaba.nacos.common.remote.client   : [b4cab622-f1e8-4fd4-b338-ba5628d38689] Try to reconnect to a new server, server is  not appointed, will choose a random server.
09:01:33:568  WARN 6108 --- [nacos-grpc-client-executor-3252] c.a.n.c.remote.client.grpc.GrpcClient    : [1703341123915_144.48.139.118_2404]Ignore error event,isRunning:false,isAbandon=false
09:01:33:692 ERROR 6108 --- [com.alibaba.nacos.client.remote.worker] c.a.n.c.remote.client.grpc.GrpcClient    : Server check fail, please check server 43.133.192.187 ,port 9848 is available , error ={}

java.util.concurrent.ExecutionException: com.alibaba.nacos.shaded.io.grpc.StatusRuntimeException: UNAVAILABLE: io exception
	at com.alibaba.nacos.shaded.com.google.common.util.concurrent.AbstractFuture.getDoneValue(AbstractFuture.java:566) ~[nacos-client-2.0.4.jar:na]
	at com.alibaba.nacos.shaded.com.google.common.util.concurrent.AbstractFuture.get(AbstractFuture.java:445) ~[nacos-client-2.0.4.jar:na]
	at com.alibaba.nacos.common.remote.client.grpc.GrpcClient.serverCheck(GrpcClient.java:148) ~[nacos-client-2.0.4.jar:na]
	at com.alibaba.nacos.common.remote.client.grpc.GrpcClient.connectToServer(GrpcClient.java:264) ~[nacos-client-2.0.4.jar:na]
	at com.alibaba.nacos.common.remote.client.RpcClient.reconnect(RpcClient.java:522) ~[nacos-client-2.0.4.jar:na]
	at com.alibaba.nacos.common.remote.client.RpcClient.lambda$start$2(RpcClient.java:370) ~[nacos-client-2.0.4.jar:na]
	at java.base/java.util.concurrent.Executors$RunnableAdapter.call(Executors.java:515) ~[na:na]
	at java.base/java.util.concurrent.FutureTask.run(FutureTask.java:264) ~[na:na]
	at java.base/java.util.concurrent.ScheduledThreadPoolExecutor$ScheduledFutureTask.run(ScheduledThreadPoolExecutor.java:304) ~[na:na]
	at java.base/java.util.concurrent.ThreadPoolExecutor.runWorker(ThreadPoolExecutor.java:1128) ~[na:na]
	at java.base/java.util.concurrent.ThreadPoolExecutor$Worker.run(ThreadPoolExecutor.java:628) ~[na:na]
	at java.base/java.lang.Thread.run(Thread.java:834) ~[na:na]
Caused by: com.alibaba.nacos.shaded.io.grpc.StatusRuntimeException: UNAVAILABLE: io exception
	at com.alibaba.nacos.shaded.io.grpc.Status.asRuntimeException(Status.java:533) ~[nacos-client-2.0.4.jar:na]
	at com.alibaba.nacos.shaded.io.grpc.stub.ClientCalls$UnaryStreamToFuture.onClose(ClientCalls.java:490) ~[nacos-client-2.0.4.jar:na]
	at com.alibaba.nacos.shaded.io.grpc.PartialForwardingClientCallListener.onClose(PartialForwardingClientCallListener.java:39) ~[nacos-client-2.0.4.jar:na]
	at com.alibaba.nacos.shaded.io.grpc.ForwardingClientCallListener.onClose(ForwardingClientCallListener.java:23) ~[nacos-client-2.0.4.jar:na]
	at com.alibaba.nacos.shaded.io.grpc.ForwardingClientCallListener$SimpleForwardingClientCallListener.onClose(ForwardingClientCallListener.java:40) ~[nacos-client-2.0.4.jar:na]
	at com.alibaba.nacos.shaded.io.grpc.internal.CensusStatsModule$StatsClientInterceptor$1$1.onClose(CensusStatsModule.java:700) ~[nacos-client-2.0.4.jar:na]
	at com.alibaba.nacos.shaded.io.grpc.PartialForwardingClientCallListener.onClose(PartialForwardingClientCallListener.java:39) ~[nacos-client-2.0.4.jar:na]
	at com.alibaba.nacos.shaded.io.grpc.ForwardingClientCallListener.onClose(ForwardingClientCallListener.java:23) ~[nacos-client-2.0.4.jar:na]
	at com.alibaba.nacos.shaded.io.grpc.ForwardingClientCallListener$SimpleForwardingClientCallListener.onClose(ForwardingClientCallListener.java:40) ~[nacos-client-2.0.4.jar:na]
	at com.alibaba.nacos.shaded.io.grpc.internal.CensusTracingModule$TracingClientInterceptor$1$1.onClose(CensusTracingModule.java:399) ~[nacos-client-2.0.4.jar:na]
	at com.alibaba.nacos.shaded.io.grpc.internal.ClientCallImpl.closeObserver(ClientCallImpl.java:510) ~[nacos-client-2.0.4.jar:na]
	at com.alibaba.nacos.shaded.io.grpc.internal.ClientCallImpl.access$300(ClientCallImpl.java:66) ~[nacos-client-2.0.4.jar:na]
	at com.alibaba.nacos.shaded.io.grpc.internal.ClientCallImpl$ClientStreamListenerImpl.close(ClientCallImpl.java:630) ~[nacos-client-2.0.4.jar:na]
	at com.alibaba.nacos.shaded.io.grpc.internal.ClientCallImpl$ClientStreamListenerImpl.access$700(ClientCallImpl.java:518) ~[nacos-client-2.0.4.jar:na]
	at com.alibaba.nacos.shaded.io.grpc.internal.ClientCallImpl$ClientStreamListenerImpl$1StreamClosed.runInternal(ClientCallImpl.java:692) ~[nacos-client-2.0.4.jar:na]
	at com.alibaba.nacos.shaded.io.grpc.internal.ClientCallImpl$ClientStreamListenerImpl$1StreamClosed.runInContext(ClientCallImpl.java:681) ~[nacos-client-2.0.4.jar:na]
	at com.alibaba.nacos.shaded.io.grpc.internal.ContextRunnable.run(ContextRunnable.java:37) ~[nacos-client-2.0.4.jar:na]
	at com.alibaba.nacos.shaded.io.grpc.internal.SerializingExecutor.run(SerializingExecutor.java:123) ~[nacos-client-2.0.4.jar:na]
	... 3 common frames omitted
Caused by: com.alibaba.nacos.shaded.io.grpc.netty.shaded.io.netty.channel.AbstractChannel$AnnotatedSocketException: Software caused connection abort: no further information: /43.133.192.187:9848
Caused by: java.net.SocketException: Software caused connection abort: no further information
	at java.base/sun.nio.ch.SocketChannelImpl.checkConnect(Native Method) ~[na:na]
	at java.base/sun.nio.ch.SocketChannelImpl.finishConnect(SocketChannelImpl.java:779) ~[na:na]
	at com.alibaba.nacos.shaded.io.grpc.netty.shaded.io.netty.channel.socket.nio.NioSocketChannel.doFinishConnect(NioSocketChannel.java:327) ~[nacos-client-2.0.4.jar:na]
	at com.alibaba.nacos.shaded.io.grpc.netty.shaded.io.netty.channel.nio.AbstractNioChannel$AbstractNioUnsafe.finishConnect(AbstractNioChannel.java:336) ~[nacos-client-2.0.4.jar:na]
	at com.alibaba.nacos.shaded.io.grpc.netty.shaded.io.netty.channel.nio.NioEventLoop.processSelectedKey(NioEventLoop.java:685) ~[nacos-client-2.0.4.jar:na]
	at com.alibaba.nacos.shaded.io.grpc.netty.shaded.io.netty.channel.nio.NioEventLoop.processSelectedKeysOptimized(NioEventLoop.java:632) ~[nacos-client-2.0.4.jar:na]
	at com.alibaba.nacos.shaded.io.grpc.netty.shaded.io.netty.channel.nio.NioEventLoop.processSelectedKeys(NioEventLoop.java:549) ~[nacos-client-2.0.4.jar:na]
	at com.alibaba.nacos.shaded.io.grpc.netty.shaded.io.netty.channel.nio.NioEventLoop.run(NioEventLoop.java:511) ~[nacos-client-2.0.4.jar:na]
	at com.alibaba.nacos.shaded.io.grpc.netty.shaded.io.netty.util.concurrent.SingleThreadEventExecutor$5.run(SingleThreadEventExecutor.java:918) ~[nacos-client-2.0.4.jar:na]
	at com.alibaba.nacos.shaded.io.grpc.netty.shaded.io.netty.util.internal.ThreadExecutorMap$2.run(ThreadExecutorMap.java:74) ~[nacos-client-2.0.4.jar:na]
	at com.alibaba.nacos.shaded.io.grpc.netty.shaded.io.netty.util.concurrent.FastThreadLocalRunnable.run(FastThreadLocalRunnable.java:30) ~[nacos-client-2.0.4.jar:na]
	at java.base/java.lang.Thread.run(Thread.java:834) ~[na:na]

09:01:35:420 ERROR 6108 --- [com.alibaba.nacos.client.remote.worker] c.a.n.c.remote.client.grpc.GrpcClient    : Server check fail, please check server 43.133.192.187 ,port 9848 is available , error ={}

java.util.concurrent.ExecutionException: com.alibaba.nacos.shaded.io.grpc.StatusRuntimeException: UNAVAILABLE: io exception
	at com.alibaba.nacos.shaded.com.google.common.util.concurrent.AbstractFuture.getDoneValue(AbstractFuture.java:566) ~[nacos-client-2.0.4.jar:na]
	at com.alibaba.nacos.shaded.com.google.common.util.concurrent.AbstractFuture.get(AbstractFuture.java:445) ~[nacos-client-2.0.4.jar:na]
	at com.alibaba.nacos.common.remote.client.grpc.GrpcClient.serverCheck(GrpcClient.java:148) ~[nacos-client-2.0.4.jar:na]
	at com.alibaba.nacos.common.remote.client.grpc.GrpcClient.connectToServer(GrpcClient.java:264) ~[nacos-client-2.0.4.jar:na]
	at com.alibaba.nacos.common.remote.client.RpcClient.reconnect(RpcClient.java:522) ~[nacos-client-2.0.4.jar:na]
	at com.alibaba.nacos.common.remote.client.RpcClient.lambda$start$2(RpcClient.java:370) ~[nacos-client-2.0.4.jar:na]
	at java.base/java.util.concurrent.Executors$RunnableAdapter.call(Executors.java:515) ~[na:na]
	at java.base/java.util.concurrent.FutureTask.run(FutureTask.java:264) ~[na:na]
	at java.base/java.util.concurrent.ScheduledThreadPoolExecutor$ScheduledFutureTask.run(ScheduledThreadPoolExecutor.java:304) ~[na:na]
	at java.base/java.util.concurrent.ThreadPoolExecutor.runWorker(ThreadPoolExecutor.java:1128) ~[na:na]
	at java.base/java.util.concurrent.ThreadPoolExecutor$Worker.run(ThreadPoolExecutor.java:628) ~[na:na]
	at java.base/java.lang.Thread.run(Thread.java:834) ~[na:na]
Caused by: com.alibaba.nacos.shaded.io.grpc.StatusRuntimeException: UNAVAILABLE: io exception
	at com.alibaba.nacos.shaded.io.grpc.Status.asRuntimeException(Status.java:533) ~[nacos-client-2.0.4.jar:na]
	at com.alibaba.nacos.shaded.io.grpc.stub.ClientCalls$UnaryStreamToFuture.onClose(ClientCalls.java:490) ~[nacos-client-2.0.4.jar:na]
	at com.alibaba.nacos.shaded.io.grpc.PartialForwardingClientCallListener.onClose(PartialForwardingClientCallListener.java:39) ~[nacos-client-2.0.4.jar:na]
	at com.alibaba.nacos.shaded.io.grpc.ForwardingClientCallListener.onClose(ForwardingClientCallListener.java:23) ~[nacos-client-2.0.4.jar:na]
	at com.alibaba.nacos.shaded.io.grpc.ForwardingClientCallListener$SimpleForwardingClientCallListener.onClose(ForwardingClientCallListener.java:40) ~[nacos-client-2.0.4.jar:na]
	at com.alibaba.nacos.shaded.io.grpc.internal.CensusStatsModule$StatsClientInterceptor$1$1.onClose(CensusStatsModule.java:700) ~[nacos-client-2.0.4.jar:na]
	at com.alibaba.nacos.shaded.io.grpc.PartialForwardingClientCallListener.onClose(PartialForwardingClientCallListener.java:39) ~[nacos-client-2.0.4.jar:na]
	at com.alibaba.nacos.shaded.io.grpc.ForwardingClientCallListener.onClose(ForwardingClientCallListener.java:23) ~[nacos-client-2.0.4.jar:na]
	at com.alibaba.nacos.shaded.io.grpc.ForwardingClientCallListener$SimpleForwardingClientCallListener.onClose(ForwardingClientCallListener.java:40) ~[nacos-client-2.0.4.jar:na]
	at com.alibaba.nacos.shaded.io.grpc.internal.CensusTracingModule$TracingClientInterceptor$1$1.onClose(CensusTracingModule.java:399) ~[nacos-client-2.0.4.jar:na]
	at com.alibaba.nacos.shaded.io.grpc.internal.ClientCallImpl.closeObserver(ClientCallImpl.java:510) ~[nacos-client-2.0.4.jar:na]
	at com.alibaba.nacos.shaded.io.grpc.internal.ClientCallImpl.access$300(ClientCallImpl.java:66) ~[nacos-client-2.0.4.jar:na]
	at com.alibaba.nacos.shaded.io.grpc.internal.ClientCallImpl$ClientStreamListenerImpl.close(ClientCallImpl.java:630) ~[nacos-client-2.0.4.jar:na]
	at com.alibaba.nacos.shaded.io.grpc.internal.ClientCallImpl$ClientStreamListenerImpl.access$700(ClientCallImpl.java:518) ~[nacos-client-2.0.4.jar:na]
	at com.alibaba.nacos.shaded.io.grpc.internal.ClientCallImpl$ClientStreamListenerImpl$1StreamClosed.runInternal(ClientCallImpl.java:692) ~[nacos-client-2.0.4.jar:na]
	at com.alibaba.nacos.shaded.io.grpc.internal.ClientCallImpl$ClientStreamListenerImpl$1StreamClosed.runInContext(ClientCallImpl.java:681) ~[nacos-client-2.0.4.jar:na]
	at com.alibaba.nacos.shaded.io.grpc.internal.ContextRunnable.run(ContextRunnable.java:37) ~[nacos-client-2.0.4.jar:na]
	at com.alibaba.nacos.shaded.io.grpc.internal.SerializingExecutor.run(SerializingExecutor.java:123) ~[nacos-client-2.0.4.jar:na]
	... 3 common frames omitted
Caused by: com.alibaba.nacos.shaded.io.grpc.netty.shaded.io.netty.channel.AbstractChannel$AnnotatedNoRouteToHostException: No route to host: no further information: /43.133.192.187:9848
Caused by: java.net.NoRouteToHostException: No route to host: no further information
	at java.base/sun.nio.ch.SocketChannelImpl.checkConnect(Native Method) ~[na:na]
	at java.base/sun.nio.ch.SocketChannelImpl.finishConnect(SocketChannelImpl.java:779) ~[na:na]
	at com.alibaba.nacos.shaded.io.grpc.netty.shaded.io.netty.channel.socket.nio.NioSocketChannel.doFinishConnect(NioSocketChannel.java:327) ~[nacos-client-2.0.4.jar:na]
	at com.alibaba.nacos.shaded.io.grpc.netty.shaded.io.netty.channel.nio.AbstractNioChannel$AbstractNioUnsafe.finishConnect(AbstractNioChannel.java:336) ~[nacos-client-2.0.4.jar:na]
	at com.alibaba.nacos.shaded.io.grpc.netty.shaded.io.netty.channel.nio.NioEventLoop.processSelectedKey(NioEventLoop.java:685) ~[nacos-client-2.0.4.jar:na]
	at com.alibaba.nacos.shaded.io.grpc.netty.shaded.io.netty.channel.nio.NioEventLoop.processSelectedKeysOptimized(NioEventLoop.java:632) ~[nacos-client-2.0.4.jar:na]
	at com.alibaba.nacos.shaded.io.grpc.netty.shaded.io.netty.channel.nio.NioEventLoop.processSelectedKeys(NioEventLoop.java:549) ~[nacos-client-2.0.4.jar:na]
	at com.alibaba.nacos.shaded.io.grpc.netty.shaded.io.netty.channel.nio.NioEventLoop.run(NioEventLoop.java:511) ~[nacos-client-2.0.4.jar:na]
	at com.alibaba.nacos.shaded.io.grpc.netty.shaded.io.netty.util.concurrent.SingleThreadEventExecutor$5.run(SingleThreadEventExecutor.java:918) ~[nacos-client-2.0.4.jar:na]
	at com.alibaba.nacos.shaded.io.grpc.netty.shaded.io.netty.util.internal.ThreadExecutorMap$2.run(ThreadExecutorMap.java:74) ~[nacos-client-2.0.4.jar:na]
	at com.alibaba.nacos.shaded.io.grpc.netty.shaded.io.netty.util.concurrent.FastThreadLocalRunnable.run(FastThreadLocalRunnable.java:30) ~[nacos-client-2.0.4.jar:na]
	at java.base/java.lang.Thread.run(Thread.java:834) ~[na:na]

09:01:35:421  INFO 6108 --- [com.alibaba.nacos.client.remote.worker] com.alibaba.nacos.common.remote.client   : [b4cab622-f1e8-4fd4-b338-ba5628d38689] Fail to connect server, after trying 1 times, last try server is {serverIp = '43.133.192.187', server main port = 8848}, error = unknown
09:01:35:676 ERROR 6108 --- [com.alibaba.nacos.client.remote.worker] c.a.n.c.remote.client.grpc.GrpcClient    : Server check fail, please check server 43.133.192.187 ,port 9848 is available , error ={}

java.util.concurrent.ExecutionException: com.alibaba.nacos.shaded.io.grpc.StatusRuntimeException: UNAVAILABLE: io exception
	at com.alibaba.nacos.shaded.com.google.common.util.concurrent.AbstractFuture.getDoneValue(AbstractFuture.java:566) ~[nacos-client-2.0.4.jar:na]
	at com.alibaba.nacos.shaded.com.google.common.util.concurrent.AbstractFuture.get(AbstractFuture.java:445) ~[nacos-client-2.0.4.jar:na]
	at com.alibaba.nacos.common.remote.client.grpc.GrpcClient.serverCheck(GrpcClient.java:148) ~[nacos-client-2.0.4.jar:na]
	at com.alibaba.nacos.common.remote.client.grpc.GrpcClient.connectToServer(GrpcClient.java:264) ~[nacos-client-2.0.4.jar:na]
	at com.alibaba.nacos.common.remote.client.RpcClient.reconnect(RpcClient.java:522) ~[nacos-client-2.0.4.jar:na]
	at com.alibaba.nacos.common.remote.client.RpcClient.lambda$start$2(RpcClient.java:370) ~[nacos-client-2.0.4.jar:na]
	at java.base/java.util.concurrent.Executors$RunnableAdapter.call(Executors.java:515) ~[na:na]
	at java.base/java.util.concurrent.FutureTask.run(FutureTask.java:264) ~[na:na]
	at java.base/java.util.concurrent.ScheduledThreadPoolExecutor$ScheduledFutureTask.run(ScheduledThreadPoolExecutor.java:304) ~[na:na]
	at java.base/java.util.concurrent.ThreadPoolExecutor.runWorker(ThreadPoolExecutor.java:1128) ~[na:na]
	at java.base/java.util.concurrent.ThreadPoolExecutor$Worker.run(ThreadPoolExecutor.java:628) ~[na:na]
	at java.base/java.lang.Thread.run(Thread.java:834) ~[na:na]
Caused by: com.alibaba.nacos.shaded.io.grpc.StatusRuntimeException: UNAVAILABLE: io exception
	at com.alibaba.nacos.shaded.io.grpc.Status.asRuntimeException(Status.java:533) ~[nacos-client-2.0.4.jar:na]
	at com.alibaba.nacos.shaded.io.grpc.stub.ClientCalls$UnaryStreamToFuture.onClose(ClientCalls.java:490) ~[nacos-client-2.0.4.jar:na]
	at com.alibaba.nacos.shaded.io.grpc.PartialForwardingClientCallListener.onClose(PartialForwardingClientCallListener.java:39) ~[nacos-client-2.0.4.jar:na]
	at com.alibaba.nacos.shaded.io.grpc.ForwardingClientCallListener.onClose(ForwardingClientCallListener.java:23) ~[nacos-client-2.0.4.jar:na]
	at com.alibaba.nacos.shaded.io.grpc.ForwardingClientCallListener$SimpleForwardingClientCallListener.onClose(ForwardingClientCallListener.java:40) ~[nacos-client-2.0.4.jar:na]
	at com.alibaba.nacos.shaded.io.grpc.internal.CensusStatsModule$StatsClientInterceptor$1$1.onClose(CensusStatsModule.java:700) ~[nacos-client-2.0.4.jar:na]
	at com.alibaba.nacos.shaded.io.grpc.PartialForwardingClientCallListener.onClose(PartialForwardingClientCallListener.java:39) ~[nacos-client-2.0.4.jar:na]
	at com.alibaba.nacos.shaded.io.grpc.ForwardingClientCallListener.onClose(ForwardingClientCallListener.java:23) ~[nacos-client-2.0.4.jar:na]
	at com.alibaba.nacos.shaded.io.grpc.ForwardingClientCallListener$SimpleForwardingClientCallListener.onClose(ForwardingClientCallListener.java:40) ~[nacos-client-2.0.4.jar:na]
	at com.alibaba.nacos.shaded.io.grpc.internal.CensusTracingModule$TracingClientInterceptor$1$1.onClose(CensusTracingModule.java:399) ~[nacos-client-2.0.4.jar:na]
	at com.alibaba.nacos.shaded.io.grpc.internal.ClientCallImpl.closeObserver(ClientCallImpl.java:510) ~[nacos-client-2.0.4.jar:na]
	at com.alibaba.nacos.shaded.io.grpc.internal.ClientCallImpl.access$300(ClientCallImpl.java:66) ~[nacos-client-2.0.4.jar:na]
	at com.alibaba.nacos.shaded.io.grpc.internal.ClientCallImpl$ClientStreamListenerImpl.close(ClientCallImpl.java:630) ~[nacos-client-2.0.4.jar:na]
	at com.alibaba.nacos.shaded.io.grpc.internal.ClientCallImpl$ClientStreamListenerImpl.access$700(ClientCallImpl.java:518) ~[nacos-client-2.0.4.jar:na]
	at com.alibaba.nacos.shaded.io.grpc.internal.ClientCallImpl$ClientStreamListenerImpl$1StreamClosed.runInternal(ClientCallImpl.java:692) ~[nacos-client-2.0.4.jar:na]
	at com.alibaba.nacos.shaded.io.grpc.internal.ClientCallImpl$ClientStreamListenerImpl$1StreamClosed.runInContext(ClientCallImpl.java:681) ~[nacos-client-2.0.4.jar:na]
	at com.alibaba.nacos.shaded.io.grpc.internal.ContextRunnable.run(ContextRunnable.java:37) ~[nacos-client-2.0.4.jar:na]
	at com.alibaba.nacos.shaded.io.grpc.internal.SerializingExecutor.run(SerializingExecutor.java:123) ~[nacos-client-2.0.4.jar:na]
	... 3 common frames omitted
Caused by: com.alibaba.nacos.shaded.io.grpc.netty.shaded.io.netty.channel.AbstractChannel$AnnotatedNoRouteToHostException: No route to host: no further information: /43.133.192.187:9848
Caused by: java.net.NoRouteToHostException: No route to host: no further information
	at java.base/sun.nio.ch.SocketChannelImpl.checkConnect(Native Method) ~[na:na]
	at java.base/sun.nio.ch.SocketChannelImpl.finishConnect(SocketChannelImpl.java:779) ~[na:na]
	at com.alibaba.nacos.shaded.io.grpc.netty.shaded.io.netty.channel.socket.nio.NioSocketChannel.doFinishConnect(NioSocketChannel.java:327) ~[nacos-client-2.0.4.jar:na]
	at com.alibaba.nacos.shaded.io.grpc.netty.shaded.io.netty.channel.nio.AbstractNioChannel$AbstractNioUnsafe.finishConnect(AbstractNioChannel.java:336) ~[nacos-client-2.0.4.jar:na]
	at com.alibaba.nacos.shaded.io.grpc.netty.shaded.io.netty.channel.nio.NioEventLoop.processSelectedKey(NioEventLoop.java:685) ~[nacos-client-2.0.4.jar:na]
	at com.alibaba.nacos.shaded.io.grpc.netty.shaded.io.netty.channel.nio.NioEventLoop.processSelectedKeysOptimized(NioEventLoop.java:632) ~[nacos-client-2.0.4.jar:na]
	at com.alibaba.nacos.shaded.io.grpc.netty.shaded.io.netty.channel.nio.NioEventLoop.processSelectedKeys(NioEventLoop.java:549) ~[nacos-client-2.0.4.jar:na]
	at com.alibaba.nacos.shaded.io.grpc.netty.shaded.io.netty.channel.nio.NioEventLoop.run(NioEventLoop.java:511) ~[nacos-client-2.0.4.jar:na]
	at com.alibaba.nacos.shaded.io.grpc.netty.shaded.io.netty.util.concurrent.SingleThreadEventExecutor$5.run(SingleThreadEventExecutor.java:918) ~[nacos-client-2.0.4.jar:na]
	at com.alibaba.nacos.shaded.io.grpc.netty.shaded.io.netty.util.internal.ThreadExecutorMap$2.run(ThreadExecutorMap.java:74) ~[nacos-client-2.0.4.jar:na]
	at com.alibaba.nacos.shaded.io.grpc.netty.shaded.io.netty.util.concurrent.FastThreadLocalRunnable.run(FastThreadLocalRunnable.java:30) ~[nacos-client-2.0.4.jar:na]
	at java.base/java.lang.Thread.run(Thread.java:834) ~[na:na]

09:01:35:677  INFO 6108 --- [com.alibaba.nacos.client.remote.worker] com.alibaba.nacos.common.remote.client   : [b4cab622-f1e8-4fd4-b338-ba5628d38689] Fail to connect server, after trying 2 times, last try server is {serverIp = '43.133.192.187', server main port = 8848}, error = unknown
09:01:35:996 ERROR 6108 --- [com.alibaba.nacos.client.remote.worker] c.a.n.c.remote.client.grpc.GrpcClient    : Server check fail, please check server 43.133.192.187 ,port 9848 is available , error ={}

java.util.concurrent.ExecutionException: com.alibaba.nacos.shaded.io.grpc.StatusRuntimeException: UNAVAILABLE: io exception
	at com.alibaba.nacos.shaded.com.google.common.util.concurrent.AbstractFuture.getDoneValue(AbstractFuture.java:566) ~[nacos-client-2.0.4.jar:na]
	at com.alibaba.nacos.shaded.com.google.common.util.concurrent.AbstractFuture.get(AbstractFuture.java:445) ~[nacos-client-2.0.4.jar:na]
	at com.alibaba.nacos.common.remote.client.grpc.GrpcClient.serverCheck(GrpcClient.java:148) ~[nacos-client-2.0.4.jar:na]
	at com.alibaba.nacos.common.remote.client.grpc.GrpcClient.connectToServer(GrpcClient.java:264) ~[nacos-client-2.0.4.jar:na]
	at com.alibaba.nacos.common.remote.client.RpcClient.reconnect(RpcClient.java:522) ~[nacos-client-2.0.4.jar:na]
	at com.alibaba.nacos.common.remote.client.RpcClient.lambda$start$2(RpcClient.java:370) ~[nacos-client-2.0.4.jar:na]
	at java.base/java.util.concurrent.Executors$RunnableAdapter.call(Executors.java:515) ~[na:na]
	at java.base/java.util.concurrent.FutureTask.run(FutureTask.java:264) ~[na:na]
	at java.base/java.util.concurrent.ScheduledThreadPoolExecutor$ScheduledFutureTask.run(ScheduledThreadPoolExecutor.java:304) ~[na:na]
	at java.base/java.util.concurrent.ThreadPoolExecutor.runWorker(ThreadPoolExecutor.java:1128) ~[na:na]
	at java.base/java.util.concurrent.ThreadPoolExecutor$Worker.run(ThreadPoolExecutor.java:628) ~[na:na]
	at java.base/java.lang.Thread.run(Thread.java:834) ~[na:na]
Caused by: com.alibaba.nacos.shaded.io.grpc.StatusRuntimeException: UNAVAILABLE: io exception
	at com.alibaba.nacos.shaded.io.grpc.Status.asRuntimeException(Status.java:533) ~[nacos-client-2.0.4.jar:na]
	at com.alibaba.nacos.shaded.io.grpc.stub.ClientCalls$UnaryStreamToFuture.onClose(ClientCalls.java:490) ~[nacos-client-2.0.4.jar:na]
	at com.alibaba.nacos.shaded.io.grpc.PartialForwardingClientCallListener.onClose(PartialForwardingClientCallListener.java:39) ~[nacos-client-2.0.4.jar:na]
	at com.alibaba.nacos.shaded.io.grpc.ForwardingClientCallListener.onClose(ForwardingClientCallListener.java:23) ~[nacos-client-2.0.4.jar:na]
	at com.alibaba.nacos.shaded.io.grpc.ForwardingClientCallListener$SimpleForwardingClientCallListener.onClose(ForwardingClientCallListener.java:40) ~[nacos-client-2.0.4.jar:na]
	at com.alibaba.nacos.shaded.io.grpc.internal.CensusStatsModule$StatsClientInterceptor$1$1.onClose(CensusStatsModule.java:700) ~[nacos-client-2.0.4.jar:na]
	at com.alibaba.nacos.shaded.io.grpc.PartialForwardingClientCallListener.onClose(PartialForwardingClientCallListener.java:39) ~[nacos-client-2.0.4.jar:na]
	at com.alibaba.nacos.shaded.io.grpc.ForwardingClientCallListener.onClose(ForwardingClientCallListener.java:23) ~[nacos-client-2.0.4.jar:na]
	at com.alibaba.nacos.shaded.io.grpc.ForwardingClientCallListener$SimpleForwardingClientCallListener.onClose(ForwardingClientCallListener.java:40) ~[nacos-client-2.0.4.jar:na]
	at com.alibaba.nacos.shaded.io.grpc.internal.CensusTracingModule$TracingClientInterceptor$1$1.onClose(CensusTracingModule.java:399) ~[nacos-client-2.0.4.jar:na]
	at com.alibaba.nacos.shaded.io.grpc.internal.ClientCallImpl.closeObserver(ClientCallImpl.java:510) ~[nacos-client-2.0.4.jar:na]
	at com.alibaba.nacos.shaded.io.grpc.internal.ClientCallImpl.access$300(ClientCallImpl.java:66) ~[nacos-client-2.0.4.jar:na]
	at com.alibaba.nacos.shaded.io.grpc.internal.ClientCallImpl$ClientStreamListenerImpl.close(ClientCallImpl.java:630) ~[nacos-client-2.0.4.jar:na]
	at com.alibaba.nacos.shaded.io.grpc.internal.ClientCallImpl$ClientStreamListenerImpl.access$700(ClientCallImpl.java:518) ~[nacos-client-2.0.4.jar:na]
	at com.alibaba.nacos.shaded.io.grpc.internal.ClientCallImpl$ClientStreamListenerImpl$1StreamClosed.runInternal(ClientCallImpl.java:692) ~[nacos-client-2.0.4.jar:na]
	at com.alibaba.nacos.shaded.io.grpc.internal.ClientCallImpl$ClientStreamListenerImpl$1StreamClosed.runInContext(ClientCallImpl.java:681) ~[nacos-client-2.0.4.jar:na]
	at com.alibaba.nacos.shaded.io.grpc.internal.ContextRunnable.run(ContextRunnable.java:37) ~[nacos-client-2.0.4.jar:na]
	at com.alibaba.nacos.shaded.io.grpc.internal.SerializingExecutor.run(SerializingExecutor.java:123) ~[nacos-client-2.0.4.jar:na]
	... 3 common frames omitted
Caused by: com.alibaba.nacos.shaded.io.grpc.netty.shaded.io.netty.channel.AbstractChannel$AnnotatedNoRouteToHostException: No route to host: no further information: /43.133.192.187:9848
Caused by: java.net.NoRouteToHostException: No route to host: no further information
	at java.base/sun.nio.ch.SocketChannelImpl.checkConnect(Native Method) ~[na:na]
	at java.base/sun.nio.ch.SocketChannelImpl.finishConnect(SocketChannelImpl.java:779) ~[na:na]
	at com.alibaba.nacos.shaded.io.grpc.netty.shaded.io.netty.channel.socket.nio.NioSocketChannel.doFinishConnect(NioSocketChannel.java:327) ~[nacos-client-2.0.4.jar:na]
	at com.alibaba.nacos.shaded.io.grpc.netty.shaded.io.netty.channel.nio.AbstractNioChannel$AbstractNioUnsafe.finishConnect(AbstractNioChannel.java:336) ~[nacos-client-2.0.4.jar:na]
	at com.alibaba.nacos.shaded.io.grpc.netty.shaded.io.netty.channel.nio.NioEventLoop.processSelectedKey(NioEventLoop.java:685) ~[nacos-client-2.0.4.jar:na]
	at com.alibaba.nacos.shaded.io.grpc.netty.shaded.io.netty.channel.nio.NioEventLoop.processSelectedKeysOptimized(NioEventLoop.java:632) ~[nacos-client-2.0.4.jar:na]
	at com.alibaba.nacos.shaded.io.grpc.netty.shaded.io.netty.channel.nio.NioEventLoop.processSelectedKeys(NioEventLoop.java:549) ~[nacos-client-2.0.4.jar:na]
	at com.alibaba.nacos.shaded.io.grpc.netty.shaded.io.netty.channel.nio.NioEventLoop.run(NioEventLoop.java:511) ~[nacos-client-2.0.4.jar:na]
	at com.alibaba.nacos.shaded.io.grpc.netty.shaded.io.netty.util.concurrent.SingleThreadEventExecutor$5.run(SingleThreadEventExecutor.java:918) ~[nacos-client-2.0.4.jar:na]
	at com.alibaba.nacos.shaded.io.grpc.netty.shaded.io.netty.util.internal.ThreadExecutorMap$2.run(ThreadExecutorMap.java:74) ~[nacos-client-2.0.4.jar:na]
	at com.alibaba.nacos.shaded.io.grpc.netty.shaded.io.netty.util.concurrent.FastThreadLocalRunnable.run(FastThreadLocalRunnable.java:30) ~[nacos-client-2.0.4.jar:na]
	at java.base/java.lang.Thread.run(Thread.java:834) ~[na:na]

09:01:35:997  INFO 6108 --- [com.alibaba.nacos.client.remote.worker] com.alibaba.nacos.common.remote.client   : [b4cab622-f1e8-4fd4-b338-ba5628d38689] Fail to connect server, after trying 3 times, last try server is {serverIp = '43.133.192.187', server main port = 8848}, error = unknown
09:01:39:404  INFO 6108 --- [com.alibaba.nacos.client.remote.worker] com.alibaba.nacos.common.remote.client   : [b4cab622-f1e8-4fd4-b338-ba5628d38689] Success to connect a server [43.133.192.187:8848], connectionId = 1703383300588_144.48.139.118_10051
09:01:39:404  INFO 6108 --- [com.alibaba.nacos.client.remote.worker] com.alibaba.nacos.common.remote.client   : [b4cab622-f1e8-4fd4-b338-ba5628d38689] Abandon prev connection, server is 43.133.192.187:8848, connectionId is 1703341123915_144.48.139.118_2404
09:01:39:404  INFO 6108 --- [com.alibaba.nacos.client.remote.worker] com.alibaba.nacos.common.remote.client   : Close current connection 1703341123915_144.48.139.118_2404
09:01:39:405  INFO 6108 --- [com.alibaba.nacos.client.remote.worker] com.alibaba.nacos.common.remote.client   : [b4cab622-f1e8-4fd4-b338-ba5628d38689] Notify disconnected event to listeners
09:01:39:405  INFO 6108 --- [com.alibaba.nacos.client.remote.worker] com.alibaba.nacos.common.remote.client   : [b4cab622-f1e8-4fd4-b338-ba5628d38689] Notify connected event to listeners.
09:01:41:489  INFO 6108 --- [nacos-grpc-client-executor-3267] com.alibaba.nacos.common.remote.client   : [b4cab622-f1e8-4fd4-b338-ba5628d38689] Receive server push request, request = NotifySubscriberRequest, requestId = 171
09:01:41:490  INFO 6108 --- [nacos-grpc-client-executor-3267] com.alibaba.nacos.common.remote.client   : [b4cab622-f1e8-4fd4-b338-ba5628d38689] Ack server push request, request = NotifySubscriberRequest, requestId = 171
09:01:42:727  WARN 6108 --- [HikariPool-1 housekeeper] com.zaxxer.hikari.pool.HikariPool        : HikariPool-1 - Thread starvation or clock leap detected (housekeeper delta=11h10m47s234ms344µs700ns).
12:26:45:087  INFO 6108 --- [com.alibaba.nacos.client.remote.worker] com.alibaba.nacos.common.remote.client   : [b4cab622-f1e8-4fd4-b338-ba5628d38689] Server healthy check fail, currentConnection = 1703383300588_144.48.139.118_10051
12:26:45:089  INFO 6108 --- [com.alibaba.nacos.client.remote.worker] com.alibaba.nacos.common.remote.client   : [b4cab622-f1e8-4fd4-b338-ba5628d38689] Try to reconnect to a new server, server is  not appointed, will choose a random server.
12:26:48:105 ERROR 6108 --- [com.alibaba.nacos.client.remote.worker] c.a.n.c.remote.client.grpc.GrpcClient    : Server check fail, please check server 43.133.192.187 ,port 9848 is available , error ={}

java.util.concurrent.TimeoutException: Waited 3000 milliseconds (plus 7 milliseconds, 16000 nanoseconds delay) for com.alibaba.nacos.shaded.io.grpc.stub.ClientCalls$GrpcFuture@49f39a4f[status=PENDING, info=[GrpcFuture{clientCall={delegate={delegate=ClientCallImpl{method=MethodDescriptor{fullMethodName=Request/request, type=UNARY, idempotent=false, safe=false, sampledToLocalTracing=true, requestMarshaller=com.alibaba.nacos.shaded.io.grpc.protobuf.lite.ProtoLiteUtils$MessageMarshaller@32e81bc2, responseMarshaller=com.alibaba.nacos.shaded.io.grpc.protobuf.lite.ProtoLiteUtils$MessageMarshaller@7c6fe7f4, schemaDescriptor=com.alibaba.nacos.api.grpc.auto.RequestGrpc$RequestMethodDescriptorSupplier@11e2c22a}}}}}]]
	at com.alibaba.nacos.shaded.com.google.common.util.concurrent.AbstractFuture.get(AbstractFuture.java:508) ~[nacos-client-2.0.4.jar:na]
	at com.alibaba.nacos.common.remote.client.grpc.GrpcClient.serverCheck(GrpcClient.java:148) ~[nacos-client-2.0.4.jar:na]
	at com.alibaba.nacos.common.remote.client.grpc.GrpcClient.connectToServer(GrpcClient.java:264) ~[nacos-client-2.0.4.jar:na]
	at com.alibaba.nacos.common.remote.client.RpcClient.reconnect(RpcClient.java:522) ~[nacos-client-2.0.4.jar:na]
	at com.alibaba.nacos.common.remote.client.RpcClient.lambda$start$2(RpcClient.java:370) ~[nacos-client-2.0.4.jar:na]
	at java.base/java.util.concurrent.Executors$RunnableAdapter.call(Executors.java:515) ~[na:na]
	at java.base/java.util.concurrent.FutureTask.run(FutureTask.java:264) ~[na:na]
	at java.base/java.util.concurrent.ScheduledThreadPoolExecutor$ScheduledFutureTask.run(ScheduledThreadPoolExecutor.java:304) ~[na:na]
	at java.base/java.util.concurrent.ThreadPoolExecutor.runWorker(ThreadPoolExecutor.java:1128) ~[na:na]
	at java.base/java.util.concurrent.ThreadPoolExecutor$Worker.run(ThreadPoolExecutor.java:628) ~[na:na]
	at java.base/java.lang.Thread.run(Thread.java:834) ~[na:na]

12:26:49:590  INFO 6108 --- [com.alibaba.nacos.client.remote.worker] com.alibaba.nacos.common.remote.client   : [b4cab622-f1e8-4fd4-b338-ba5628d38689] Success to connect a server [43.133.192.187:8848], connectionId = 1703395609513_144.48.139.118_13688
12:26:49:590  INFO 6108 --- [com.alibaba.nacos.client.remote.worker] com.alibaba.nacos.common.remote.client   : [b4cab622-f1e8-4fd4-b338-ba5628d38689] Abandon prev connection, server is 43.133.192.187:8848, connectionId is 1703383300588_144.48.139.118_10051
12:26:49:591  INFO 6108 --- [com.alibaba.nacos.client.remote.worker] com.alibaba.nacos.common.remote.client   : Close current connection 1703383300588_144.48.139.118_10051
12:26:49:591  INFO 6108 --- [com.alibaba.nacos.client.remote.worker] com.alibaba.nacos.common.remote.client   : [b4cab622-f1e8-4fd4-b338-ba5628d38689] Notify disconnected event to listeners
12:26:49:592  WARN 6108 --- [nacos-grpc-client-executor-5694] c.a.n.c.remote.client.grpc.GrpcClient    : [1703383300588_144.48.139.118_10051]Ignore error event,isRunning:true,isAbandon=true
12:26:49:593  INFO 6108 --- [com.alibaba.nacos.client.remote.worker] com.alibaba.nacos.common.remote.client   : [b4cab622-f1e8-4fd4-b338-ba5628d38689] Notify connected event to listeners.
12:26:52:233  INFO 6108 --- [nacos-grpc-client-executor-5698] com.alibaba.nacos.common.remote.client   : [b4cab622-f1e8-4fd4-b338-ba5628d38689] Receive server push request, request = NotifySubscriberRequest, requestId = 190
12:26:52:233  INFO 6108 --- [nacos-grpc-client-executor-5698] com.alibaba.nacos.common.remote.client   : [b4cab622-f1e8-4fd4-b338-ba5628d38689] Ack server push request, request = NotifySubscriberRequest, requestId = 190
12:27:02:441  INFO 6108 --- [nacos-grpc-client-executor-5700] com.alibaba.nacos.common.remote.client   : [b4cab622-f1e8-4fd4-b338-ba5628d38689] Receive server push request, request = NotifySubscriberRequest, requestId = 206
12:27:02:441  INFO 6108 --- [nacos-grpc-client-executor-5700] com.alibaba.nacos.common.remote.client   : [b4cab622-f1e8-4fd4-b338-ba5628d38689] Ack server push request, request = NotifySubscriberRequest, requestId = 206
12:30:10:813  INFO 6108 --- [com.alibaba.nacos.client.remote.worker] com.alibaba.nacos.common.remote.client   : [b4cab622-f1e8-4fd4-b338-ba5628d38689] Server healthy check fail, currentConnection = 1703395609513_144.48.139.118_13688
12:30:10:813  INFO 6108 --- [com.alibaba.nacos.client.remote.worker] com.alibaba.nacos.common.remote.client   : [b4cab622-f1e8-4fd4-b338-ba5628d38689] Try to reconnect to a new server, server is  not appointed, will choose a random server.
12:30:13:816 ERROR 6108 --- [com.alibaba.nacos.client.remote.worker] c.a.n.c.remote.client.grpc.GrpcClient    : Server check fail, please check server 43.133.192.187 ,port 9848 is available , error ={}

java.util.concurrent.TimeoutException: Waited 3000 milliseconds (plus 840000 nanoseconds delay) for com.alibaba.nacos.shaded.io.grpc.stub.ClientCalls$GrpcFuture@1771cfde[status=PENDING, info=[GrpcFuture{clientCall={delegate={delegate=ClientCallImpl{method=MethodDescriptor{fullMethodName=Request/request, type=UNARY, idempotent=false, safe=false, sampledToLocalTracing=true, requestMarshaller=com.alibaba.nacos.shaded.io.grpc.protobuf.lite.ProtoLiteUtils$MessageMarshaller@32e81bc2, responseMarshaller=com.alibaba.nacos.shaded.io.grpc.protobuf.lite.ProtoLiteUtils$MessageMarshaller@7c6fe7f4, schemaDescriptor=com.alibaba.nacos.api.grpc.auto.RequestGrpc$RequestMethodDescriptorSupplier@11e2c22a}}}}}]]
	at com.alibaba.nacos.shaded.com.google.common.util.concurrent.AbstractFuture.get(AbstractFuture.java:508) ~[nacos-client-2.0.4.jar:na]
	at com.alibaba.nacos.common.remote.client.grpc.GrpcClient.serverCheck(GrpcClient.java:148) ~[nacos-client-2.0.4.jar:na]
	at com.alibaba.nacos.common.remote.client.grpc.GrpcClient.connectToServer(GrpcClient.java:264) ~[nacos-client-2.0.4.jar:na]
	at com.alibaba.nacos.common.remote.client.RpcClient.reconnect(RpcClient.java:522) ~[nacos-client-2.0.4.jar:na]
	at com.alibaba.nacos.common.remote.client.RpcClient.lambda$start$2(RpcClient.java:370) ~[nacos-client-2.0.4.jar:na]
	at java.base/java.util.concurrent.Executors$RunnableAdapter.call(Executors.java:515) ~[na:na]
	at java.base/java.util.concurrent.FutureTask.run(FutureTask.java:264) ~[na:na]
	at java.base/java.util.concurrent.ScheduledThreadPoolExecutor$ScheduledFutureTask.run(ScheduledThreadPoolExecutor.java:304) ~[na:na]
	at java.base/java.util.concurrent.ThreadPoolExecutor.runWorker(ThreadPoolExecutor.java:1128) ~[na:na]
	at java.base/java.util.concurrent.ThreadPoolExecutor$Worker.run(ThreadPoolExecutor.java:628) ~[na:na]
	at java.base/java.lang.Thread.run(Thread.java:834) ~[na:na]

12:30:15:285  INFO 6108 --- [com.alibaba.nacos.client.remote.worker] com.alibaba.nacos.common.remote.client   : [b4cab622-f1e8-4fd4-b338-ba5628d38689] Success to connect a server [43.133.192.187:8848], connectionId = 1703395815224_144.48.139.118_13840
12:30:15:285  INFO 6108 --- [com.alibaba.nacos.client.remote.worker] com.alibaba.nacos.common.remote.client   : [b4cab622-f1e8-4fd4-b338-ba5628d38689] Abandon prev connection, server is 43.133.192.187:8848, connectionId is 1703395609513_144.48.139.118_13688
12:30:15:285  INFO 6108 --- [com.alibaba.nacos.client.remote.worker] com.alibaba.nacos.common.remote.client   : Close current connection 1703395609513_144.48.139.118_13688
12:30:15:285  INFO 6108 --- [com.alibaba.nacos.client.remote.worker] com.alibaba.nacos.common.remote.client   : [b4cab622-f1e8-4fd4-b338-ba5628d38689] Notify disconnected event to listeners
12:30:15:286  INFO 6108 --- [com.alibaba.nacos.client.remote.worker] com.alibaba.nacos.common.remote.client   : [b4cab622-f1e8-4fd4-b338-ba5628d38689] Notify connected event to listeners.
12:30:15:286  WARN 6108 --- [nacos-grpc-client-executor-5740] c.a.n.c.remote.client.grpc.GrpcClient    : [1703395609513_144.48.139.118_13688]Ignore error event,isRunning:true,isAbandon=true
12:30:16:932  INFO 6108 --- [nacos-grpc-client-executor-5745] com.alibaba.nacos.common.remote.client   : [b4cab622-f1e8-4fd4-b338-ba5628d38689] Receive server push request, request = NotifySubscriberRequest, requestId = 208
12:30:16:932  INFO 6108 --- [nacos-grpc-client-executor-5745] com.alibaba.nacos.common.remote.client   : [b4cab622-f1e8-4fd4-b338-ba5628d38689] Ack server push request, request = NotifySubscriberRequest, requestId = 208
14:56:00:255  INFO 6108 --- [com.alibaba.nacos.client.remote.worker] com.alibaba.nacos.common.remote.client   : [b4cab622-f1e8-4fd4-b338-ba5628d38689] Server healthy check fail, currentConnection = 1703395815224_144.48.139.118_13840
14:56:00:256  INFO 6108 --- [com.alibaba.nacos.client.remote.worker] com.alibaba.nacos.common.remote.client   : [b4cab622-f1e8-4fd4-b338-ba5628d38689] Try to reconnect to a new server, server is  not appointed, will choose a random server.
14:56:03:271 ERROR 6108 --- [com.alibaba.nacos.client.remote.worker] c.a.n.c.remote.client.grpc.GrpcClient    : Server check fail, please check server 43.133.192.187 ,port 9848 is available , error ={}

java.util.concurrent.TimeoutException: Waited 3000 milliseconds (plus 13 milliseconds, 617900 nanoseconds delay) for com.alibaba.nacos.shaded.io.grpc.stub.ClientCalls$GrpcFuture@230a3e80[status=PENDING, info=[GrpcFuture{clientCall={delegate={delegate=ClientCallImpl{method=MethodDescriptor{fullMethodName=Request/request, type=UNARY, idempotent=false, safe=false, sampledToLocalTracing=true, requestMarshaller=com.alibaba.nacos.shaded.io.grpc.protobuf.lite.ProtoLiteUtils$MessageMarshaller@32e81bc2, responseMarshaller=com.alibaba.nacos.shaded.io.grpc.protobuf.lite.ProtoLiteUtils$MessageMarshaller@7c6fe7f4, schemaDescriptor=com.alibaba.nacos.api.grpc.auto.RequestGrpc$RequestMethodDescriptorSupplier@11e2c22a}}}}}]]
	at com.alibaba.nacos.shaded.com.google.common.util.concurrent.AbstractFuture.get(AbstractFuture.java:508) ~[nacos-client-2.0.4.jar:na]
	at com.alibaba.nacos.common.remote.client.grpc.GrpcClient.serverCheck(GrpcClient.java:148) ~[nacos-client-2.0.4.jar:na]
	at com.alibaba.nacos.common.remote.client.grpc.GrpcClient.connectToServer(GrpcClient.java:264) ~[nacos-client-2.0.4.jar:na]
	at com.alibaba.nacos.common.remote.client.RpcClient.reconnect(RpcClient.java:522) ~[nacos-client-2.0.4.jar:na]
	at com.alibaba.nacos.common.remote.client.RpcClient.lambda$start$2(RpcClient.java:370) ~[nacos-client-2.0.4.jar:na]
	at java.base/java.util.concurrent.Executors$RunnableAdapter.call(Executors.java:515) ~[na:na]
	at java.base/java.util.concurrent.FutureTask.run(FutureTask.java:264) ~[na:na]
	at java.base/java.util.concurrent.ScheduledThreadPoolExecutor$ScheduledFutureTask.run(ScheduledThreadPoolExecutor.java:304) ~[na:na]
	at java.base/java.util.concurrent.ThreadPoolExecutor.runWorker(ThreadPoolExecutor.java:1128) ~[na:na]
	at java.base/java.util.concurrent.ThreadPoolExecutor$Worker.run(ThreadPoolExecutor.java:628) ~[na:na]
	at java.base/java.lang.Thread.run(Thread.java:834) ~[na:na]

14:56:06:388 ERROR 6108 --- [com.alibaba.nacos.client.remote.worker] c.a.n.c.remote.client.grpc.GrpcClient    : Server check fail, please check server 43.133.192.187 ,port 9848 is available , error ={}

java.util.concurrent.TimeoutException: Waited 3000 milliseconds (plus 6 milliseconds, 49000 nanoseconds delay) for com.alibaba.nacos.shaded.io.grpc.stub.ClientCalls$GrpcFuture@3417d73a[status=PENDING, info=[GrpcFuture{clientCall={delegate={delegate=ClientCallImpl{method=MethodDescriptor{fullMethodName=Request/request, type=UNARY, idempotent=false, safe=false, sampledToLocalTracing=true, requestMarshaller=com.alibaba.nacos.shaded.io.grpc.protobuf.lite.ProtoLiteUtils$MessageMarshaller@32e81bc2, responseMarshaller=com.alibaba.nacos.shaded.io.grpc.protobuf.lite.ProtoLiteUtils$MessageMarshaller@7c6fe7f4, schemaDescriptor=com.alibaba.nacos.api.grpc.auto.RequestGrpc$RequestMethodDescriptorSupplier@11e2c22a}}}}}]]
	at com.alibaba.nacos.shaded.com.google.common.util.concurrent.AbstractFuture.get(AbstractFuture.java:508) ~[nacos-client-2.0.4.jar:na]
	at com.alibaba.nacos.common.remote.client.grpc.GrpcClient.serverCheck(GrpcClient.java:148) ~[nacos-client-2.0.4.jar:na]
	at com.alibaba.nacos.common.remote.client.grpc.GrpcClient.connectToServer(GrpcClient.java:264) ~[nacos-client-2.0.4.jar:na]
	at com.alibaba.nacos.common.remote.client.RpcClient.reconnect(RpcClient.java:522) ~[nacos-client-2.0.4.jar:na]
	at com.alibaba.nacos.common.remote.client.RpcClient.lambda$start$2(RpcClient.java:370) ~[nacos-client-2.0.4.jar:na]
	at java.base/java.util.concurrent.Executors$RunnableAdapter.call(Executors.java:515) ~[na:na]
	at java.base/java.util.concurrent.FutureTask.run(FutureTask.java:264) ~[na:na]
	at java.base/java.util.concurrent.ScheduledThreadPoolExecutor$ScheduledFutureTask.run(ScheduledThreadPoolExecutor.java:304) ~[na:na]
	at java.base/java.util.concurrent.ThreadPoolExecutor.runWorker(ThreadPoolExecutor.java:1128) ~[na:na]
	at java.base/java.util.concurrent.ThreadPoolExecutor$Worker.run(ThreadPoolExecutor.java:628) ~[na:na]
	at java.base/java.lang.Thread.run(Thread.java:834) ~[na:na]

14:56:06:390  INFO 6108 --- [com.alibaba.nacos.client.remote.worker] com.alibaba.nacos.common.remote.client   : [b4cab622-f1e8-4fd4-b338-ba5628d38689] Fail to connect server, after trying 1 times, last try server is {serverIp = '43.133.192.187', server main port = 8848}, error = unknown
14:56:09:608 ERROR 6108 --- [com.alibaba.nacos.client.remote.worker] c.a.n.c.remote.client.grpc.GrpcClient    : Server check fail, please check server 43.133.192.187 ,port 9848 is available , error ={}

java.util.concurrent.TimeoutException: Waited 3000 milliseconds (plus 14 milliseconds, 788300 nanoseconds delay) for com.alibaba.nacos.shaded.io.grpc.stub.ClientCalls$GrpcFuture@5b480b04[status=PENDING, info=[GrpcFuture{clientCall={delegate={delegate=ClientCallImpl{method=MethodDescriptor{fullMethodName=Request/request, type=UNARY, idempotent=false, safe=false, sampledToLocalTracing=true, requestMarshaller=com.alibaba.nacos.shaded.io.grpc.protobuf.lite.ProtoLiteUtils$MessageMarshaller@32e81bc2, responseMarshaller=com.alibaba.nacos.shaded.io.grpc.protobuf.lite.ProtoLiteUtils$MessageMarshaller@7c6fe7f4, schemaDescriptor=com.alibaba.nacos.api.grpc.auto.RequestGrpc$RequestMethodDescriptorSupplier@11e2c22a}}}}}]]
	at com.alibaba.nacos.shaded.com.google.common.util.concurrent.AbstractFuture.get(AbstractFuture.java:508) ~[nacos-client-2.0.4.jar:na]
	at com.alibaba.nacos.common.remote.client.grpc.GrpcClient.serverCheck(GrpcClient.java:148) ~[nacos-client-2.0.4.jar:na]
	at com.alibaba.nacos.common.remote.client.grpc.GrpcClient.connectToServer(GrpcClient.java:264) ~[nacos-client-2.0.4.jar:na]
	at com.alibaba.nacos.common.remote.client.RpcClient.reconnect(RpcClient.java:522) ~[nacos-client-2.0.4.jar:na]
	at com.alibaba.nacos.common.remote.client.RpcClient.lambda$start$2(RpcClient.java:370) ~[nacos-client-2.0.4.jar:na]
	at java.base/java.util.concurrent.Executors$RunnableAdapter.call(Executors.java:515) ~[na:na]
	at java.base/java.util.concurrent.FutureTask.run(FutureTask.java:264) ~[na:na]
	at java.base/java.util.concurrent.ScheduledThreadPoolExecutor$ScheduledFutureTask.run(ScheduledThreadPoolExecutor.java:304) ~[na:na]
	at java.base/java.util.concurrent.ThreadPoolExecutor.runWorker(ThreadPoolExecutor.java:1128) ~[na:na]
	at java.base/java.util.concurrent.ThreadPoolExecutor$Worker.run(ThreadPoolExecutor.java:628) ~[na:na]
	at java.base/java.lang.Thread.run(Thread.java:834) ~[na:na]

14:56:09:609  INFO 6108 --- [com.alibaba.nacos.client.remote.worker] com.alibaba.nacos.common.remote.client   : [b4cab622-f1e8-4fd4-b338-ba5628d38689] Fail to connect server, after trying 2 times, last try server is {serverIp = '43.133.192.187', server main port = 8848}, error = unknown
14:56:10:405  INFO 6108 --- [com.alibaba.nacos.client.remote.worker] com.alibaba.nacos.common.remote.client   : [b4cab622-f1e8-4fd4-b338-ba5628d38689] Success to connect a server [43.133.192.187:8848], connectionId = 1703404570383_144.48.139.118_13050
14:56:10:405  INFO 6108 --- [com.alibaba.nacos.client.remote.worker] com.alibaba.nacos.common.remote.client   : [b4cab622-f1e8-4fd4-b338-ba5628d38689] Abandon prev connection, server is 43.133.192.187:8848, connectionId is 1703395815224_144.48.139.118_13840
14:56:10:405  INFO 6108 --- [com.alibaba.nacos.client.remote.worker] com.alibaba.nacos.common.remote.client   : Close current connection 1703395815224_144.48.139.118_13840
14:56:10:405  INFO 6108 --- [com.alibaba.nacos.client.remote.worker] com.alibaba.nacos.common.remote.client   : [b4cab622-f1e8-4fd4-b338-ba5628d38689] Notify disconnected event to listeners
14:56:10:405  INFO 6108 --- [com.alibaba.nacos.client.remote.worker] com.alibaba.nacos.common.remote.client   : [b4cab622-f1e8-4fd4-b338-ba5628d38689] Notify connected event to listeners.
14:56:10:405  WARN 6108 --- [nacos-grpc-client-executor-7479] c.a.n.c.remote.client.grpc.GrpcClient    : [1703395815224_144.48.139.118_13840]Ignore error event,isRunning:true,isAbandon=true
14:56:13:472  INFO 6108 --- [nacos-grpc-client-executor-7483] com.alibaba.nacos.common.remote.client   : [b4cab622-f1e8-4fd4-b338-ba5628d38689] Receive server push request, request = NotifySubscriberRequest, requestId = 224
14:56:13:472  INFO 6108 --- [nacos-grpc-client-executor-7483] com.alibaba.nacos.common.remote.client   : [b4cab622-f1e8-4fd4-b338-ba5628d38689] Ack server push request, request = NotifySubscriberRequest, requestId = 224
14:56:16:972  INFO 6108 --- [nacos-grpc-client-executor-7484] com.alibaba.nacos.common.remote.client   : [b4cab622-f1e8-4fd4-b338-ba5628d38689] Receive server push request, request = NotifySubscriberRequest, requestId = 237
14:56:16:972  INFO 6108 --- [nacos-grpc-client-executor-7484] com.alibaba.nacos.common.remote.client   : [b4cab622-f1e8-4fd4-b338-ba5628d38689] Ack server push request, request = NotifySubscriberRequest, requestId = 237
14:58:40:943  INFO 6108 --- [com.alibaba.nacos.client.remote.worker] com.alibaba.nacos.common.remote.client   : [b4cab622-f1e8-4fd4-b338-ba5628d38689] Server healthy check fail, currentConnection = 1703404570383_144.48.139.118_13050
14:58:40:943  INFO 6108 --- [com.alibaba.nacos.client.remote.worker] com.alibaba.nacos.common.remote.client   : [b4cab622-f1e8-4fd4-b338-ba5628d38689] Try to reconnect to a new server, server is  not appointed, will choose a random server.
14:58:42:519 ERROR 6108 --- [com.alibaba.nacos.client.naming.updater.0] com.alibaba.nacos.common.remote.client   : Send request fail, request = ServiceQueryRequest{headers={app=unknown}, requestId='null'}, retryTimes = 0, errorMessage = Client not connected, current status:UNHEALTHY
14:58:42:629 ERROR 6108 --- [com.alibaba.nacos.client.naming.updater.0] com.alibaba.nacos.common.remote.client   : Send request fail, request = ServiceQueryRequest{headers={app=unknown}, requestId='null'}, retryTimes = 1, errorMessage = Client not connected, current status:UNHEALTHY
14:58:42:738 ERROR 6108 --- [com.alibaba.nacos.client.naming.updater.0] com.alibaba.nacos.common.remote.client   : Send request fail, request = ServiceQueryRequest{headers={app=unknown}, requestId='null'}, retryTimes = 2, errorMessage = Client not connected, current status:UNHEALTHY
14:58:43:954 ERROR 6108 --- [com.alibaba.nacos.client.remote.worker] c.a.n.c.remote.client.grpc.GrpcClient    : Server check fail, please check server 43.133.192.187 ,port 9848 is available , error ={}

java.util.concurrent.TimeoutException: Waited 3000 milliseconds (plus 8 milliseconds, 501800 nanoseconds delay) for com.alibaba.nacos.shaded.io.grpc.stub.ClientCalls$GrpcFuture@35a2d6a6[status=PENDING, info=[GrpcFuture{clientCall={delegate={delegate=ClientCallImpl{method=MethodDescriptor{fullMethodName=Request/request, type=UNARY, idempotent=false, safe=false, sampledToLocalTracing=true, requestMarshaller=com.alibaba.nacos.shaded.io.grpc.protobuf.lite.ProtoLiteUtils$MessageMarshaller@32e81bc2, responseMarshaller=com.alibaba.nacos.shaded.io.grpc.protobuf.lite.ProtoLiteUtils$MessageMarshaller@7c6fe7f4, schemaDescriptor=com.alibaba.nacos.api.grpc.auto.RequestGrpc$RequestMethodDescriptorSupplier@11e2c22a}}}}}]]
	at com.alibaba.nacos.shaded.com.google.common.util.concurrent.AbstractFuture.get(AbstractFuture.java:508) ~[nacos-client-2.0.4.jar:na]
	at com.alibaba.nacos.common.remote.client.grpc.GrpcClient.serverCheck(GrpcClient.java:148) ~[nacos-client-2.0.4.jar:na]
	at com.alibaba.nacos.common.remote.client.grpc.GrpcClient.connectToServer(GrpcClient.java:264) ~[nacos-client-2.0.4.jar:na]
	at com.alibaba.nacos.common.remote.client.RpcClient.reconnect(RpcClient.java:522) ~[nacos-client-2.0.4.jar:na]
	at com.alibaba.nacos.common.remote.client.RpcClient.lambda$start$2(RpcClient.java:370) ~[nacos-client-2.0.4.jar:na]
	at java.base/java.util.concurrent.Executors$RunnableAdapter.call(Executors.java:515) ~[na:na]
	at java.base/java.util.concurrent.FutureTask.run(FutureTask.java:264) ~[na:na]
	at java.base/java.util.concurrent.ScheduledThreadPoolExecutor$ScheduledFutureTask.run(ScheduledThreadPoolExecutor.java:304) ~[na:na]
	at java.base/java.util.concurrent.ThreadPoolExecutor.runWorker(ThreadPoolExecutor.java:1128) ~[na:na]
	at java.base/java.util.concurrent.ThreadPoolExecutor$Worker.run(ThreadPoolExecutor.java:628) ~[na:na]
	at java.base/java.lang.Thread.run(Thread.java:834) ~[na:na]

14:58:44:453  INFO 6108 --- [com.alibaba.nacos.client.remote.worker] com.alibaba.nacos.common.remote.client   : [b4cab622-f1e8-4fd4-b338-ba5628d38689] Success to connect a server [43.133.192.187:8848], connectionId = 1703404724489_144.48.139.118_13191
14:58:44:453  INFO 6108 --- [com.alibaba.nacos.client.remote.worker] com.alibaba.nacos.common.remote.client   : [b4cab622-f1e8-4fd4-b338-ba5628d38689] Abandon prev connection, server is 43.133.192.187:8848, connectionId is 1703404570383_144.48.139.118_13050
14:58:44:453  INFO 6108 --- [com.alibaba.nacos.client.remote.worker] com.alibaba.nacos.common.remote.client   : Close current connection 1703404570383_144.48.139.118_13050
14:58:44:454  INFO 6108 --- [com.alibaba.nacos.client.remote.worker] com.alibaba.nacos.common.remote.client   : [b4cab622-f1e8-4fd4-b338-ba5628d38689] Notify disconnected event to listeners
14:58:44:455  INFO 6108 --- [com.alibaba.nacos.client.remote.worker] com.alibaba.nacos.common.remote.client   : [b4cab622-f1e8-4fd4-b338-ba5628d38689] Notify connected event to listeners.
14:58:44:455  WARN 6108 --- [nacos-grpc-client-executor-7515] c.a.n.c.remote.client.grpc.GrpcClient    : [1703404570383_144.48.139.118_13050]Ignore error event,isRunning:true,isAbandon=true
14:58:47:008  INFO 6108 --- [nacos-grpc-client-executor-7520] com.alibaba.nacos.common.remote.client   : [b4cab622-f1e8-4fd4-b338-ba5628d38689] Receive server push request, request = NotifySubscriberRequest, requestId = 243
14:58:47:008  INFO 6108 --- [nacos-grpc-client-executor-7520] com.alibaba.nacos.common.remote.client   : [b4cab622-f1e8-4fd4-b338-ba5628d38689] Ack server push request, request = NotifySubscriberRequest, requestId = 243
14:59:18:110  WARN 6108 --- [Thread-4] c.a.nacos.common.notify.NotifyCenter     : [NotifyCenter] Start destroying Publisher
14:59:18:110  WARN 6108 --- [Thread-4] c.a.nacos.common.notify.NotifyCenter     : [NotifyCenter] Destruction of the end
14:59:18:110  WARN 6108 --- [Thread-7] c.a.n.common.http.HttpClientBeanHolder   : [HttpClientBeanHolder] Start destroying common HttpClient
14:59:18:112  WARN 6108 --- [Thread-7] c.a.n.common.http.HttpClientBeanHolder   : [HttpClientBeanHolder] Destruction of the end
14:59:18:852  INFO 6108 --- [SpringApplicationShutdownHook] c.a.c.n.registry.NacosServiceRegistry    : De-registering from Nacos Server now...
14:59:18:947  INFO 6108 --- [SpringApplicationShutdownHook] c.a.c.n.registry.NacosServiceRegistry    : De-registration finished.
14:59:19:279  INFO 6108 --- [SpringApplicationShutdownHook] com.alibaba.nacos.common.remote.client   : Shutdown rpc client, set status to shutdown
14:59:19:279  INFO 6108 --- [SpringApplicationShutdownHook] com.alibaba.nacos.common.remote.client   : Shutdown client event executor java.util.concurrent.ScheduledThreadPoolExecutor@1335d346[Running, pool size = 2, active threads = 2, queued tasks = 0, completed tasks = 0]
14:59:19:279  INFO 6108 --- [SpringApplicationShutdownHook] com.alibaba.nacos.common.remote.client   : Close current connection 1703404724489_144.48.139.118_13191
14:59:19:282  INFO 6108 --- [SpringApplicationShutdownHook] c.a.n.c.remote.client.grpc.GrpcClient    : Shutdown grpc executor java.util.concurrent.ThreadPoolExecutor@4516f772[Running, pool size = 4, active threads = 0, queued tasks = 0, completed tasks = 7528]
14:59:19:282  WARN 6108 --- [nacos-grpc-client-executor-7528] c.a.n.c.remote.client.grpc.GrpcClient    : [1703404724489_144.48.139.118_13191]Ignore error event,isRunning:false,isAbandon=false
14:59:19:288  INFO 6108 --- [SpringApplicationShutdownHook] com.zaxxer.hikari.HikariDataSource       : HikariPool-1 - Shutdown initiated...
14:59:20:210  INFO 6108 --- [SpringApplicationShutdownHook] com.zaxxer.hikari.HikariDataSource       : HikariPool-1 - Shutdown completed.
14:59:30:067  INFO 8976 --- [main] com.hmall.user.UserApplication           : Starting UserApplication using Java 11.0.12 on DESKTOP-RLHUNOD with PID 8976 (F:\notes\SpringCloud\codes\hmall\user-service\target\classes started by jinlin in F:\notes\SpringCloud\codes\hmall)
14:59:30:070 DEBUG 8976 --- [main] com.hmall.user.UserApplication           : Running with Spring Boot v2.7.12, Spring v5.3.27
14:59:30:071  INFO 8976 --- [main] com.hmall.user.UserApplication           : The following 1 profile is active: "local"
14:59:31:789  INFO 8976 --- [main] o.s.cloud.context.scope.GenericScope     : BeanFactory id=fbd397f9-3cce-33d9-88d7-6c3baf354688
14:59:32:395  INFO 8976 --- [main] o.s.b.w.embedded.tomcat.TomcatWebServer  : Tomcat initialized with port(s): 8084 (http)
14:59:32:414  INFO 8976 --- [main] o.apache.catalina.core.StandardService   : Starting service [Tomcat]
14:59:32:414  INFO 8976 --- [main] org.apache.catalina.core.StandardEngine  : Starting Servlet engine: [Apache Tomcat/9.0.75]
14:59:32:727  INFO 8976 --- [main] o.a.c.c.C.[Tomcat].[localhost].[/]       : Initializing Spring embedded WebApplicationContext
14:59:32:727  INFO 8976 --- [main] w.s.c.ServletWebServerApplicationContext : Root WebApplicationContext: initialization completed in 2595 ms
14:59:36:342  INFO 8976 --- [main] pertySourcedRequestMappingHandlerMapping : Mapped URL path [/v2/api-docs] onto method [springfox.documentation.swagger2.web.Swagger2ControllerWebMvc#getDocumentation(String, HttpServletRequest)]
14:59:37:871  INFO 8976 --- [main] com.alibaba.nacos.common.remote.client   : [RpcClientFactory] create a new rpc client of c155c405-a07c-4fcd-8ea5-85a0ace91207
14:59:37:948  INFO 8976 --- [main] org.reflections.Reflections              : Reflections took 42 ms to scan 1 urls, producing 3 keys and 6 values 
14:59:37:996  INFO 8976 --- [main] org.reflections.Reflections              : Reflections took 20 ms to scan 1 urls, producing 4 keys and 9 values 
14:59:38:012  INFO 8976 --- [main] org.reflections.Reflections              : Reflections took 11 ms to scan 1 urls, producing 3 keys and 10 values 
14:59:38:020  WARN 8976 --- [main] org.reflections.Reflections              : given scan urls are empty. set urls in the configuration
14:59:38:036  INFO 8976 --- [main] org.reflections.Reflections              : Reflections took 14 ms to scan 1 urls, producing 1 keys and 5 values 
14:59:38:056  INFO 8976 --- [main] org.reflections.Reflections              : Reflections took 16 ms to scan 1 urls, producing 1 keys and 7 values 
14:59:38:075  INFO 8976 --- [main] org.reflections.Reflections              : Reflections took 15 ms to scan 1 urls, producing 2 keys and 8 values 
14:59:38:080  WARN 8976 --- [main] org.reflections.Reflections              : given scan urls are empty. set urls in the configuration
14:59:38:081  INFO 8976 --- [main] com.alibaba.nacos.common.remote.client   : [c155c405-a07c-4fcd-8ea5-85a0ace91207] RpcClient init label, labels = {module=naming, source=sdk}
14:59:38:085  INFO 8976 --- [main] com.alibaba.nacos.common.remote.client   : [c155c405-a07c-4fcd-8ea5-85a0ace91207] RpcClient init, ServerListFactory = com.alibaba.nacos.client.naming.core.ServerListManager
14:59:38:085  INFO 8976 --- [main] com.alibaba.nacos.common.remote.client   : [c155c405-a07c-4fcd-8ea5-85a0ace91207] Registry connection listener to current client:com.alibaba.nacos.client.naming.remote.gprc.redo.NamingGrpcRedoService
14:59:38:086  INFO 8976 --- [main] com.alibaba.nacos.common.remote.client   : [c155c405-a07c-4fcd-8ea5-85a0ace91207] Register server push request handler:com.alibaba.nacos.client.naming.remote.gprc.NamingPushRequestHandler
14:59:38:089  INFO 8976 --- [main] com.alibaba.nacos.common.remote.client   : [c155c405-a07c-4fcd-8ea5-85a0ace91207] Try to connect to server on start up, server: {serverIp = '43.133.192.187', server main port = 8848}
14:59:42:552 ERROR 8976 --- [main] c.a.n.c.remote.client.grpc.GrpcClient    : Server check fail, please check server 43.133.192.187 ,port 9848 is available , error ={}

java.util.concurrent.TimeoutException: Waited 3000 milliseconds (plus 15 milliseconds, 775000 nanoseconds delay) for com.alibaba.nacos.shaded.io.grpc.stub.ClientCalls$GrpcFuture@6d41200c[status=PENDING, info=[GrpcFuture{clientCall={delegate={delegate=ClientCallImpl{method=MethodDescriptor{fullMethodName=Request/request, type=UNARY, idempotent=false, safe=false, sampledToLocalTracing=true, requestMarshaller=com.alibaba.nacos.shaded.io.grpc.protobuf.lite.ProtoLiteUtils$MessageMarshaller@58e7f930, responseMarshaller=com.alibaba.nacos.shaded.io.grpc.protobuf.lite.ProtoLiteUtils$MessageMarshaller@406808eb, schemaDescriptor=com.alibaba.nacos.api.grpc.auto.RequestGrpc$RequestMethodDescriptorSupplier@14e93c46}}}}}]]
	at com.alibaba.nacos.shaded.com.google.common.util.concurrent.AbstractFuture.get(AbstractFuture.java:508) ~[nacos-client-2.0.4.jar:na]
	at com.alibaba.nacos.common.remote.client.grpc.GrpcClient.serverCheck(GrpcClient.java:148) ~[nacos-client-2.0.4.jar:na]
	at com.alibaba.nacos.common.remote.client.grpc.GrpcClient.connectToServer(GrpcClient.java:264) ~[nacos-client-2.0.4.jar:na]
	at com.alibaba.nacos.common.remote.client.RpcClient.start(RpcClient.java:390) ~[nacos-client-2.0.4.jar:na]
	at com.alibaba.nacos.client.naming.remote.gprc.NamingGrpcClientProxy.start(NamingGrpcClientProxy.java:96) ~[nacos-client-2.0.4.jar:na]
	at com.alibaba.nacos.client.naming.remote.gprc.NamingGrpcClientProxy.<init>(NamingGrpcClientProxy.java:89) ~[nacos-client-2.0.4.jar:na]
	at com.alibaba.nacos.client.naming.remote.NamingClientProxyDelegate.<init>(NamingClientProxyDelegate.java:76) ~[nacos-client-2.0.4.jar:na]
	at com.alibaba.nacos.client.naming.NacosNamingService.init(NacosNamingService.java:95) ~[nacos-client-2.0.4.jar:na]
	at com.alibaba.nacos.client.naming.NacosNamingService.<init>(NacosNamingService.java:81) ~[nacos-client-2.0.4.jar:na]
	at java.base/jdk.internal.reflect.NativeConstructorAccessorImpl.newInstance0(Native Method) ~[na:na]
	at java.base/jdk.internal.reflect.NativeConstructorAccessorImpl.newInstance(NativeConstructorAccessorImpl.java:62) ~[na:na]
	at java.base/jdk.internal.reflect.DelegatingConstructorAccessorImpl.newInstance(DelegatingConstructorAccessorImpl.java:45) ~[na:na]
	at java.base/java.lang.reflect.Constructor.newInstance(Constructor.java:490) ~[na:na]
	at com.alibaba.nacos.api.naming.NamingFactory.createNamingService(NamingFactory.java:59) ~[nacos-client-2.0.4.jar:na]
	at com.alibaba.nacos.api.NacosFactory.createNamingService(NacosFactory.java:77) ~[nacos-client-2.0.4.jar:na]
	at com.alibaba.cloud.nacos.NacosServiceManager.createNewNamingService(NacosServiceManager.java:99) ~[spring-cloud-starter-alibaba-nacos-discovery-2021.0.4.0.jar:2021.0.4.0]
	at com.alibaba.cloud.nacos.NacosServiceManager.buildNamingService(NacosServiceManager.java:90) ~[spring-cloud-starter-alibaba-nacos-discovery-2021.0.4.0.jar:2021.0.4.0]
	at com.alibaba.cloud.nacos.NacosServiceManager.getNamingService(NacosServiceManager.java:46) ~[spring-cloud-starter-alibaba-nacos-discovery-2021.0.4.0.jar:2021.0.4.0]
	at com.alibaba.cloud.nacos.discovery.NacosWatch.start(NacosWatch.java:130) ~[spring-cloud-starter-alibaba-nacos-discovery-2021.0.4.0.jar:2021.0.4.0]
	at org.springframework.context.support.DefaultLifecycleProcessor.doStart(DefaultLifecycleProcessor.java:178) ~[spring-context-5.3.27.jar:5.3.27]
	at org.springframework.context.support.DefaultLifecycleProcessor.access$200(DefaultLifecycleProcessor.java:54) ~[spring-context-5.3.27.jar:5.3.27]
	at org.springframework.context.support.DefaultLifecycleProcessor$LifecycleGroup.start(DefaultLifecycleProcessor.java:356) ~[spring-context-5.3.27.jar:5.3.27]
	at java.base/java.lang.Iterable.forEach(Iterable.java:75) ~[na:na]
	at org.springframework.context.support.DefaultLifecycleProcessor.startBeans(DefaultLifecycleProcessor.java:155) ~[spring-context-5.3.27.jar:5.3.27]
	at org.springframework.context.support.DefaultLifecycleProcessor.onRefresh(DefaultLifecycleProcessor.java:123) ~[spring-context-5.3.27.jar:5.3.27]
	at org.springframework.context.support.AbstractApplicationContext.finishRefresh(AbstractApplicationContext.java:937) ~[spring-context-5.3.27.jar:5.3.27]
	at org.springframework.context.support.AbstractApplicationContext.refresh(AbstractApplicationContext.java:586) ~[spring-context-5.3.27.jar:5.3.27]
	at org.springframework.boot.web.servlet.context.ServletWebServerApplicationContext.refresh(ServletWebServerApplicationContext.java:147) ~[spring-boot-2.7.12.jar:2.7.12]
	at org.springframework.boot.SpringApplication.refresh(SpringApplication.java:731) ~[spring-boot-2.7.12.jar:2.7.12]
	at org.springframework.boot.SpringApplication.refreshContext(SpringApplication.java:408) ~[spring-boot-2.7.12.jar:2.7.12]
	at org.springframework.boot.SpringApplication.run(SpringApplication.java:307) ~[spring-boot-2.7.12.jar:2.7.12]
	at org.springframework.boot.SpringApplication.run(SpringApplication.java:1303) ~[spring-boot-2.7.12.jar:2.7.12]
	at org.springframework.boot.SpringApplication.run(SpringApplication.java:1292) ~[spring-boot-2.7.12.jar:2.7.12]
	at com.hmall.user.UserApplication.main(UserApplication.java:12) ~[classes/:na]

14:59:42:569  INFO 8976 --- [main] com.alibaba.nacos.common.remote.client   : [c155c405-a07c-4fcd-8ea5-85a0ace91207] Try to connect to server on start up, server: {serverIp = '43.133.192.187', server main port = 8848}
14:59:43:141  INFO 8976 --- [main] com.alibaba.nacos.common.remote.client   : [c155c405-a07c-4fcd-8ea5-85a0ace91207] Success to connect to server [43.133.192.187:8848] on start up, connectionId = 1703404783046_144.48.139.118_13436
14:59:43:142  INFO 8976 --- [com.alibaba.nacos.client.remote.worker] com.alibaba.nacos.common.remote.client   : [c155c405-a07c-4fcd-8ea5-85a0ace91207] Notify connected event to listeners.
14:59:43:143  INFO 8976 --- [main] com.alibaba.nacos.common.remote.client   : [c155c405-a07c-4fcd-8ea5-85a0ace91207] Register server push request handler:com.alibaba.nacos.common.remote.client.RpcClient$ConnectResetRequestHandler
14:59:43:144  INFO 8976 --- [main] com.alibaba.nacos.common.remote.client   : [c155c405-a07c-4fcd-8ea5-85a0ace91207] Register server push request handler:com.alibaba.nacos.common.remote.client.RpcClient$$Lambda$966/0x0000000800753040
14:59:43:333  INFO 8976 --- [main] o.s.b.w.embedded.tomcat.TomcatWebServer  : Tomcat started on port(s): 8084 (http) with context path ''
14:59:43:454  INFO 8976 --- [main] c.a.c.n.registry.NacosServiceRegistry    : nacos registry, DEFAULT_GROUP user-service 192.168.0.111:8084 register finished
14:59:43:791  INFO 8976 --- [nacos-grpc-client-executor-8] com.alibaba.nacos.common.remote.client   : [c155c405-a07c-4fcd-8ea5-85a0ace91207] Receive server push request, request = NotifySubscriberRequest, requestId = 252
14:59:43:797  INFO 8976 --- [nacos-grpc-client-executor-8] com.alibaba.nacos.common.remote.client   : [c155c405-a07c-4fcd-8ea5-85a0ace91207] Ack server push request, request = NotifySubscriberRequest, requestId = 252
14:59:44:322  INFO 8976 --- [main] d.s.w.p.DocumentationPluginsBootstrapper : Documentation plugins bootstrapped
14:59:44:328  INFO 8976 --- [main] d.s.w.p.DocumentationPluginsBootstrapper : Found 1 custom documentation plugin(s)
14:59:44:370  INFO 8976 --- [main] s.d.s.w.s.ApiListingReferenceScanner     : Scanning for api listing references
14:59:44:555  INFO 8976 --- [main] com.hmall.user.UserApplication           : Started UserApplication in 16.017 seconds (JVM running for 17.467)
15:01:18:635  INFO 8976 --- [http-nio-8084-exec-1] o.a.c.c.C.[Tomcat].[localhost].[/]       : Initializing Spring DispatcherServlet 'dispatcherServlet'
15:01:18:635  INFO 8976 --- [http-nio-8084-exec-1] o.s.web.servlet.DispatcherServlet        : Initializing Servlet 'dispatcherServlet'
15:01:18:636  INFO 8976 --- [http-nio-8084-exec-1] o.s.web.servlet.DispatcherServlet        : Completed initialization in 1 ms
15:01:18:801  INFO 8976 --- [http-nio-8084-exec-1] com.zaxxer.hikari.HikariDataSource       : HikariPool-1 - Starting...
15:01:20:415  INFO 8976 --- [http-nio-8084-exec-1] com.zaxxer.hikari.HikariDataSource       : HikariPool-1 - Start completed.
15:01:20:422 DEBUG 8976 --- [http-nio-8084-exec-1] c.h.user.mapper.UserMapper.selectList    : ==>  Preparing: SELECT id,username,password,phone,create_time,update_time,status,balance FROM user WHERE (username = ?)
15:01:20:443 DEBUG 8976 --- [http-nio-8084-exec-1] c.h.user.mapper.UserMapper.selectList    : ==> Parameters: jack(String)
15:01:20:560 DEBUG 8976 --- [http-nio-8084-exec-1] c.h.user.mapper.UserMapper.selectList    : <==      Total: 1
15:01:28:014  INFO 8976 --- [com.alibaba.nacos.client.remote.worker] com.alibaba.nacos.common.remote.client   : [c155c405-a07c-4fcd-8ea5-85a0ace91207] Server healthy check fail, currentConnection = 1703404783046_144.48.139.118_13436
15:01:28:016  INFO 8976 --- [com.alibaba.nacos.client.remote.worker] com.alibaba.nacos.common.remote.client   : [c155c405-a07c-4fcd-8ea5-85a0ace91207] Try to reconnect to a new server, server is  not appointed, will choose a random server.
15:01:31:027 ERROR 8976 --- [com.alibaba.nacos.client.remote.worker] c.a.n.c.remote.client.grpc.GrpcClient    : Server check fail, please check server 43.133.192.187 ,port 9848 is available , error ={}

java.util.concurrent.TimeoutException: Waited 3000 milliseconds (plus 8 milliseconds, 107800 nanoseconds delay) for com.alibaba.nacos.shaded.io.grpc.stub.ClientCalls$GrpcFuture@7cd7825f[status=PENDING, info=[GrpcFuture{clientCall={delegate={delegate=ClientCallImpl{method=MethodDescriptor{fullMethodName=Request/request, type=UNARY, idempotent=false, safe=false, sampledToLocalTracing=true, requestMarshaller=com.alibaba.nacos.shaded.io.grpc.protobuf.lite.ProtoLiteUtils$MessageMarshaller@58e7f930, responseMarshaller=com.alibaba.nacos.shaded.io.grpc.protobuf.lite.ProtoLiteUtils$MessageMarshaller@406808eb, schemaDescriptor=com.alibaba.nacos.api.grpc.auto.RequestGrpc$RequestMethodDescriptorSupplier@14e93c46}}}}}]]
	at com.alibaba.nacos.shaded.com.google.common.util.concurrent.AbstractFuture.get(AbstractFuture.java:508) ~[nacos-client-2.0.4.jar:na]
	at com.alibaba.nacos.common.remote.client.grpc.GrpcClient.serverCheck(GrpcClient.java:148) ~[nacos-client-2.0.4.jar:na]
	at com.alibaba.nacos.common.remote.client.grpc.GrpcClient.connectToServer(GrpcClient.java:264) ~[nacos-client-2.0.4.jar:na]
	at com.alibaba.nacos.common.remote.client.RpcClient.reconnect(RpcClient.java:522) ~[nacos-client-2.0.4.jar:na]
	at com.alibaba.nacos.common.remote.client.RpcClient.lambda$start$2(RpcClient.java:370) ~[nacos-client-2.0.4.jar:na]
	at java.base/java.util.concurrent.Executors$RunnableAdapter.call(Executors.java:515) ~[na:na]
	at java.base/java.util.concurrent.FutureTask.run(FutureTask.java:264) ~[na:na]
	at java.base/java.util.concurrent.ScheduledThreadPoolExecutor$ScheduledFutureTask.run(ScheduledThreadPoolExecutor.java:304) ~[na:na]
	at java.base/java.util.concurrent.ThreadPoolExecutor.runWorker(ThreadPoolExecutor.java:1128) ~[na:na]
	at java.base/java.util.concurrent.ThreadPoolExecutor$Worker.run(ThreadPoolExecutor.java:628) ~[na:na]
	at java.base/java.lang.Thread.run(Thread.java:834) ~[na:na]

15:01:34:141 ERROR 8976 --- [com.alibaba.nacos.client.remote.worker] c.a.n.c.remote.client.grpc.GrpcClient    : Server check fail, please check server 43.133.192.187 ,port 9848 is available , error ={}

java.util.concurrent.TimeoutException: Waited 3000 milliseconds (plus 3 milliseconds, 98300 nanoseconds delay) for com.alibaba.nacos.shaded.io.grpc.stub.ClientCalls$GrpcFuture@62db196c[status=PENDING, info=[GrpcFuture{clientCall={delegate={delegate=ClientCallImpl{method=MethodDescriptor{fullMethodName=Request/request, type=UNARY, idempotent=false, safe=false, sampledToLocalTracing=true, requestMarshaller=com.alibaba.nacos.shaded.io.grpc.protobuf.lite.ProtoLiteUtils$MessageMarshaller@58e7f930, responseMarshaller=com.alibaba.nacos.shaded.io.grpc.protobuf.lite.ProtoLiteUtils$MessageMarshaller@406808eb, schemaDescriptor=com.alibaba.nacos.api.grpc.auto.RequestGrpc$RequestMethodDescriptorSupplier@14e93c46}}}}}]]
	at com.alibaba.nacos.shaded.com.google.common.util.concurrent.AbstractFuture.get(AbstractFuture.java:508) ~[nacos-client-2.0.4.jar:na]
	at com.alibaba.nacos.common.remote.client.grpc.GrpcClient.serverCheck(GrpcClient.java:148) ~[nacos-client-2.0.4.jar:na]
	at com.alibaba.nacos.common.remote.client.grpc.GrpcClient.connectToServer(GrpcClient.java:264) ~[nacos-client-2.0.4.jar:na]
	at com.alibaba.nacos.common.remote.client.RpcClient.reconnect(RpcClient.java:522) ~[nacos-client-2.0.4.jar:na]
	at com.alibaba.nacos.common.remote.client.RpcClient.lambda$start$2(RpcClient.java:370) ~[nacos-client-2.0.4.jar:na]
	at java.base/java.util.concurrent.Executors$RunnableAdapter.call(Executors.java:515) ~[na:na]
	at java.base/java.util.concurrent.FutureTask.run(FutureTask.java:264) ~[na:na]
	at java.base/java.util.concurrent.ScheduledThreadPoolExecutor$ScheduledFutureTask.run(ScheduledThreadPoolExecutor.java:304) ~[na:na]
	at java.base/java.util.concurrent.ThreadPoolExecutor.runWorker(ThreadPoolExecutor.java:1128) ~[na:na]
	at java.base/java.util.concurrent.ThreadPoolExecutor$Worker.run(ThreadPoolExecutor.java:628) ~[na:na]
	at java.base/java.lang.Thread.run(Thread.java:834) ~[na:na]

15:01:34:142  INFO 8976 --- [com.alibaba.nacos.client.remote.worker] com.alibaba.nacos.common.remote.client   : [c155c405-a07c-4fcd-8ea5-85a0ace91207] Fail to connect server, after trying 1 times, last try server is {serverIp = '43.133.192.187', server main port = 8848}, error = unknown
15:01:34:762  INFO 8976 --- [com.alibaba.nacos.client.remote.worker] com.alibaba.nacos.common.remote.client   : [c155c405-a07c-4fcd-8ea5-85a0ace91207] Success to connect a server [43.133.192.187:8848], connectionId = 1703404894792_144.48.139.118_13717
15:01:34:762  INFO 8976 --- [com.alibaba.nacos.client.remote.worker] com.alibaba.nacos.common.remote.client   : [c155c405-a07c-4fcd-8ea5-85a0ace91207] Abandon prev connection, server is 43.133.192.187:8848, connectionId is 1703404783046_144.48.139.118_13436
15:01:34:762  INFO 8976 --- [com.alibaba.nacos.client.remote.worker] com.alibaba.nacos.common.remote.client   : Close current connection 1703404783046_144.48.139.118_13436
15:01:34:763  INFO 8976 --- [com.alibaba.nacos.client.remote.worker] com.alibaba.nacos.common.remote.client   : [c155c405-a07c-4fcd-8ea5-85a0ace91207] Notify disconnected event to listeners
15:01:34:764  INFO 8976 --- [com.alibaba.nacos.client.remote.worker] com.alibaba.nacos.common.remote.client   : [c155c405-a07c-4fcd-8ea5-85a0ace91207] Notify connected event to listeners.
15:01:34:766  WARN 8976 --- [nacos-grpc-client-executor-38] c.a.n.c.remote.client.grpc.GrpcClient    : [1703404783046_144.48.139.118_13436]Ignore error event,isRunning:true,isAbandon=true
15:01:36:081  INFO 8976 --- [nacos-grpc-client-executor-41] com.alibaba.nacos.common.remote.client   : [c155c405-a07c-4fcd-8ea5-85a0ace91207] Receive server push request, request = NotifySubscriberRequest, requestId = 262
15:01:36:082  INFO 8976 --- [nacos-grpc-client-executor-41] com.alibaba.nacos.common.remote.client   : [c155c405-a07c-4fcd-8ea5-85a0ace91207] Ack server push request, request = NotifySubscriberRequest, requestId = 262
15:01:39:927 DEBUG 8976 --- [http-nio-8084-exec-3] c.h.user.mapper.UserMapper.selectList    : ==>  Preparing: SELECT id,username,password,phone,create_time,update_time,status,balance FROM user WHERE (username = ?)
15:01:39:928 DEBUG 8976 --- [http-nio-8084-exec-3] c.h.user.mapper.UserMapper.selectList    : ==> Parameters: jack(String)
15:01:40:024 DEBUG 8976 --- [http-nio-8084-exec-3] c.h.user.mapper.UserMapper.selectList    : <==      Total: 1
15:01:47:385 ERROR 8976 --- [com.alibaba.nacos.client.naming.updater.1] com.alibaba.nacos.common.remote.client   : Send request fail, request = ServiceQueryRequest{headers={}, requestId='null'}, retryTimes = 0, errorMessage = java.util.concurrent.TimeoutException: Waited 3000 milliseconds (plus 2 milliseconds, 316300 nanoseconds delay) for com.alibaba.nacos.shaded.io.grpc.stub.ClientCalls$GrpcFuture@7a01fdc6[status=PENDING, info=[GrpcFuture{clientCall={delegate={delegate=ClientCallImpl{method=MethodDescriptor{fullMethodName=Request/request, type=UNARY, idempotent=false, safe=false, sampledToLocalTracing=true, requestMarshaller=com.alibaba.nacos.shaded.io.grpc.protobuf.lite.ProtoLiteUtils$MessageMarshaller@58e7f930, responseMarshaller=com.alibaba.nacos.shaded.io.grpc.protobuf.lite.ProtoLiteUtils$MessageMarshaller@406808eb, schemaDescriptor=com.alibaba.nacos.api.grpc.auto.RequestGrpc$RequestMethodDescriptorSupplier@14e93c46}}}}}]]
15:01:47:792  INFO 8976 --- [com.alibaba.nacos.client.remote.worker] com.alibaba.nacos.common.remote.client   : [c155c405-a07c-4fcd-8ea5-85a0ace91207] Server healthy check fail, currentConnection = 1703404894792_144.48.139.118_13717
15:01:47:792  INFO 8976 --- [com.alibaba.nacos.client.remote.worker] com.alibaba.nacos.common.remote.client   : [c155c405-a07c-4fcd-8ea5-85a0ace91207] Try to reconnect to a new server, server is  not appointed, will choose a random server.
15:01:49:191  INFO 8976 --- [com.alibaba.nacos.client.remote.worker] com.alibaba.nacos.common.remote.client   : [c155c405-a07c-4fcd-8ea5-85a0ace91207] Success to connect a server [43.133.192.187:8848], connectionId = 1703404909233_144.48.139.118_13751
15:01:49:191  INFO 8976 --- [com.alibaba.nacos.client.remote.worker] com.alibaba.nacos.common.remote.client   : [c155c405-a07c-4fcd-8ea5-85a0ace91207] Abandon prev connection, server is 43.133.192.187:8848, connectionId is 1703404894792_144.48.139.118_13717
15:01:49:192  INFO 8976 --- [com.alibaba.nacos.client.remote.worker] com.alibaba.nacos.common.remote.client   : Close current connection 1703404894792_144.48.139.118_13717
15:01:49:192  INFO 8976 --- [com.alibaba.nacos.client.remote.worker] com.alibaba.nacos.common.remote.client   : [c155c405-a07c-4fcd-8ea5-85a0ace91207] Notify disconnected event to listeners
15:01:49:193  INFO 8976 --- [com.alibaba.nacos.client.remote.worker] com.alibaba.nacos.common.remote.client   : [c155c405-a07c-4fcd-8ea5-85a0ace91207] Notify connected event to listeners.
15:01:49:193  WARN 8976 --- [nacos-grpc-client-executor-45] c.a.n.c.remote.client.grpc.GrpcClient    : [1703404894792_144.48.139.118_13717]Ignore error event,isRunning:true,isAbandon=true
15:01:49:285  INFO 8976 --- [com.alibaba.nacos.client.remote.worker] com.alibaba.nacos.common.remote.client   : [c155c405-a07c-4fcd-8ea5-85a0ace91207] Server check success, currentServer is 43.133.192.187:8848 
15:01:50:988  INFO 8976 --- [nacos-grpc-client-executor-54] com.alibaba.nacos.common.remote.client   : [c155c405-a07c-4fcd-8ea5-85a0ace91207] Receive server push request, request = NotifySubscriberRequest, requestId = 275
15:01:50:988  INFO 8976 --- [nacos-grpc-client-executor-54] com.alibaba.nacos.common.remote.client   : [c155c405-a07c-4fcd-8ea5-85a0ace91207] Ack server push request, request = NotifySubscriberRequest, requestId = 275
15:03:15:759 DEBUG 8976 --- [http-nio-8084-exec-5] c.h.u.mapper.AddressMapper.selectList    : ==>  Preparing: SELECT id,user_id,province,city,town,mobile,street,contact,is_default,notes FROM address WHERE (user_id = ?)
15:03:15:759 DEBUG 8976 --- [http-nio-8084-exec-5] c.h.u.mapper.AddressMapper.selectList    : ==> Parameters: 1(Long)
15:03:15:856 DEBUG 8976 --- [http-nio-8084-exec-5] c.h.u.mapper.AddressMapper.selectList    : <==      Total: 4
15:03:22:258 DEBUG 8976 --- [http-nio-8084-exec-4] c.h.u.mapper.AddressMapper.selectList    : ==>  Preparing: SELECT id,user_id,province,city,town,mobile,street,contact,is_default,notes FROM address WHERE (user_id = ?)
15:03:22:258 DEBUG 8976 --- [http-nio-8084-exec-4] c.h.u.mapper.AddressMapper.selectList    : ==> Parameters: 1(Long)
15:03:22:362 DEBUG 8976 --- [http-nio-8084-exec-4] c.h.u.mapper.AddressMapper.selectList    : <==      Total: 4
15:05:25:994  INFO 8976 --- [com.alibaba.nacos.client.remote.worker] com.alibaba.nacos.common.remote.client   : [c155c405-a07c-4fcd-8ea5-85a0ace91207] Server healthy check fail, currentConnection = 1703404909233_144.48.139.118_13751
15:05:25:995  INFO 8976 --- [com.alibaba.nacos.client.remote.worker] com.alibaba.nacos.common.remote.client   : [c155c405-a07c-4fcd-8ea5-85a0ace91207] Try to reconnect to a new server, server is  not appointed, will choose a random server.
15:05:29:009 ERROR 8976 --- [com.alibaba.nacos.client.remote.worker] c.a.n.c.remote.client.grpc.GrpcClient    : Server check fail, please check server 43.133.192.187 ,port 9848 is available , error ={}

java.util.concurrent.TimeoutException: Waited 3000 milliseconds (plus 11 milliseconds, 193700 nanoseconds delay) for com.alibaba.nacos.shaded.io.grpc.stub.ClientCalls$GrpcFuture@6fc4d377[status=PENDING, info=[GrpcFuture{clientCall={delegate={delegate=ClientCallImpl{method=MethodDescriptor{fullMethodName=Request/request, type=UNARY, idempotent=false, safe=false, sampledToLocalTracing=true, requestMarshaller=com.alibaba.nacos.shaded.io.grpc.protobuf.lite.ProtoLiteUtils$MessageMarshaller@58e7f930, responseMarshaller=com.alibaba.nacos.shaded.io.grpc.protobuf.lite.ProtoLiteUtils$MessageMarshaller@406808eb, schemaDescriptor=com.alibaba.nacos.api.grpc.auto.RequestGrpc$RequestMethodDescriptorSupplier@14e93c46}}}}}]]
	at com.alibaba.nacos.shaded.com.google.common.util.concurrent.AbstractFuture.get(AbstractFuture.java:508) ~[nacos-client-2.0.4.jar:na]
	at com.alibaba.nacos.common.remote.client.grpc.GrpcClient.serverCheck(GrpcClient.java:148) ~[nacos-client-2.0.4.jar:na]
	at com.alibaba.nacos.common.remote.client.grpc.GrpcClient.connectToServer(GrpcClient.java:264) ~[nacos-client-2.0.4.jar:na]
	at com.alibaba.nacos.common.remote.client.RpcClient.reconnect(RpcClient.java:522) ~[nacos-client-2.0.4.jar:na]
	at com.alibaba.nacos.common.remote.client.RpcClient.lambda$start$2(RpcClient.java:370) ~[nacos-client-2.0.4.jar:na]
	at java.base/java.util.concurrent.Executors$RunnableAdapter.call(Executors.java:515) ~[na:na]
	at java.base/java.util.concurrent.FutureTask.run(FutureTask.java:264) ~[na:na]
	at java.base/java.util.concurrent.ScheduledThreadPoolExecutor$ScheduledFutureTask.run(ScheduledThreadPoolExecutor.java:304) ~[na:na]
	at java.base/java.util.concurrent.ThreadPoolExecutor.runWorker(ThreadPoolExecutor.java:1128) ~[na:na]
	at java.base/java.util.concurrent.ThreadPoolExecutor$Worker.run(ThreadPoolExecutor.java:628) ~[na:na]
	at java.base/java.lang.Thread.run(Thread.java:834) ~[na:na]

15:05:30:519  INFO 8976 --- [com.alibaba.nacos.client.remote.worker] com.alibaba.nacos.common.remote.client   : [c155c405-a07c-4fcd-8ea5-85a0ace91207] Success to connect a server [43.133.192.187:8848], connectionId = 1703405130569_144.48.139.118_13991
15:05:30:519  INFO 8976 --- [com.alibaba.nacos.client.remote.worker] com.alibaba.nacos.common.remote.client   : [c155c405-a07c-4fcd-8ea5-85a0ace91207] Abandon prev connection, server is 43.133.192.187:8848, connectionId is 1703404909233_144.48.139.118_13751
15:05:30:519  INFO 8976 --- [com.alibaba.nacos.client.remote.worker] com.alibaba.nacos.common.remote.client   : Close current connection 1703404909233_144.48.139.118_13751
15:05:30:520  INFO 8976 --- [com.alibaba.nacos.client.remote.worker] com.alibaba.nacos.common.remote.client   : [c155c405-a07c-4fcd-8ea5-85a0ace91207] Notify disconnected event to listeners
15:05:30:521  INFO 8976 --- [com.alibaba.nacos.client.remote.worker] com.alibaba.nacos.common.remote.client   : [c155c405-a07c-4fcd-8ea5-85a0ace91207] Notify connected event to listeners.
15:05:30:521  WARN 8976 --- [nacos-grpc-client-executor-100] c.a.n.c.remote.client.grpc.GrpcClient    : [1703404909233_144.48.139.118_13751]Ignore error event,isRunning:true,isAbandon=true
15:05:34:010  INFO 8976 --- [nacos-grpc-client-executor-104] com.alibaba.nacos.common.remote.client   : [c155c405-a07c-4fcd-8ea5-85a0ace91207] Receive server push request, request = NotifySubscriberRequest, requestId = 299
15:05:34:011  INFO 8976 --- [nacos-grpc-client-executor-104] com.alibaba.nacos.common.remote.client   : [c155c405-a07c-4fcd-8ea5-85a0ace91207] Ack server push request, request = NotifySubscriberRequest, requestId = 299
15:06:03:913  INFO 8976 --- [com.alibaba.nacos.client.remote.worker] com.alibaba.nacos.common.remote.client   : [c155c405-a07c-4fcd-8ea5-85a0ace91207] Server healthy check fail, currentConnection = 1703405130569_144.48.139.118_13991
15:06:03:913  INFO 8976 --- [com.alibaba.nacos.client.remote.worker] com.alibaba.nacos.common.remote.client   : [c155c405-a07c-4fcd-8ea5-85a0ace91207] Try to reconnect to a new server, server is  not appointed, will choose a random server.
15:06:06:918 ERROR 8976 --- [com.alibaba.nacos.client.remote.worker] c.a.n.c.remote.client.grpc.GrpcClient    : Server check fail, please check server 43.133.192.187 ,port 9848 is available , error ={}

java.util.concurrent.TimeoutException: Waited 3000 milliseconds (plus 2 milliseconds, 155200 nanoseconds delay) for com.alibaba.nacos.shaded.io.grpc.stub.ClientCalls$GrpcFuture@4205b948[status=PENDING, info=[GrpcFuture{clientCall={delegate={delegate=ClientCallImpl{method=MethodDescriptor{fullMethodName=Request/request, type=UNARY, idempotent=false, safe=false, sampledToLocalTracing=true, requestMarshaller=com.alibaba.nacos.shaded.io.grpc.protobuf.lite.ProtoLiteUtils$MessageMarshaller@58e7f930, responseMarshaller=com.alibaba.nacos.shaded.io.grpc.protobuf.lite.ProtoLiteUtils$MessageMarshaller@406808eb, schemaDescriptor=com.alibaba.nacos.api.grpc.auto.RequestGrpc$RequestMethodDescriptorSupplier@14e93c46}}}}}]]
	at com.alibaba.nacos.shaded.com.google.common.util.concurrent.AbstractFuture.get(AbstractFuture.java:508) ~[nacos-client-2.0.4.jar:na]
	at com.alibaba.nacos.common.remote.client.grpc.GrpcClient.serverCheck(GrpcClient.java:148) ~[nacos-client-2.0.4.jar:na]
	at com.alibaba.nacos.common.remote.client.grpc.GrpcClient.connectToServer(GrpcClient.java:264) ~[nacos-client-2.0.4.jar:na]
	at com.alibaba.nacos.common.remote.client.RpcClient.reconnect(RpcClient.java:522) ~[nacos-client-2.0.4.jar:na]
	at com.alibaba.nacos.common.remote.client.RpcClient.lambda$start$2(RpcClient.java:370) ~[nacos-client-2.0.4.jar:na]
	at java.base/java.util.concurrent.Executors$RunnableAdapter.call(Executors.java:515) ~[na:na]
	at java.base/java.util.concurrent.FutureTask.run(FutureTask.java:264) ~[na:na]
	at java.base/java.util.concurrent.ScheduledThreadPoolExecutor$ScheduledFutureTask.run(ScheduledThreadPoolExecutor.java:304) ~[na:na]
	at java.base/java.util.concurrent.ThreadPoolExecutor.runWorker(ThreadPoolExecutor.java:1128) ~[na:na]
	at java.base/java.util.concurrent.ThreadPoolExecutor$Worker.run(ThreadPoolExecutor.java:628) ~[na:na]
	at java.base/java.lang.Thread.run(Thread.java:834) ~[na:na]

15:06:07:399  INFO 8976 --- [com.alibaba.nacos.client.remote.worker] com.alibaba.nacos.common.remote.client   : [c155c405-a07c-4fcd-8ea5-85a0ace91207] Success to connect a server [43.133.192.187:8848], connectionId = 1703405167448_144.48.139.118_14031
15:06:07:399  INFO 8976 --- [com.alibaba.nacos.client.remote.worker] com.alibaba.nacos.common.remote.client   : [c155c405-a07c-4fcd-8ea5-85a0ace91207] Abandon prev connection, server is 43.133.192.187:8848, connectionId is 1703405130569_144.48.139.118_13991
15:06:07:399  INFO 8976 --- [com.alibaba.nacos.client.remote.worker] com.alibaba.nacos.common.remote.client   : Close current connection 1703405130569_144.48.139.118_13991
15:06:07:400  INFO 8976 --- [com.alibaba.nacos.client.remote.worker] com.alibaba.nacos.common.remote.client   : [c155c405-a07c-4fcd-8ea5-85a0ace91207] Notify disconnected event to listeners
15:06:07:400  INFO 8976 --- [com.alibaba.nacos.client.remote.worker] com.alibaba.nacos.common.remote.client   : [c155c405-a07c-4fcd-8ea5-85a0ace91207] Notify connected event to listeners.
15:06:07:401  WARN 8976 --- [nacos-grpc-client-executor-114] c.a.n.c.remote.client.grpc.GrpcClient    : [1703405130569_144.48.139.118_13991]Ignore error event,isRunning:true,isAbandon=true
15:06:10:249  INFO 8976 --- [nacos-grpc-client-executor-118] com.alibaba.nacos.common.remote.client   : [c155c405-a07c-4fcd-8ea5-85a0ace91207] Receive server push request, request = NotifySubscriberRequest, requestId = 310
15:06:10:250  INFO 8976 --- [nacos-grpc-client-executor-118] com.alibaba.nacos.common.remote.client   : [c155c405-a07c-4fcd-8ea5-85a0ace91207] Ack server push request, request = NotifySubscriberRequest, requestId = 310
15:06:25:509  INFO 8976 --- [com.alibaba.nacos.client.remote.worker] com.alibaba.nacos.common.remote.client   : [c155c405-a07c-4fcd-8ea5-85a0ace91207] Server healthy check fail, currentConnection = 1703405167448_144.48.139.118_14031
15:06:25:510  INFO 8976 --- [com.alibaba.nacos.client.remote.worker] com.alibaba.nacos.common.remote.client   : [c155c405-a07c-4fcd-8ea5-85a0ace91207] Try to reconnect to a new server, server is  not appointed, will choose a random server.
15:06:25:900  INFO 8976 --- [com.alibaba.nacos.client.remote.worker] com.alibaba.nacos.common.remote.client   : [c155c405-a07c-4fcd-8ea5-85a0ace91207] Success to connect a server [43.133.192.187:8848], connectionId = 1703405185947_144.48.139.118_14057
15:06:25:900  INFO 8976 --- [com.alibaba.nacos.client.remote.worker] com.alibaba.nacos.common.remote.client   : [c155c405-a07c-4fcd-8ea5-85a0ace91207] Abandon prev connection, server is 43.133.192.187:8848, connectionId is 1703405167448_144.48.139.118_14031
15:06:25:900  INFO 8976 --- [com.alibaba.nacos.client.remote.worker] com.alibaba.nacos.common.remote.client   : Close current connection 1703405167448_144.48.139.118_14031
15:06:25:901  INFO 8976 --- [com.alibaba.nacos.client.remote.worker] com.alibaba.nacos.common.remote.client   : [c155c405-a07c-4fcd-8ea5-85a0ace91207] Notify disconnected event to listeners
15:06:25:902  INFO 8976 --- [com.alibaba.nacos.client.remote.worker] com.alibaba.nacos.common.remote.client   : [c155c405-a07c-4fcd-8ea5-85a0ace91207] Notify connected event to listeners.
15:06:25:902  WARN 8976 --- [nacos-grpc-client-executor-123] c.a.n.c.remote.client.grpc.GrpcClient    : [1703405167448_144.48.139.118_14031]Ignore error event,isRunning:true,isAbandon=true
15:06:28:571  INFO 8976 --- [nacos-grpc-client-executor-128] com.alibaba.nacos.common.remote.client   : [c155c405-a07c-4fcd-8ea5-85a0ace91207] Receive server push request, request = NotifySubscriberRequest, requestId = 329
15:06:28:571  INFO 8976 --- [nacos-grpc-client-executor-128] com.alibaba.nacos.common.remote.client   : [c155c405-a07c-4fcd-8ea5-85a0ace91207] Ack server push request, request = NotifySubscriberRequest, requestId = 329
15:17:26:038  INFO 8976 --- [com.alibaba.nacos.client.remote.worker] com.alibaba.nacos.common.remote.client   : [c155c405-a07c-4fcd-8ea5-85a0ace91207] Server healthy check fail, currentConnection = 1703405185947_144.48.139.118_14057
15:17:26:038  INFO 8976 --- [com.alibaba.nacos.client.remote.worker] com.alibaba.nacos.common.remote.client   : [c155c405-a07c-4fcd-8ea5-85a0ace91207] Try to reconnect to a new server, server is  not appointed, will choose a random server.
15:17:27:454  INFO 8976 --- [com.alibaba.nacos.client.remote.worker] com.alibaba.nacos.common.remote.client   : [c155c405-a07c-4fcd-8ea5-85a0ace91207] Success to connect a server [43.133.192.187:8848], connectionId = 1703405847517_144.48.139.118_14450
15:17:27:454  INFO 8976 --- [com.alibaba.nacos.client.remote.worker] com.alibaba.nacos.common.remote.client   : [c155c405-a07c-4fcd-8ea5-85a0ace91207] Abandon prev connection, server is 43.133.192.187:8848, connectionId is 1703405185947_144.48.139.118_14057
15:17:27:454  INFO 8976 --- [com.alibaba.nacos.client.remote.worker] com.alibaba.nacos.common.remote.client   : Close current connection 1703405185947_144.48.139.118_14057
15:17:27:455  INFO 8976 --- [com.alibaba.nacos.client.remote.worker] com.alibaba.nacos.common.remote.client   : [c155c405-a07c-4fcd-8ea5-85a0ace91207] Notify disconnected event to listeners
15:17:27:456  INFO 8976 --- [com.alibaba.nacos.client.remote.worker] com.alibaba.nacos.common.remote.client   : [c155c405-a07c-4fcd-8ea5-85a0ace91207] Notify connected event to listeners.
15:17:27:456  WARN 8976 --- [nacos-grpc-client-executor-260] c.a.n.c.remote.client.grpc.GrpcClient    : [1703405185947_144.48.139.118_14057]Ignore error event,isRunning:true,isAbandon=true
15:17:30:438  INFO 8976 --- [nacos-grpc-client-executor-265] com.alibaba.nacos.common.remote.client   : [c155c405-a07c-4fcd-8ea5-85a0ace91207] Receive server push request, request = NotifySubscriberRequest, requestId = 360
15:17:30:438  INFO 8976 --- [nacos-grpc-client-executor-265] com.alibaba.nacos.common.remote.client   : [c155c405-a07c-4fcd-8ea5-85a0ace91207] Ack server push request, request = NotifySubscriberRequest, requestId = 360
15:18:27:568  INFO 8976 --- [com.alibaba.nacos.client.remote.worker] com.alibaba.nacos.common.remote.client   : [c155c405-a07c-4fcd-8ea5-85a0ace91207] Server healthy check fail, currentConnection = 1703405847517_144.48.139.118_14450
15:18:27:568  INFO 8976 --- [com.alibaba.nacos.client.remote.worker] com.alibaba.nacos.common.remote.client   : [c155c405-a07c-4fcd-8ea5-85a0ace91207] Try to reconnect to a new server, server is  not appointed, will choose a random server.
15:18:30:588 ERROR 8976 --- [com.alibaba.nacos.client.remote.worker] c.a.n.c.remote.client.grpc.GrpcClient    : Server check fail, please check server 43.133.192.187 ,port 9848 is available , error ={}

java.util.concurrent.TimeoutException: Waited 3000 milliseconds (plus 15 milliseconds, 810100 nanoseconds delay) for com.alibaba.nacos.shaded.io.grpc.stub.ClientCalls$GrpcFuture@672bf7e4[status=PENDING, info=[GrpcFuture{clientCall={delegate={delegate=ClientCallImpl{method=MethodDescriptor{fullMethodName=Request/request, type=UNARY, idempotent=false, safe=false, sampledToLocalTracing=true, requestMarshaller=com.alibaba.nacos.shaded.io.grpc.protobuf.lite.ProtoLiteUtils$MessageMarshaller@58e7f930, responseMarshaller=com.alibaba.nacos.shaded.io.grpc.protobuf.lite.ProtoLiteUtils$MessageMarshaller@406808eb, schemaDescriptor=com.alibaba.nacos.api.grpc.auto.RequestGrpc$RequestMethodDescriptorSupplier@14e93c46}}}}}]]
	at com.alibaba.nacos.shaded.com.google.common.util.concurrent.AbstractFuture.get(AbstractFuture.java:508) ~[nacos-client-2.0.4.jar:na]
	at com.alibaba.nacos.common.remote.client.grpc.GrpcClient.serverCheck(GrpcClient.java:148) ~[nacos-client-2.0.4.jar:na]
	at com.alibaba.nacos.common.remote.client.grpc.GrpcClient.connectToServer(GrpcClient.java:264) ~[nacos-client-2.0.4.jar:na]
	at com.alibaba.nacos.common.remote.client.RpcClient.reconnect(RpcClient.java:522) ~[nacos-client-2.0.4.jar:na]
	at com.alibaba.nacos.common.remote.client.RpcClient.lambda$start$2(RpcClient.java:370) ~[nacos-client-2.0.4.jar:na]
	at java.base/java.util.concurrent.Executors$RunnableAdapter.call(Executors.java:515) ~[na:na]
	at java.base/java.util.concurrent.FutureTask.run(FutureTask.java:264) ~[na:na]
	at java.base/java.util.concurrent.ScheduledThreadPoolExecutor$ScheduledFutureTask.run(ScheduledThreadPoolExecutor.java:304) ~[na:na]
	at java.base/java.util.concurrent.ThreadPoolExecutor.runWorker(ThreadPoolExecutor.java:1128) ~[na:na]
	at java.base/java.util.concurrent.ThreadPoolExecutor$Worker.run(ThreadPoolExecutor.java:628) ~[na:na]
	at java.base/java.lang.Thread.run(Thread.java:834) ~[na:na]

15:18:31:100  INFO 8976 --- [com.alibaba.nacos.client.remote.worker] com.alibaba.nacos.common.remote.client   : [c155c405-a07c-4fcd-8ea5-85a0ace91207] Success to connect a server [43.133.192.187:8848], connectionId = 1703405911147_144.48.139.118_14510
15:18:31:100  INFO 8976 --- [com.alibaba.nacos.client.remote.worker] com.alibaba.nacos.common.remote.client   : [c155c405-a07c-4fcd-8ea5-85a0ace91207] Abandon prev connection, server is 43.133.192.187:8848, connectionId is 1703405847517_144.48.139.118_14450
15:18:31:101  INFO 8976 --- [com.alibaba.nacos.client.remote.worker] com.alibaba.nacos.common.remote.client   : Close current connection 1703405847517_144.48.139.118_14450
15:18:31:101  INFO 8976 --- [com.alibaba.nacos.client.remote.worker] com.alibaba.nacos.common.remote.client   : [c155c405-a07c-4fcd-8ea5-85a0ace91207] Notify disconnected event to listeners
15:18:31:102  INFO 8976 --- [com.alibaba.nacos.client.remote.worker] com.alibaba.nacos.common.remote.client   : [c155c405-a07c-4fcd-8ea5-85a0ace91207] Notify connected event to listeners.
15:18:31:103  WARN 8976 --- [nacos-grpc-client-executor-280] c.a.n.c.remote.client.grpc.GrpcClient    : [1703405847517_144.48.139.118_14450]Ignore error event,isRunning:true,isAbandon=true
15:18:33:803  INFO 8976 --- [nacos-grpc-client-executor-283] com.alibaba.nacos.common.remote.client   : [c155c405-a07c-4fcd-8ea5-85a0ace91207] Receive server push request, request = NotifySubscriberRequest, requestId = 409
15:18:33:804  INFO 8976 --- [nacos-grpc-client-executor-283] com.alibaba.nacos.common.remote.client   : [c155c405-a07c-4fcd-8ea5-85a0ace91207] Ack server push request, request = NotifySubscriberRequest, requestId = 409
16:39:03:435  WARN 8976 --- [Thread-7] c.a.n.common.http.HttpClientBeanHolder   : [HttpClientBeanHolder] Start destroying common HttpClient
16:39:03:435  WARN 8976 --- [Thread-4] c.a.nacos.common.notify.NotifyCenter     : [NotifyCenter] Start destroying Publisher
16:39:03:436  WARN 8976 --- [Thread-4] c.a.nacos.common.notify.NotifyCenter     : [NotifyCenter] Destruction of the end
16:39:03:437  WARN 8976 --- [Thread-7] c.a.n.common.http.HttpClientBeanHolder   : [HttpClientBeanHolder] Destruction of the end
16:39:04:196  INFO 8976 --- [SpringApplicationShutdownHook] c.a.c.n.registry.NacosServiceRegistry    : De-registering from Nacos Server now...
16:39:04:295  INFO 8976 --- [SpringApplicationShutdownHook] c.a.c.n.registry.NacosServiceRegistry    : De-registration finished.
16:39:04:621  INFO 8976 --- [SpringApplicationShutdownHook] com.alibaba.nacos.common.remote.client   : Shutdown rpc client, set status to shutdown
16:39:04:622  INFO 8976 --- [SpringApplicationShutdownHook] com.alibaba.nacos.common.remote.client   : Shutdown client event executor java.util.concurrent.ScheduledThreadPoolExecutor@5fe9282[Running, pool size = 2, active threads = 2, queued tasks = 0, completed tasks = 0]
16:39:04:622  INFO 8976 --- [SpringApplicationShutdownHook] com.alibaba.nacos.common.remote.client   : Close current connection 1703405911147_144.48.139.118_14510
16:39:04:622  INFO 8976 --- [SpringApplicationShutdownHook] c.a.n.c.remote.client.grpc.GrpcClient    : Shutdown grpc executor java.util.concurrent.ThreadPoolExecutor@4f804da6[Running, pool size = 4, active threads = 0, queued tasks = 0, completed tasks = 1236]
16:39:04:627  INFO 8976 --- [SpringApplicationShutdownHook] com.zaxxer.hikari.HikariDataSource       : HikariPool-1 - Shutdown initiated...
16:39:05:595  INFO 8976 --- [SpringApplicationShutdownHook] com.zaxxer.hikari.HikariDataSource       : HikariPool-1 - Shutdown completed.
