11:38:24:468  INFO 1776 --- [main] com.hmall.gateway.GatewayApplication     : No active profile set, falling back to 1 default profile: "default"
11:38:25:136  INFO 1776 --- [main] o.s.cloud.context.scope.GenericScope     : BeanFactory id=ab7eba3b-bca4-35ba-8e37-4bef2229baa0
11:38:25:201  INFO 1776 --- [main] trationDelegate$BeanPostProcessorChecker : Bean 'org.springframework.cloud.client.loadbalancer.reactive.LoadBalancerBeanPostProcessorAutoConfiguration' of type [org.springframework.cloud.client.loadbalancer.reactive.LoadBalancerBeanPostProcessorAutoConfiguration] is not eligible for getting processed by all BeanPostProcessors (for example: not eligible for auto-proxying)
11:38:25:202  INFO 1776 --- [main] trationDelegate$BeanPostProcessorChecker : Bean 'org.springframework.cloud.client.loadbalancer.reactive.LoadBalancerBeanPostProcessorAutoConfiguration$ReactorDeferringLoadBalancerFilterConfig' of type [org.springframework.cloud.client.loadbalancer.reactive.LoadBalancerBeanPostProcessorAutoConfiguration$ReactorDeferringLoadBalancerFilterConfig] is not eligible for getting processed by all BeanPostProcessors (for example: not eligible for auto-proxying)
11:38:25:207  INFO 1776 --- [main] trationDelegate$BeanPostProcessorChecker : Bean 'reactorDeferringLoadBalancerExchangeFilterFunction' of type [org.springframework.cloud.client.loadbalancer.reactive.DeferringLoadBalancerExchangeFilterFunction] is not eligible for getting processed by all BeanPostProcessors (for example: not eligible for auto-proxying)
11:38:26:005 DEBUG 1776 --- [main] c.h.gateway.route.DynamicRouteLoader     : 监听到路由配置变更，null
11:38:27:625  INFO 1776 --- [main] o.s.c.g.r.RouteDefinitionRouteLocator    : Loaded RoutePredicateFactory [After]
11:38:27:625  INFO 1776 --- [main] o.s.c.g.r.RouteDefinitionRouteLocator    : Loaded RoutePredicateFactory [Before]
11:38:27:626  INFO 1776 --- [main] o.s.c.g.r.RouteDefinitionRouteLocator    : Loaded RoutePredicateFactory [Between]
11:38:27:626  INFO 1776 --- [main] o.s.c.g.r.RouteDefinitionRouteLocator    : Loaded RoutePredicateFactory [Cookie]
11:38:27:626  INFO 1776 --- [main] o.s.c.g.r.RouteDefinitionRouteLocator    : Loaded RoutePredicateFactory [Header]
11:38:27:626  INFO 1776 --- [main] o.s.c.g.r.RouteDefinitionRouteLocator    : Loaded RoutePredicateFactory [Host]
11:38:27:626  INFO 1776 --- [main] o.s.c.g.r.RouteDefinitionRouteLocator    : Loaded RoutePredicateFactory [Method]
11:38:27:626  INFO 1776 --- [main] o.s.c.g.r.RouteDefinitionRouteLocator    : Loaded RoutePredicateFactory [Path]
11:38:27:626  INFO 1776 --- [main] o.s.c.g.r.RouteDefinitionRouteLocator    : Loaded RoutePredicateFactory [Query]
11:38:27:626  INFO 1776 --- [main] o.s.c.g.r.RouteDefinitionRouteLocator    : Loaded RoutePredicateFactory [ReadBody]
11:38:27:626  INFO 1776 --- [main] o.s.c.g.r.RouteDefinitionRouteLocator    : Loaded RoutePredicateFactory [RemoteAddr]
11:38:27:626  INFO 1776 --- [main] o.s.c.g.r.RouteDefinitionRouteLocator    : Loaded RoutePredicateFactory [XForwardedRemoteAddr]
11:38:27:626  INFO 1776 --- [main] o.s.c.g.r.RouteDefinitionRouteLocator    : Loaded RoutePredicateFactory [Weight]
11:38:27:626  INFO 1776 --- [main] o.s.c.g.r.RouteDefinitionRouteLocator    : Loaded RoutePredicateFactory [CloudFoundryRouteService]
11:38:28:538  INFO 1776 --- [main] com.alibaba.nacos.common.remote.client   : [RpcClientFactory] create a new rpc client of f1e481b6-f7dc-4e31-a662-5f0bb7f7a216
11:38:28:538  INFO 1776 --- [main] com.alibaba.nacos.common.remote.client   : [f1e481b6-f7dc-4e31-a662-5f0bb7f7a216] RpcClient init label, labels = {module=naming, source=sdk}
11:38:28:540  INFO 1776 --- [main] com.alibaba.nacos.common.remote.client   : [f1e481b6-f7dc-4e31-a662-5f0bb7f7a216] RpcClient init, ServerListFactory = com.alibaba.nacos.client.naming.core.ServerListManager
11:38:28:540  INFO 1776 --- [main] com.alibaba.nacos.common.remote.client   : [f1e481b6-f7dc-4e31-a662-5f0bb7f7a216] Registry connection listener to current client:com.alibaba.nacos.client.naming.remote.gprc.redo.NamingGrpcRedoService
11:38:28:540  INFO 1776 --- [main] com.alibaba.nacos.common.remote.client   : [f1e481b6-f7dc-4e31-a662-5f0bb7f7a216] Register server push request handler:com.alibaba.nacos.client.naming.remote.gprc.NamingPushRequestHandler
11:38:28:541  INFO 1776 --- [main] com.alibaba.nacos.common.remote.client   : [f1e481b6-f7dc-4e31-a662-5f0bb7f7a216] Try to connect to server on start up, server: {serverIp = '43.133.192.187', server main port = 8848}
11:38:28:951  INFO 1776 --- [main] com.alibaba.nacos.common.remote.client   : [f1e481b6-f7dc-4e31-a662-5f0bb7f7a216] Success to connect to server [43.133.192.187:8848] on start up, connectionId = 1703479108832_144.48.139.118_13967
11:38:28:951  INFO 1776 --- [main] com.alibaba.nacos.common.remote.client   : [f1e481b6-f7dc-4e31-a662-5f0bb7f7a216] Register server push request handler:com.alibaba.nacos.common.remote.client.RpcClient$ConnectResetRequestHandler
11:38:28:951  INFO 1776 --- [com.alibaba.nacos.client.remote.worker] com.alibaba.nacos.common.remote.client   : [f1e481b6-f7dc-4e31-a662-5f0bb7f7a216] Notify connected event to listeners.
11:38:28:952  INFO 1776 --- [main] com.alibaba.nacos.common.remote.client   : [f1e481b6-f7dc-4e31-a662-5f0bb7f7a216] Register server push request handler:com.alibaba.nacos.common.remote.client.RpcClient$$Lambda$461/0x0000000800446440
11:38:29:629  INFO 1776 --- [nacos-grpc-client-executor-4] com.alibaba.nacos.common.remote.client   : [f1e481b6-f7dc-4e31-a662-5f0bb7f7a216] Receive server push request, request = NotifySubscriberRequest, requestId = 439
11:38:29:634  INFO 1776 --- [nacos-grpc-client-executor-4] com.alibaba.nacos.common.remote.client   : [f1e481b6-f7dc-4e31-a662-5f0bb7f7a216] Ack server push request, request = NotifySubscriberRequest, requestId = 439
11:38:29:636  INFO 1776 --- [main] o.s.b.web.embedded.netty.NettyWebServer  : Netty started on port 8080
11:38:30:894  INFO 1776 --- [main] c.a.c.n.registry.NacosServiceRegistry    : nacos registry, DEFAULT_GROUP gateway 192.168.0.111:8080 register finished
11:38:30:911  INFO 1776 --- [main] com.hmall.gateway.GatewayApplication     : Started GatewayApplication in 11.779 seconds (JVM running for 13.369)
11:38:30:916  INFO 1776 --- [main] c.a.c.n.refresh.NacosContextRefresher    : [Nacos Config] Listening config: dataId=gateway.yaml, group=DEFAULT_GROUP
11:38:30:917  INFO 1776 --- [main] c.a.c.n.refresh.NacosContextRefresher    : [Nacos Config] Listening config: dataId=gateway, group=DEFAULT_GROUP
11:38:31:415  INFO 1776 --- [nacos-grpc-client-executor-8] com.alibaba.nacos.common.remote.client   : [f1e481b6-f7dc-4e31-a662-5f0bb7f7a216] Receive server push request, request = NotifySubscriberRequest, requestId = 440
11:38:31:419  INFO 1776 --- [nacos-grpc-client-executor-8] com.alibaba.nacos.common.remote.client   : [f1e481b6-f7dc-4e31-a662-5f0bb7f7a216] Ack server push request, request = NotifySubscriberRequest, requestId = 440
11:39:03:957  INFO 1776 --- [nacos-grpc-client-executor-20] com.alibaba.nacos.common.remote.client   : [92d8bf1b-8521-4f94-9210-736b5a825a26_config-0] Receive server push request, request = ConfigChangeNotifyRequest, requestId = 441
11:39:03:958  INFO 1776 --- [nacos-grpc-client-executor-20] com.alibaba.nacos.common.remote.client   : [92d8bf1b-8521-4f94-9210-736b5a825a26_config-0] Ack server push request, request = ConfigChangeNotifyRequest, requestId = 441
11:39:04:161 DEBUG 1776 --- [nacos.client.cachedata.internal.notifier] c.h.gateway.route.DynamicRouteLoader     : 监听到路由配置变更，[
    {
        "id": "item",
        "predicates": [{
            "name": "Path",
            "args": {"_genkey_0":"/items/**", "_genkey_1":"/search/**"}
        }],
        "filters": [],
        "uri": "lb://item-service"
    },
    {
        "id": "cart",
        "predicates": [{
            "name": "Path",
            "args": {"_genkey_0":"/carts/**"}
        }],
        "filters": [],
        "uri": "lb://cart-service"
    },
    {
        "id": "user",
        "predicates": [{
            "name": "Path",
            "args": {"_genkey_0":"/users/**", "_genkey_1":"/addresses/**"}
        }],
        "filters": [],
        "uri": "lb://user-service"
    },
    {
        "id": "trade",
        "predicates": [{
            "name": "Path",
            "args": {"_genkey_0":"/orders/**"}
        }],
        "filters": [],
        "uri": "lb://trade-service"
    },
    {
        "id": "pay",
        "predicates": [{
            "name": "Path",
            "args": {"_genkey_0":"/pay-orders/**"}
        }],
        "filters": [],
        "uri": "lb://pau-service"
    }
]
11:39:43:397  INFO 1776 --- [nacos-grpc-client-executor-32] com.alibaba.nacos.common.remote.client   : [92d8bf1b-8521-4f94-9210-736b5a825a26_config-0] Receive server push request, request = ConfigChangeNotifyRequest, requestId = 442
11:39:43:397  INFO 1776 --- [nacos-grpc-client-executor-32] com.alibaba.nacos.common.remote.client   : [92d8bf1b-8521-4f94-9210-736b5a825a26_config-0] Ack server push request, request = ConfigChangeNotifyRequest, requestId = 442
11:39:43:592 DEBUG 1776 --- [nacos.client.cachedata.internal.notifier] c.h.gateway.route.DynamicRouteLoader     : 监听到路由配置变更，[
    
]
11:39:55:501  INFO 1776 --- [nacos-grpc-client-executor-29] com.alibaba.nacos.common.remote.client   : [f1e481b6-f7dc-4e31-a662-5f0bb7f7a216] Receive server push request, request = NotifySubscriberRequest, requestId = 443
11:39:55:501  INFO 1776 --- [nacos-grpc-client-executor-29] com.alibaba.nacos.common.remote.client   : [f1e481b6-f7dc-4e31-a662-5f0bb7f7a216] Ack server push request, request = NotifySubscriberRequest, requestId = 443
11:40:36:067  WARN 1776 --- [Thread-5] c.a.nacos.common.notify.NotifyCenter     : [NotifyCenter] Start destroying Publisher
11:40:36:067  WARN 1776 --- [Thread-1] c.a.n.common.http.HttpClientBeanHolder   : [HttpClientBeanHolder] Start destroying common HttpClient
11:40:36:067  WARN 1776 --- [Thread-5] c.a.nacos.common.notify.NotifyCenter     : [NotifyCenter] Destruction of the end
11:40:36:068  WARN 1776 --- [Thread-1] c.a.n.common.http.HttpClientBeanHolder   : [HttpClientBeanHolder] Destruction of the end
11:40:36:190  INFO 1776 --- [SpringApplicationShutdownHook] c.a.c.n.registry.NacosServiceRegistry    : De-registering from Nacos Server now...
11:40:36:284  INFO 1776 --- [SpringApplicationShutdownHook] c.a.c.n.registry.NacosServiceRegistry    : De-registration finished.
11:40:36:620  INFO 1776 --- [SpringApplicationShutdownHook] com.alibaba.nacos.common.remote.client   : Shutdown rpc client, set status to shutdown
11:40:36:620  INFO 1776 --- [SpringApplicationShutdownHook] com.alibaba.nacos.common.remote.client   : Shutdown client event executor java.util.concurrent.ScheduledThreadPoolExecutor@3f1d4bad[Running, pool size = 2, active threads = 2, queued tasks = 0, completed tasks = 0]
11:40:36:620  INFO 1776 --- [SpringApplicationShutdownHook] com.alibaba.nacos.common.remote.client   : Close current connection 1703479108832_144.48.139.118_13967
11:40:36:624  INFO 1776 --- [SpringApplicationShutdownHook] c.a.n.c.remote.client.grpc.GrpcClient    : Shutdown grpc executor java.util.concurrent.ThreadPoolExecutor@6cef2510[Running, pool size = 4, active threads = 0, queued tasks = 0, completed tasks = 40]
11:40:48:674  INFO 13648 --- [main] com.hmall.gateway.GatewayApplication     : No active profile set, falling back to 1 default profile: "default"
11:40:49:268  INFO 13648 --- [main] o.s.cloud.context.scope.GenericScope     : BeanFactory id=ab7eba3b-bca4-35ba-8e37-4bef2229baa0
11:40:49:333  INFO 13648 --- [main] trationDelegate$BeanPostProcessorChecker : Bean 'org.springframework.cloud.client.loadbalancer.reactive.LoadBalancerBeanPostProcessorAutoConfiguration' of type [org.springframework.cloud.client.loadbalancer.reactive.LoadBalancerBeanPostProcessorAutoConfiguration] is not eligible for getting processed by all BeanPostProcessors (for example: not eligible for auto-proxying)
11:40:49:334  INFO 13648 --- [main] trationDelegate$BeanPostProcessorChecker : Bean 'org.springframework.cloud.client.loadbalancer.reactive.LoadBalancerBeanPostProcessorAutoConfiguration$ReactorDeferringLoadBalancerFilterConfig' of type [org.springframework.cloud.client.loadbalancer.reactive.LoadBalancerBeanPostProcessorAutoConfiguration$ReactorDeferringLoadBalancerFilterConfig] is not eligible for getting processed by all BeanPostProcessors (for example: not eligible for auto-proxying)
11:40:49:335  INFO 13648 --- [main] trationDelegate$BeanPostProcessorChecker : Bean 'reactorDeferringLoadBalancerExchangeFilterFunction' of type [org.springframework.cloud.client.loadbalancer.reactive.DeferringLoadBalancerExchangeFilterFunction] is not eligible for getting processed by all BeanPostProcessors (for example: not eligible for auto-proxying)
11:40:50:058 DEBUG 13648 --- [main] c.h.gateway.route.DynamicRouteLoader     : 监听到路由配置变更，[
    
]
11:40:51:605  INFO 13648 --- [main] o.s.c.g.r.RouteDefinitionRouteLocator    : Loaded RoutePredicateFactory [After]
11:40:51:606  INFO 13648 --- [main] o.s.c.g.r.RouteDefinitionRouteLocator    : Loaded RoutePredicateFactory [Before]
11:40:51:606  INFO 13648 --- [main] o.s.c.g.r.RouteDefinitionRouteLocator    : Loaded RoutePredicateFactory [Between]
11:40:51:606  INFO 13648 --- [main] o.s.c.g.r.RouteDefinitionRouteLocator    : Loaded RoutePredicateFactory [Cookie]
11:40:51:606  INFO 13648 --- [main] o.s.c.g.r.RouteDefinitionRouteLocator    : Loaded RoutePredicateFactory [Header]
11:40:51:606  INFO 13648 --- [main] o.s.c.g.r.RouteDefinitionRouteLocator    : Loaded RoutePredicateFactory [Host]
11:40:51:606  INFO 13648 --- [main] o.s.c.g.r.RouteDefinitionRouteLocator    : Loaded RoutePredicateFactory [Method]
11:40:51:606  INFO 13648 --- [main] o.s.c.g.r.RouteDefinitionRouteLocator    : Loaded RoutePredicateFactory [Path]
11:40:51:606  INFO 13648 --- [main] o.s.c.g.r.RouteDefinitionRouteLocator    : Loaded RoutePredicateFactory [Query]
11:40:51:606  INFO 13648 --- [main] o.s.c.g.r.RouteDefinitionRouteLocator    : Loaded RoutePredicateFactory [ReadBody]
11:40:51:606  INFO 13648 --- [main] o.s.c.g.r.RouteDefinitionRouteLocator    : Loaded RoutePredicateFactory [RemoteAddr]
11:40:51:606  INFO 13648 --- [main] o.s.c.g.r.RouteDefinitionRouteLocator    : Loaded RoutePredicateFactory [XForwardedRemoteAddr]
11:40:51:606  INFO 13648 --- [main] o.s.c.g.r.RouteDefinitionRouteLocator    : Loaded RoutePredicateFactory [Weight]
11:40:51:606  INFO 13648 --- [main] o.s.c.g.r.RouteDefinitionRouteLocator    : Loaded RoutePredicateFactory [CloudFoundryRouteService]
11:40:52:470  INFO 13648 --- [main] com.alibaba.nacos.common.remote.client   : [RpcClientFactory] create a new rpc client of a25752c0-c9fd-45e8-b86d-6092f1663631
11:40:52:470  INFO 13648 --- [main] com.alibaba.nacos.common.remote.client   : [a25752c0-c9fd-45e8-b86d-6092f1663631] RpcClient init label, labels = {module=naming, source=sdk}
11:40:52:472  INFO 13648 --- [main] com.alibaba.nacos.common.remote.client   : [a25752c0-c9fd-45e8-b86d-6092f1663631] RpcClient init, ServerListFactory = com.alibaba.nacos.client.naming.core.ServerListManager
11:40:52:472  INFO 13648 --- [main] com.alibaba.nacos.common.remote.client   : [a25752c0-c9fd-45e8-b86d-6092f1663631] Registry connection listener to current client:com.alibaba.nacos.client.naming.remote.gprc.redo.NamingGrpcRedoService
11:40:52:472  INFO 13648 --- [main] com.alibaba.nacos.common.remote.client   : [a25752c0-c9fd-45e8-b86d-6092f1663631] Register server push request handler:com.alibaba.nacos.client.naming.remote.gprc.NamingPushRequestHandler
11:40:52:473  INFO 13648 --- [main] com.alibaba.nacos.common.remote.client   : [a25752c0-c9fd-45e8-b86d-6092f1663631] Try to connect to server on start up, server: {serverIp = '43.133.192.187', server main port = 8848}
11:40:52:865  INFO 13648 --- [main] com.alibaba.nacos.common.remote.client   : [a25752c0-c9fd-45e8-b86d-6092f1663631] Success to connect to server [43.133.192.187:8848] on start up, connectionId = 1703479252751_144.48.139.118_14117
11:40:52:865  INFO 13648 --- [main] com.alibaba.nacos.common.remote.client   : [a25752c0-c9fd-45e8-b86d-6092f1663631] Register server push request handler:com.alibaba.nacos.common.remote.client.RpcClient$ConnectResetRequestHandler
11:40:52:865  INFO 13648 --- [com.alibaba.nacos.client.remote.worker] com.alibaba.nacos.common.remote.client   : [a25752c0-c9fd-45e8-b86d-6092f1663631] Notify connected event to listeners.
11:40:52:866  INFO 13648 --- [main] com.alibaba.nacos.common.remote.client   : [a25752c0-c9fd-45e8-b86d-6092f1663631] Register server push request handler:com.alibaba.nacos.common.remote.client.RpcClient$$Lambda$461/0x0000000800446440
11:40:53:474  INFO 13648 --- [main] o.s.b.web.embedded.netty.NettyWebServer  : Netty started on port 8080
11:40:53:573  INFO 13648 --- [nacos-grpc-client-executor-4] com.alibaba.nacos.common.remote.client   : [a25752c0-c9fd-45e8-b86d-6092f1663631] Receive server push request, request = NotifySubscriberRequest, requestId = 444
11:40:53:576  INFO 13648 --- [nacos-grpc-client-executor-4] com.alibaba.nacos.common.remote.client   : [a25752c0-c9fd-45e8-b86d-6092f1663631] Ack server push request, request = NotifySubscriberRequest, requestId = 444
11:40:54:692  INFO 13648 --- [main] c.a.c.n.registry.NacosServiceRegistry    : nacos registry, DEFAULT_GROUP gateway 192.168.0.111:8080 register finished
11:40:54:703  INFO 13648 --- [main] com.hmall.gateway.GatewayApplication     : Started GatewayApplication in 10.852 seconds (JVM running for 12.268)
11:40:54:706  INFO 13648 --- [main] c.a.c.n.refresh.NacosContextRefresher    : [Nacos Config] Listening config: dataId=gateway.yaml, group=DEFAULT_GROUP
11:40:54:707  INFO 13648 --- [main] c.a.c.n.refresh.NacosContextRefresher    : [Nacos Config] Listening config: dataId=gateway, group=DEFAULT_GROUP
11:40:55:284  INFO 13648 --- [nacos-grpc-client-executor-8] com.alibaba.nacos.common.remote.client   : [a25752c0-c9fd-45e8-b86d-6092f1663631] Receive server push request, request = NotifySubscriberRequest, requestId = 445
11:40:55:288  INFO 13648 --- [nacos-grpc-client-executor-8] com.alibaba.nacos.common.remote.client   : [a25752c0-c9fd-45e8-b86d-6092f1663631] Ack server push request, request = NotifySubscriberRequest, requestId = 445
11:47:58:688  INFO 13648 --- [nacos-grpc-client-executor-97] com.alibaba.nacos.common.remote.client   : [df0192b6-ea27-4623-ba1c-1a8709086ea2_config-0] Receive server push request, request = ConfigChangeNotifyRequest, requestId = 446
11:47:58:690  INFO 13648 --- [nacos-grpc-client-executor-97] com.alibaba.nacos.common.remote.client   : [df0192b6-ea27-4623-ba1c-1a8709086ea2_config-0] Ack server push request, request = ConfigChangeNotifyRequest, requestId = 446
11:47:58:878 DEBUG 13648 --- [nacos.client.cachedata.internal.notifier] c.h.gateway.route.DynamicRouteLoader     : 监听到路由配置变更，[
    {
        "id": "item",
        "predicates": [{
            "name": "Path",
            "args": {"_genkey_0":"/items/**", "_genkey_1":"/search/**"}
        }],
        "filters": [],
        "uri": "lb://item-service"
    },
    {
        "id": "cart",
        "predicates": [{
            "name": "Path",
            "args": {"_genkey_0":"/carts/**"}
        }],
        "filters": [],
        "uri": "lb://cart-service"
    },
    {
        "id": "user",
        "predicates": [{
            "name": "Path",
            "args": {"_genkey_0":"/users/**", "_genkey_1":"/addresses/**"}
        }],
        "filters": [],
        "uri": "lb://user-service"
    },
    {
        "id": "trade",
        "predicates": [{
            "name": "Path",
            "args": {"_genkey_0":"/orders/**"}
        }],
        "filters": [],
        "uri": "lb://trade-service"
    },
    {
        "id": "pay",
        "predicates": [{
            "name": "Path",
            "args": {"_genkey_0":"/pay-orders/**"}
        }],
        "filters": [],
        "uri": "lb://pau-service"
    }
]
11:48:25:816  INFO 13648 --- [nacos-grpc-client-executor-101] com.alibaba.nacos.common.remote.client   : [a25752c0-c9fd-45e8-b86d-6092f1663631] Receive server push request, request = NotifySubscriberRequest, requestId = 447
11:48:25:817  INFO 13648 --- [nacos-grpc-client-executor-101] com.alibaba.nacos.common.remote.client   : [a25752c0-c9fd-45e8-b86d-6092f1663631] Ack server push request, request = NotifySubscriberRequest, requestId = 447
11:48:39:733  INFO 13648 --- [nacos-grpc-client-executor-105] com.alibaba.nacos.common.remote.client   : [a25752c0-c9fd-45e8-b86d-6092f1663631] Receive server push request, request = NotifySubscriberRequest, requestId = 448
11:48:39:733  INFO 13648 --- [nacos-grpc-client-executor-105] com.alibaba.nacos.common.remote.client   : [a25752c0-c9fd-45e8-b86d-6092f1663631] Ack server push request, request = NotifySubscriberRequest, requestId = 448
