09:01:33:636  INFO 6672 --- [com.alibaba.nacos.client.remote.worker] com.alibaba.nacos.common.remote.client   : [9fe317e8-ded3-4df1-880c-432cace94a08] Server healthy check fail, currentConnection = 1703341123526_144.48.139.118_2398
09:01:33:636 ERROR 6672 --- [nacos-grpc-client-executor-2648] c.a.n.c.remote.client.grpc.GrpcClient    : [1703341123526_144.48.139.118_2398]Request stream error, switch server,error={}

com.alibaba.nacos.shaded.io.grpc.StatusRuntimeException: UNAVAILABLE: io exception
	at com.alibaba.nacos.shaded.io.grpc.Status.asRuntimeException(Status.java:533) ~[nacos-client-2.0.4.jar:na]
	at com.alibaba.nacos.shaded.io.grpc.stub.ClientCalls$StreamObserverToCallListenerAdapter.onClose(ClientCalls.java:442) ~[nacos-client-2.0.4.jar:na]
	at com.alibaba.nacos.shaded.io.grpc.PartialForwardingClientCallListener.onClose(PartialForwardingClientCallListener.java:39) ~[nacos-client-2.0.4.jar:na]
	at com.alibaba.nacos.shaded.io.grpc.ForwardingClientCallListener.onClose(ForwardingClientCallListener.java:23) ~[nacos-client-2.0.4.jar:na]
	at com.alibaba.nacos.shaded.io.grpc.ForwardingClientCallListener$SimpleForwardingClientCallListener.onClose(ForwardingClientCallListener.java:40) ~[nacos-client-2.0.4.jar:na]
	at com.alibaba.nacos.shaded.io.grpc.internal.CensusStatsModule$StatsClientInterceptor$1$1.onClose(CensusStatsModule.java:700) ~[nacos-client-2.0.4.jar:na]
	at com.alibaba.nacos.shaded.io.grpc.PartialForwardingClientCallListener.onClose(PartialForwardingClientCallListener.java:39) ~[nacos-client-2.0.4.jar:na]
	at com.alibaba.nacos.shaded.io.grpc.ForwardingClientCallListener.onClose(ForwardingClientCallListener.java:23) ~[nacos-client-2.0.4.jar:na]
	at com.alibaba.nacos.shaded.io.grpc.ForwardingClientCallListener$SimpleForwardingClientCallListener.onClose(ForwardingClientCallListener.java:40) ~[nacos-client-2.0.4.jar:na]
	at com.alibaba.nacos.shaded.io.grpc.internal.CensusTracingModule$TracingClientInterceptor$1$1.onClose(CensusTracingModule.java:399) ~[nacos-client-2.0.4.jar:na]
	at com.alibaba.nacos.shaded.io.grpc.internal.ClientCallImpl.closeObserver(ClientCallImpl.java:510) ~[nacos-client-2.0.4.jar:na]
	at com.alibaba.nacos.shaded.io.grpc.internal.ClientCallImpl.access$300(ClientCallImpl.java:66) ~[nacos-client-2.0.4.jar:na]
	at com.alibaba.nacos.shaded.io.grpc.internal.ClientCallImpl$ClientStreamListenerImpl.close(ClientCallImpl.java:630) ~[nacos-client-2.0.4.jar:na]
	at com.alibaba.nacos.shaded.io.grpc.internal.ClientCallImpl$ClientStreamListenerImpl.access$700(ClientCallImpl.java:518) ~[nacos-client-2.0.4.jar:na]
	at com.alibaba.nacos.shaded.io.grpc.internal.ClientCallImpl$ClientStreamListenerImpl$1StreamClosed.runInternal(ClientCallImpl.java:692) ~[nacos-client-2.0.4.jar:na]
	at com.alibaba.nacos.shaded.io.grpc.internal.ClientCallImpl$ClientStreamListenerImpl$1StreamClosed.runInContext(ClientCallImpl.java:681) ~[nacos-client-2.0.4.jar:na]
	at com.alibaba.nacos.shaded.io.grpc.internal.ContextRunnable.run(ContextRunnable.java:37) ~[nacos-client-2.0.4.jar:na]
	at com.alibaba.nacos.shaded.io.grpc.internal.SerializingExecutor.run(SerializingExecutor.java:123) ~[nacos-client-2.0.4.jar:na]
	at java.base/java.util.concurrent.ThreadPoolExecutor.runWorker(ThreadPoolExecutor.java:1128) ~[na:na]
	at java.base/java.util.concurrent.ThreadPoolExecutor$Worker.run(ThreadPoolExecutor.java:628) ~[na:na]
	at java.base/java.lang.Thread.run(Thread.java:834) ~[na:na]
Caused by: java.io.IOException: 远程主机强迫关闭了一个现有的连接。
	at java.base/sun.nio.ch.SocketDispatcher.read0(Native Method) ~[na:na]
	at java.base/sun.nio.ch.SocketDispatcher.read(SocketDispatcher.java:43) ~[na:na]
	at java.base/sun.nio.ch.IOUtil.readIntoNativeBuffer(IOUtil.java:276) ~[na:na]
	at java.base/sun.nio.ch.IOUtil.read(IOUtil.java:233) ~[na:na]
	at java.base/sun.nio.ch.IOUtil.read(IOUtil.java:223) ~[na:na]
	at java.base/sun.nio.ch.SocketChannelImpl.read(SocketChannelImpl.java:358) ~[na:na]
	at com.alibaba.nacos.shaded.io.grpc.netty.shaded.io.netty.buffer.PooledByteBuf.setBytes(PooledByteBuf.java:247) ~[nacos-client-2.0.4.jar:na]
	at com.alibaba.nacos.shaded.io.grpc.netty.shaded.io.netty.buffer.AbstractByteBuf.writeBytes(AbstractByteBuf.java:1140) ~[nacos-client-2.0.4.jar:na]
	at com.alibaba.nacos.shaded.io.grpc.netty.shaded.io.netty.channel.socket.nio.NioSocketChannel.doReadBytes(NioSocketChannel.java:347) ~[nacos-client-2.0.4.jar:na]
	at com.alibaba.nacos.shaded.io.grpc.netty.shaded.io.netty.channel.nio.AbstractNioByteChannel$NioByteUnsafe.read(AbstractNioByteChannel.java:148) ~[nacos-client-2.0.4.jar:na]
	at com.alibaba.nacos.shaded.io.grpc.netty.shaded.io.netty.channel.nio.NioEventLoop.processSelectedKey(NioEventLoop.java:697) ~[nacos-client-2.0.4.jar:na]
	at com.alibaba.nacos.shaded.io.grpc.netty.shaded.io.netty.channel.nio.NioEventLoop.processSelectedKeysOptimized(NioEventLoop.java:632) ~[nacos-client-2.0.4.jar:na]
	at com.alibaba.nacos.shaded.io.grpc.netty.shaded.io.netty.channel.nio.NioEventLoop.processSelectedKeys(NioEventLoop.java:549) ~[nacos-client-2.0.4.jar:na]
	at com.alibaba.nacos.shaded.io.grpc.netty.shaded.io.netty.channel.nio.NioEventLoop.run(NioEventLoop.java:511) ~[nacos-client-2.0.4.jar:na]
	at com.alibaba.nacos.shaded.io.grpc.netty.shaded.io.netty.util.concurrent.SingleThreadEventExecutor$5.run(SingleThreadEventExecutor.java:918) ~[nacos-client-2.0.4.jar:na]
	at com.alibaba.nacos.shaded.io.grpc.netty.shaded.io.netty.util.internal.ThreadExecutorMap$2.run(ThreadExecutorMap.java:74) ~[nacos-client-2.0.4.jar:na]
	at com.alibaba.nacos.shaded.io.grpc.netty.shaded.io.netty.util.concurrent.FastThreadLocalRunnable.run(FastThreadLocalRunnable.java:30) ~[nacos-client-2.0.4.jar:na]
	... 1 common frames omitted

09:01:33:646  INFO 6672 --- [com.alibaba.nacos.client.remote.worker] com.alibaba.nacos.common.remote.client   : [9fe317e8-ded3-4df1-880c-432cace94a08] Try to reconnect to a new server, server is  not appointed, will choose a random server.
09:01:35:298 ERROR 6672 --- [com.alibaba.nacos.client.remote.worker] c.a.n.c.remote.client.grpc.GrpcClient    : Server check fail, please check server 43.133.192.187 ,port 9848 is available , error ={}

java.util.concurrent.ExecutionException: com.alibaba.nacos.shaded.io.grpc.StatusRuntimeException: UNAVAILABLE: io exception
	at com.alibaba.nacos.shaded.com.google.common.util.concurrent.AbstractFuture.getDoneValue(AbstractFuture.java:566) ~[nacos-client-2.0.4.jar:na]
	at com.alibaba.nacos.shaded.com.google.common.util.concurrent.AbstractFuture.get(AbstractFuture.java:445) ~[nacos-client-2.0.4.jar:na]
	at com.alibaba.nacos.common.remote.client.grpc.GrpcClient.serverCheck(GrpcClient.java:148) ~[nacos-client-2.0.4.jar:na]
	at com.alibaba.nacos.common.remote.client.grpc.GrpcClient.connectToServer(GrpcClient.java:264) ~[nacos-client-2.0.4.jar:na]
	at com.alibaba.nacos.common.remote.client.RpcClient.reconnect(RpcClient.java:522) ~[nacos-client-2.0.4.jar:na]
	at com.alibaba.nacos.common.remote.client.RpcClient.lambda$start$2(RpcClient.java:370) ~[nacos-client-2.0.4.jar:na]
	at java.base/java.util.concurrent.Executors$RunnableAdapter.call(Executors.java:515) ~[na:na]
	at java.base/java.util.concurrent.FutureTask.run(FutureTask.java:264) ~[na:na]
	at java.base/java.util.concurrent.ScheduledThreadPoolExecutor$ScheduledFutureTask.run(ScheduledThreadPoolExecutor.java:304) ~[na:na]
	at java.base/java.util.concurrent.ThreadPoolExecutor.runWorker(ThreadPoolExecutor.java:1128) ~[na:na]
	at java.base/java.util.concurrent.ThreadPoolExecutor$Worker.run(ThreadPoolExecutor.java:628) ~[na:na]
	at java.base/java.lang.Thread.run(Thread.java:834) ~[na:na]
Caused by: com.alibaba.nacos.shaded.io.grpc.StatusRuntimeException: UNAVAILABLE: io exception
	at com.alibaba.nacos.shaded.io.grpc.Status.asRuntimeException(Status.java:533) ~[nacos-client-2.0.4.jar:na]
	at com.alibaba.nacos.shaded.io.grpc.stub.ClientCalls$UnaryStreamToFuture.onClose(ClientCalls.java:490) ~[nacos-client-2.0.4.jar:na]
	at com.alibaba.nacos.shaded.io.grpc.PartialForwardingClientCallListener.onClose(PartialForwardingClientCallListener.java:39) ~[nacos-client-2.0.4.jar:na]
	at com.alibaba.nacos.shaded.io.grpc.ForwardingClientCallListener.onClose(ForwardingClientCallListener.java:23) ~[nacos-client-2.0.4.jar:na]
	at com.alibaba.nacos.shaded.io.grpc.ForwardingClientCallListener$SimpleForwardingClientCallListener.onClose(ForwardingClientCallListener.java:40) ~[nacos-client-2.0.4.jar:na]
	at com.alibaba.nacos.shaded.io.grpc.internal.CensusStatsModule$StatsClientInterceptor$1$1.onClose(CensusStatsModule.java:700) ~[nacos-client-2.0.4.jar:na]
	at com.alibaba.nacos.shaded.io.grpc.PartialForwardingClientCallListener.onClose(PartialForwardingClientCallListener.java:39) ~[nacos-client-2.0.4.jar:na]
	at com.alibaba.nacos.shaded.io.grpc.ForwardingClientCallListener.onClose(ForwardingClientCallListener.java:23) ~[nacos-client-2.0.4.jar:na]
	at com.alibaba.nacos.shaded.io.grpc.ForwardingClientCallListener$SimpleForwardingClientCallListener.onClose(ForwardingClientCallListener.java:40) ~[nacos-client-2.0.4.jar:na]
	at com.alibaba.nacos.shaded.io.grpc.internal.CensusTracingModule$TracingClientInterceptor$1$1.onClose(CensusTracingModule.java:399) ~[nacos-client-2.0.4.jar:na]
	at com.alibaba.nacos.shaded.io.grpc.internal.ClientCallImpl.closeObserver(ClientCallImpl.java:510) ~[nacos-client-2.0.4.jar:na]
	at com.alibaba.nacos.shaded.io.grpc.internal.ClientCallImpl.access$300(ClientCallImpl.java:66) ~[nacos-client-2.0.4.jar:na]
	at com.alibaba.nacos.shaded.io.grpc.internal.ClientCallImpl$ClientStreamListenerImpl.close(ClientCallImpl.java:630) ~[nacos-client-2.0.4.jar:na]
	at com.alibaba.nacos.shaded.io.grpc.internal.ClientCallImpl$ClientStreamListenerImpl.access$700(ClientCallImpl.java:518) ~[nacos-client-2.0.4.jar:na]
	at com.alibaba.nacos.shaded.io.grpc.internal.ClientCallImpl$ClientStreamListenerImpl$1StreamClosed.runInternal(ClientCallImpl.java:692) ~[nacos-client-2.0.4.jar:na]
	at com.alibaba.nacos.shaded.io.grpc.internal.ClientCallImpl$ClientStreamListenerImpl$1StreamClosed.runInContext(ClientCallImpl.java:681) ~[nacos-client-2.0.4.jar:na]
	at com.alibaba.nacos.shaded.io.grpc.internal.ContextRunnable.run(ContextRunnable.java:37) ~[nacos-client-2.0.4.jar:na]
	at com.alibaba.nacos.shaded.io.grpc.internal.SerializingExecutor.run(SerializingExecutor.java:123) ~[nacos-client-2.0.4.jar:na]
	... 3 common frames omitted
Caused by: com.alibaba.nacos.shaded.io.grpc.netty.shaded.io.netty.channel.AbstractChannel$AnnotatedNoRouteToHostException: No route to host: no further information: /43.133.192.187:9848
Caused by: java.net.NoRouteToHostException: No route to host: no further information
	at java.base/sun.nio.ch.SocketChannelImpl.checkConnect(Native Method) ~[na:na]
	at java.base/sun.nio.ch.SocketChannelImpl.finishConnect(SocketChannelImpl.java:779) ~[na:na]
	at com.alibaba.nacos.shaded.io.grpc.netty.shaded.io.netty.channel.socket.nio.NioSocketChannel.doFinishConnect(NioSocketChannel.java:327) ~[nacos-client-2.0.4.jar:na]
	at com.alibaba.nacos.shaded.io.grpc.netty.shaded.io.netty.channel.nio.AbstractNioChannel$AbstractNioUnsafe.finishConnect(AbstractNioChannel.java:336) ~[nacos-client-2.0.4.jar:na]
	at com.alibaba.nacos.shaded.io.grpc.netty.shaded.io.netty.channel.nio.NioEventLoop.processSelectedKey(NioEventLoop.java:685) ~[nacos-client-2.0.4.jar:na]
	at com.alibaba.nacos.shaded.io.grpc.netty.shaded.io.netty.channel.nio.NioEventLoop.processSelectedKeysOptimized(NioEventLoop.java:632) ~[nacos-client-2.0.4.jar:na]
	at com.alibaba.nacos.shaded.io.grpc.netty.shaded.io.netty.channel.nio.NioEventLoop.processSelectedKeys(NioEventLoop.java:549) ~[nacos-client-2.0.4.jar:na]
	at com.alibaba.nacos.shaded.io.grpc.netty.shaded.io.netty.channel.nio.NioEventLoop.run(NioEventLoop.java:511) ~[nacos-client-2.0.4.jar:na]
	at com.alibaba.nacos.shaded.io.grpc.netty.shaded.io.netty.util.concurrent.SingleThreadEventExecutor$5.run(SingleThreadEventExecutor.java:918) ~[nacos-client-2.0.4.jar:na]
	at com.alibaba.nacos.shaded.io.grpc.netty.shaded.io.netty.util.internal.ThreadExecutorMap$2.run(ThreadExecutorMap.java:74) ~[nacos-client-2.0.4.jar:na]
	at com.alibaba.nacos.shaded.io.grpc.netty.shaded.io.netty.util.concurrent.FastThreadLocalRunnable.run(FastThreadLocalRunnable.java:30) ~[nacos-client-2.0.4.jar:na]
	at java.base/java.lang.Thread.run(Thread.java:834) ~[na:na]

09:01:35:580 ERROR 6672 --- [com.alibaba.nacos.client.remote.worker] c.a.n.c.remote.client.grpc.GrpcClient    : Server check fail, please check server 43.133.192.187 ,port 9848 is available , error ={}

java.util.concurrent.ExecutionException: com.alibaba.nacos.shaded.io.grpc.StatusRuntimeException: UNAVAILABLE: io exception
	at com.alibaba.nacos.shaded.com.google.common.util.concurrent.AbstractFuture.getDoneValue(AbstractFuture.java:566) ~[nacos-client-2.0.4.jar:na]
	at com.alibaba.nacos.shaded.com.google.common.util.concurrent.AbstractFuture.get(AbstractFuture.java:445) ~[nacos-client-2.0.4.jar:na]
	at com.alibaba.nacos.common.remote.client.grpc.GrpcClient.serverCheck(GrpcClient.java:148) ~[nacos-client-2.0.4.jar:na]
	at com.alibaba.nacos.common.remote.client.grpc.GrpcClient.connectToServer(GrpcClient.java:264) ~[nacos-client-2.0.4.jar:na]
	at com.alibaba.nacos.common.remote.client.RpcClient.reconnect(RpcClient.java:522) ~[nacos-client-2.0.4.jar:na]
	at com.alibaba.nacos.common.remote.client.RpcClient.lambda$start$2(RpcClient.java:370) ~[nacos-client-2.0.4.jar:na]
	at java.base/java.util.concurrent.Executors$RunnableAdapter.call(Executors.java:515) ~[na:na]
	at java.base/java.util.concurrent.FutureTask.run(FutureTask.java:264) ~[na:na]
	at java.base/java.util.concurrent.ScheduledThreadPoolExecutor$ScheduledFutureTask.run(ScheduledThreadPoolExecutor.java:304) ~[na:na]
	at java.base/java.util.concurrent.ThreadPoolExecutor.runWorker(ThreadPoolExecutor.java:1128) ~[na:na]
	at java.base/java.util.concurrent.ThreadPoolExecutor$Worker.run(ThreadPoolExecutor.java:628) ~[na:na]
	at java.base/java.lang.Thread.run(Thread.java:834) ~[na:na]
Caused by: com.alibaba.nacos.shaded.io.grpc.StatusRuntimeException: UNAVAILABLE: io exception
	at com.alibaba.nacos.shaded.io.grpc.Status.asRuntimeException(Status.java:533) ~[nacos-client-2.0.4.jar:na]
	at com.alibaba.nacos.shaded.io.grpc.stub.ClientCalls$UnaryStreamToFuture.onClose(ClientCalls.java:490) ~[nacos-client-2.0.4.jar:na]
	at com.alibaba.nacos.shaded.io.grpc.PartialForwardingClientCallListener.onClose(PartialForwardingClientCallListener.java:39) ~[nacos-client-2.0.4.jar:na]
	at com.alibaba.nacos.shaded.io.grpc.ForwardingClientCallListener.onClose(ForwardingClientCallListener.java:23) ~[nacos-client-2.0.4.jar:na]
	at com.alibaba.nacos.shaded.io.grpc.ForwardingClientCallListener$SimpleForwardingClientCallListener.onClose(ForwardingClientCallListener.java:40) ~[nacos-client-2.0.4.jar:na]
	at com.alibaba.nacos.shaded.io.grpc.internal.CensusStatsModule$StatsClientInterceptor$1$1.onClose(CensusStatsModule.java:700) ~[nacos-client-2.0.4.jar:na]
	at com.alibaba.nacos.shaded.io.grpc.PartialForwardingClientCallListener.onClose(PartialForwardingClientCallListener.java:39) ~[nacos-client-2.0.4.jar:na]
	at com.alibaba.nacos.shaded.io.grpc.ForwardingClientCallListener.onClose(ForwardingClientCallListener.java:23) ~[nacos-client-2.0.4.jar:na]
	at com.alibaba.nacos.shaded.io.grpc.ForwardingClientCallListener$SimpleForwardingClientCallListener.onClose(ForwardingClientCallListener.java:40) ~[nacos-client-2.0.4.jar:na]
	at com.alibaba.nacos.shaded.io.grpc.internal.CensusTracingModule$TracingClientInterceptor$1$1.onClose(CensusTracingModule.java:399) ~[nacos-client-2.0.4.jar:na]
	at com.alibaba.nacos.shaded.io.grpc.internal.ClientCallImpl.closeObserver(ClientCallImpl.java:510) ~[nacos-client-2.0.4.jar:na]
	at com.alibaba.nacos.shaded.io.grpc.internal.ClientCallImpl.access$300(ClientCallImpl.java:66) ~[nacos-client-2.0.4.jar:na]
	at com.alibaba.nacos.shaded.io.grpc.internal.ClientCallImpl$ClientStreamListenerImpl.close(ClientCallImpl.java:630) ~[nacos-client-2.0.4.jar:na]
	at com.alibaba.nacos.shaded.io.grpc.internal.ClientCallImpl$ClientStreamListenerImpl.access$700(ClientCallImpl.java:518) ~[nacos-client-2.0.4.jar:na]
	at com.alibaba.nacos.shaded.io.grpc.internal.ClientCallImpl$ClientStreamListenerImpl$1StreamClosed.runInternal(ClientCallImpl.java:692) ~[nacos-client-2.0.4.jar:na]
	at com.alibaba.nacos.shaded.io.grpc.internal.ClientCallImpl$ClientStreamListenerImpl$1StreamClosed.runInContext(ClientCallImpl.java:681) ~[nacos-client-2.0.4.jar:na]
	at com.alibaba.nacos.shaded.io.grpc.internal.ContextRunnable.run(ContextRunnable.java:37) ~[nacos-client-2.0.4.jar:na]
	at com.alibaba.nacos.shaded.io.grpc.internal.SerializingExecutor.run(SerializingExecutor.java:123) ~[nacos-client-2.0.4.jar:na]
	... 3 common frames omitted
Caused by: com.alibaba.nacos.shaded.io.grpc.netty.shaded.io.netty.channel.AbstractChannel$AnnotatedNoRouteToHostException: No route to host: no further information: /43.133.192.187:9848
Caused by: java.net.NoRouteToHostException: No route to host: no further information
	at java.base/sun.nio.ch.SocketChannelImpl.checkConnect(Native Method) ~[na:na]
	at java.base/sun.nio.ch.SocketChannelImpl.finishConnect(SocketChannelImpl.java:779) ~[na:na]
	at com.alibaba.nacos.shaded.io.grpc.netty.shaded.io.netty.channel.socket.nio.NioSocketChannel.doFinishConnect(NioSocketChannel.java:327) ~[nacos-client-2.0.4.jar:na]
	at com.alibaba.nacos.shaded.io.grpc.netty.shaded.io.netty.channel.nio.AbstractNioChannel$AbstractNioUnsafe.finishConnect(AbstractNioChannel.java:336) ~[nacos-client-2.0.4.jar:na]
	at com.alibaba.nacos.shaded.io.grpc.netty.shaded.io.netty.channel.nio.NioEventLoop.processSelectedKey(NioEventLoop.java:685) ~[nacos-client-2.0.4.jar:na]
	at com.alibaba.nacos.shaded.io.grpc.netty.shaded.io.netty.channel.nio.NioEventLoop.processSelectedKeysOptimized(NioEventLoop.java:632) ~[nacos-client-2.0.4.jar:na]
	at com.alibaba.nacos.shaded.io.grpc.netty.shaded.io.netty.channel.nio.NioEventLoop.processSelectedKeys(NioEventLoop.java:549) ~[nacos-client-2.0.4.jar:na]
	at com.alibaba.nacos.shaded.io.grpc.netty.shaded.io.netty.channel.nio.NioEventLoop.run(NioEventLoop.java:511) ~[nacos-client-2.0.4.jar:na]
	at com.alibaba.nacos.shaded.io.grpc.netty.shaded.io.netty.util.concurrent.SingleThreadEventExecutor$5.run(SingleThreadEventExecutor.java:918) ~[nacos-client-2.0.4.jar:na]
	at com.alibaba.nacos.shaded.io.grpc.netty.shaded.io.netty.util.internal.ThreadExecutorMap$2.run(ThreadExecutorMap.java:74) ~[nacos-client-2.0.4.jar:na]
	at com.alibaba.nacos.shaded.io.grpc.netty.shaded.io.netty.util.concurrent.FastThreadLocalRunnable.run(FastThreadLocalRunnable.java:30) ~[nacos-client-2.0.4.jar:na]
	at java.base/java.lang.Thread.run(Thread.java:834) ~[na:na]

09:01:35:581  INFO 6672 --- [com.alibaba.nacos.client.remote.worker] com.alibaba.nacos.common.remote.client   : [9fe317e8-ded3-4df1-880c-432cace94a08] Fail to connect server, after trying 1 times, last try server is {serverIp = '43.133.192.187', server main port = 8848}, error = unknown
09:01:35:803 ERROR 6672 --- [com.alibaba.nacos.client.remote.worker] c.a.n.c.remote.client.grpc.GrpcClient    : Server check fail, please check server 43.133.192.187 ,port 9848 is available , error ={}

java.util.concurrent.ExecutionException: com.alibaba.nacos.shaded.io.grpc.StatusRuntimeException: UNAVAILABLE: io exception
	at com.alibaba.nacos.shaded.com.google.common.util.concurrent.AbstractFuture.getDoneValue(AbstractFuture.java:566) ~[nacos-client-2.0.4.jar:na]
	at com.alibaba.nacos.shaded.com.google.common.util.concurrent.AbstractFuture.get(AbstractFuture.java:445) ~[nacos-client-2.0.4.jar:na]
	at com.alibaba.nacos.common.remote.client.grpc.GrpcClient.serverCheck(GrpcClient.java:148) ~[nacos-client-2.0.4.jar:na]
	at com.alibaba.nacos.common.remote.client.grpc.GrpcClient.connectToServer(GrpcClient.java:264) ~[nacos-client-2.0.4.jar:na]
	at com.alibaba.nacos.common.remote.client.RpcClient.reconnect(RpcClient.java:522) ~[nacos-client-2.0.4.jar:na]
	at com.alibaba.nacos.common.remote.client.RpcClient.lambda$start$2(RpcClient.java:370) ~[nacos-client-2.0.4.jar:na]
	at java.base/java.util.concurrent.Executors$RunnableAdapter.call(Executors.java:515) ~[na:na]
	at java.base/java.util.concurrent.FutureTask.run(FutureTask.java:264) ~[na:na]
	at java.base/java.util.concurrent.ScheduledThreadPoolExecutor$ScheduledFutureTask.run(ScheduledThreadPoolExecutor.java:304) ~[na:na]
	at java.base/java.util.concurrent.ThreadPoolExecutor.runWorker(ThreadPoolExecutor.java:1128) ~[na:na]
	at java.base/java.util.concurrent.ThreadPoolExecutor$Worker.run(ThreadPoolExecutor.java:628) ~[na:na]
	at java.base/java.lang.Thread.run(Thread.java:834) ~[na:na]
Caused by: com.alibaba.nacos.shaded.io.grpc.StatusRuntimeException: UNAVAILABLE: io exception
	at com.alibaba.nacos.shaded.io.grpc.Status.asRuntimeException(Status.java:533) ~[nacos-client-2.0.4.jar:na]
	at com.alibaba.nacos.shaded.io.grpc.stub.ClientCalls$UnaryStreamToFuture.onClose(ClientCalls.java:490) ~[nacos-client-2.0.4.jar:na]
	at com.alibaba.nacos.shaded.io.grpc.PartialForwardingClientCallListener.onClose(PartialForwardingClientCallListener.java:39) ~[nacos-client-2.0.4.jar:na]
	at com.alibaba.nacos.shaded.io.grpc.ForwardingClientCallListener.onClose(ForwardingClientCallListener.java:23) ~[nacos-client-2.0.4.jar:na]
	at com.alibaba.nacos.shaded.io.grpc.ForwardingClientCallListener$SimpleForwardingClientCallListener.onClose(ForwardingClientCallListener.java:40) ~[nacos-client-2.0.4.jar:na]
	at com.alibaba.nacos.shaded.io.grpc.internal.CensusStatsModule$StatsClientInterceptor$1$1.onClose(CensusStatsModule.java:700) ~[nacos-client-2.0.4.jar:na]
	at com.alibaba.nacos.shaded.io.grpc.PartialForwardingClientCallListener.onClose(PartialForwardingClientCallListener.java:39) ~[nacos-client-2.0.4.jar:na]
	at com.alibaba.nacos.shaded.io.grpc.ForwardingClientCallListener.onClose(ForwardingClientCallListener.java:23) ~[nacos-client-2.0.4.jar:na]
	at com.alibaba.nacos.shaded.io.grpc.ForwardingClientCallListener$SimpleForwardingClientCallListener.onClose(ForwardingClientCallListener.java:40) ~[nacos-client-2.0.4.jar:na]
	at com.alibaba.nacos.shaded.io.grpc.internal.CensusTracingModule$TracingClientInterceptor$1$1.onClose(CensusTracingModule.java:399) ~[nacos-client-2.0.4.jar:na]
	at com.alibaba.nacos.shaded.io.grpc.internal.ClientCallImpl.closeObserver(ClientCallImpl.java:510) ~[nacos-client-2.0.4.jar:na]
	at com.alibaba.nacos.shaded.io.grpc.internal.ClientCallImpl.access$300(ClientCallImpl.java:66) ~[nacos-client-2.0.4.jar:na]
	at com.alibaba.nacos.shaded.io.grpc.internal.ClientCallImpl$ClientStreamListenerImpl.close(ClientCallImpl.java:630) ~[nacos-client-2.0.4.jar:na]
	at com.alibaba.nacos.shaded.io.grpc.internal.ClientCallImpl$ClientStreamListenerImpl.access$700(ClientCallImpl.java:518) ~[nacos-client-2.0.4.jar:na]
	at com.alibaba.nacos.shaded.io.grpc.internal.ClientCallImpl$ClientStreamListenerImpl$1StreamClosed.runInternal(ClientCallImpl.java:692) ~[nacos-client-2.0.4.jar:na]
	at com.alibaba.nacos.shaded.io.grpc.internal.ClientCallImpl$ClientStreamListenerImpl$1StreamClosed.runInContext(ClientCallImpl.java:681) ~[nacos-client-2.0.4.jar:na]
	at com.alibaba.nacos.shaded.io.grpc.internal.ContextRunnable.run(ContextRunnable.java:37) ~[nacos-client-2.0.4.jar:na]
	at com.alibaba.nacos.shaded.io.grpc.internal.SerializingExecutor.run(SerializingExecutor.java:123) ~[nacos-client-2.0.4.jar:na]
	... 3 common frames omitted
Caused by: com.alibaba.nacos.shaded.io.grpc.netty.shaded.io.netty.channel.AbstractChannel$AnnotatedNoRouteToHostException: No route to host: no further information: /43.133.192.187:9848
Caused by: java.net.NoRouteToHostException: No route to host: no further information
	at java.base/sun.nio.ch.SocketChannelImpl.checkConnect(Native Method) ~[na:na]
	at java.base/sun.nio.ch.SocketChannelImpl.finishConnect(SocketChannelImpl.java:779) ~[na:na]
	at com.alibaba.nacos.shaded.io.grpc.netty.shaded.io.netty.channel.socket.nio.NioSocketChannel.doFinishConnect(NioSocketChannel.java:327) ~[nacos-client-2.0.4.jar:na]
	at com.alibaba.nacos.shaded.io.grpc.netty.shaded.io.netty.channel.nio.AbstractNioChannel$AbstractNioUnsafe.finishConnect(AbstractNioChannel.java:336) ~[nacos-client-2.0.4.jar:na]
	at com.alibaba.nacos.shaded.io.grpc.netty.shaded.io.netty.channel.nio.NioEventLoop.processSelectedKey(NioEventLoop.java:685) ~[nacos-client-2.0.4.jar:na]
	at com.alibaba.nacos.shaded.io.grpc.netty.shaded.io.netty.channel.nio.NioEventLoop.processSelectedKeysOptimized(NioEventLoop.java:632) ~[nacos-client-2.0.4.jar:na]
	at com.alibaba.nacos.shaded.io.grpc.netty.shaded.io.netty.channel.nio.NioEventLoop.processSelectedKeys(NioEventLoop.java:549) ~[nacos-client-2.0.4.jar:na]
	at com.alibaba.nacos.shaded.io.grpc.netty.shaded.io.netty.channel.nio.NioEventLoop.run(NioEventLoop.java:511) ~[nacos-client-2.0.4.jar:na]
	at com.alibaba.nacos.shaded.io.grpc.netty.shaded.io.netty.util.concurrent.SingleThreadEventExecutor$5.run(SingleThreadEventExecutor.java:918) ~[nacos-client-2.0.4.jar:na]
	at com.alibaba.nacos.shaded.io.grpc.netty.shaded.io.netty.util.internal.ThreadExecutorMap$2.run(ThreadExecutorMap.java:74) ~[nacos-client-2.0.4.jar:na]
	at com.alibaba.nacos.shaded.io.grpc.netty.shaded.io.netty.util.concurrent.FastThreadLocalRunnable.run(FastThreadLocalRunnable.java:30) ~[nacos-client-2.0.4.jar:na]
	at java.base/java.lang.Thread.run(Thread.java:834) ~[na:na]

09:01:35:804  INFO 6672 --- [com.alibaba.nacos.client.remote.worker] com.alibaba.nacos.common.remote.client   : [9fe317e8-ded3-4df1-880c-432cace94a08] Fail to connect server, after trying 2 times, last try server is {serverIp = '43.133.192.187', server main port = 8848}, error = unknown
09:01:36:123 ERROR 6672 --- [com.alibaba.nacos.client.remote.worker] c.a.n.c.remote.client.grpc.GrpcClient    : Server check fail, please check server 43.133.192.187 ,port 9848 is available , error ={}

java.util.concurrent.ExecutionException: com.alibaba.nacos.shaded.io.grpc.StatusRuntimeException: UNAVAILABLE: io exception
	at com.alibaba.nacos.shaded.com.google.common.util.concurrent.AbstractFuture.getDoneValue(AbstractFuture.java:566) ~[nacos-client-2.0.4.jar:na]
	at com.alibaba.nacos.shaded.com.google.common.util.concurrent.AbstractFuture.get(AbstractFuture.java:445) ~[nacos-client-2.0.4.jar:na]
	at com.alibaba.nacos.common.remote.client.grpc.GrpcClient.serverCheck(GrpcClient.java:148) ~[nacos-client-2.0.4.jar:na]
	at com.alibaba.nacos.common.remote.client.grpc.GrpcClient.connectToServer(GrpcClient.java:264) ~[nacos-client-2.0.4.jar:na]
	at com.alibaba.nacos.common.remote.client.RpcClient.reconnect(RpcClient.java:522) ~[nacos-client-2.0.4.jar:na]
	at com.alibaba.nacos.common.remote.client.RpcClient.lambda$start$2(RpcClient.java:370) ~[nacos-client-2.0.4.jar:na]
	at java.base/java.util.concurrent.Executors$RunnableAdapter.call(Executors.java:515) ~[na:na]
	at java.base/java.util.concurrent.FutureTask.run(FutureTask.java:264) ~[na:na]
	at java.base/java.util.concurrent.ScheduledThreadPoolExecutor$ScheduledFutureTask.run(ScheduledThreadPoolExecutor.java:304) ~[na:na]
	at java.base/java.util.concurrent.ThreadPoolExecutor.runWorker(ThreadPoolExecutor.java:1128) ~[na:na]
	at java.base/java.util.concurrent.ThreadPoolExecutor$Worker.run(ThreadPoolExecutor.java:628) ~[na:na]
	at java.base/java.lang.Thread.run(Thread.java:834) ~[na:na]
Caused by: com.alibaba.nacos.shaded.io.grpc.StatusRuntimeException: UNAVAILABLE: io exception
	at com.alibaba.nacos.shaded.io.grpc.Status.asRuntimeException(Status.java:533) ~[nacos-client-2.0.4.jar:na]
	at com.alibaba.nacos.shaded.io.grpc.stub.ClientCalls$UnaryStreamToFuture.onClose(ClientCalls.java:490) ~[nacos-client-2.0.4.jar:na]
	at com.alibaba.nacos.shaded.io.grpc.PartialForwardingClientCallListener.onClose(PartialForwardingClientCallListener.java:39) ~[nacos-client-2.0.4.jar:na]
	at com.alibaba.nacos.shaded.io.grpc.ForwardingClientCallListener.onClose(ForwardingClientCallListener.java:23) ~[nacos-client-2.0.4.jar:na]
	at com.alibaba.nacos.shaded.io.grpc.ForwardingClientCallListener$SimpleForwardingClientCallListener.onClose(ForwardingClientCallListener.java:40) ~[nacos-client-2.0.4.jar:na]
	at com.alibaba.nacos.shaded.io.grpc.internal.CensusStatsModule$StatsClientInterceptor$1$1.onClose(CensusStatsModule.java:700) ~[nacos-client-2.0.4.jar:na]
	at com.alibaba.nacos.shaded.io.grpc.PartialForwardingClientCallListener.onClose(PartialForwardingClientCallListener.java:39) ~[nacos-client-2.0.4.jar:na]
	at com.alibaba.nacos.shaded.io.grpc.ForwardingClientCallListener.onClose(ForwardingClientCallListener.java:23) ~[nacos-client-2.0.4.jar:na]
	at com.alibaba.nacos.shaded.io.grpc.ForwardingClientCallListener$SimpleForwardingClientCallListener.onClose(ForwardingClientCallListener.java:40) ~[nacos-client-2.0.4.jar:na]
	at com.alibaba.nacos.shaded.io.grpc.internal.CensusTracingModule$TracingClientInterceptor$1$1.onClose(CensusTracingModule.java:399) ~[nacos-client-2.0.4.jar:na]
	at com.alibaba.nacos.shaded.io.grpc.internal.ClientCallImpl.closeObserver(ClientCallImpl.java:510) ~[nacos-client-2.0.4.jar:na]
	at com.alibaba.nacos.shaded.io.grpc.internal.ClientCallImpl.access$300(ClientCallImpl.java:66) ~[nacos-client-2.0.4.jar:na]
	at com.alibaba.nacos.shaded.io.grpc.internal.ClientCallImpl$ClientStreamListenerImpl.close(ClientCallImpl.java:630) ~[nacos-client-2.0.4.jar:na]
	at com.alibaba.nacos.shaded.io.grpc.internal.ClientCallImpl$ClientStreamListenerImpl.access$700(ClientCallImpl.java:518) ~[nacos-client-2.0.4.jar:na]
	at com.alibaba.nacos.shaded.io.grpc.internal.ClientCallImpl$ClientStreamListenerImpl$1StreamClosed.runInternal(ClientCallImpl.java:692) ~[nacos-client-2.0.4.jar:na]
	at com.alibaba.nacos.shaded.io.grpc.internal.ClientCallImpl$ClientStreamListenerImpl$1StreamClosed.runInContext(ClientCallImpl.java:681) ~[nacos-client-2.0.4.jar:na]
	at com.alibaba.nacos.shaded.io.grpc.internal.ContextRunnable.run(ContextRunnable.java:37) ~[nacos-client-2.0.4.jar:na]
	at com.alibaba.nacos.shaded.io.grpc.internal.SerializingExecutor.run(SerializingExecutor.java:123) ~[nacos-client-2.0.4.jar:na]
	... 3 common frames omitted
Caused by: com.alibaba.nacos.shaded.io.grpc.netty.shaded.io.netty.channel.AbstractChannel$AnnotatedNoRouteToHostException: No route to host: no further information: /43.133.192.187:9848
Caused by: java.net.NoRouteToHostException: No route to host: no further information
	at java.base/sun.nio.ch.SocketChannelImpl.checkConnect(Native Method) ~[na:na]
	at java.base/sun.nio.ch.SocketChannelImpl.finishConnect(SocketChannelImpl.java:779) ~[na:na]
	at com.alibaba.nacos.shaded.io.grpc.netty.shaded.io.netty.channel.socket.nio.NioSocketChannel.doFinishConnect(NioSocketChannel.java:327) ~[nacos-client-2.0.4.jar:na]
	at com.alibaba.nacos.shaded.io.grpc.netty.shaded.io.netty.channel.nio.AbstractNioChannel$AbstractNioUnsafe.finishConnect(AbstractNioChannel.java:336) ~[nacos-client-2.0.4.jar:na]
	at com.alibaba.nacos.shaded.io.grpc.netty.shaded.io.netty.channel.nio.NioEventLoop.processSelectedKey(NioEventLoop.java:685) ~[nacos-client-2.0.4.jar:na]
	at com.alibaba.nacos.shaded.io.grpc.netty.shaded.io.netty.channel.nio.NioEventLoop.processSelectedKeysOptimized(NioEventLoop.java:632) ~[nacos-client-2.0.4.jar:na]
	at com.alibaba.nacos.shaded.io.grpc.netty.shaded.io.netty.channel.nio.NioEventLoop.processSelectedKeys(NioEventLoop.java:549) ~[nacos-client-2.0.4.jar:na]
	at com.alibaba.nacos.shaded.io.grpc.netty.shaded.io.netty.channel.nio.NioEventLoop.run(NioEventLoop.java:511) ~[nacos-client-2.0.4.jar:na]
	at com.alibaba.nacos.shaded.io.grpc.netty.shaded.io.netty.util.concurrent.SingleThreadEventExecutor$5.run(SingleThreadEventExecutor.java:918) ~[nacos-client-2.0.4.jar:na]
	at com.alibaba.nacos.shaded.io.grpc.netty.shaded.io.netty.util.internal.ThreadExecutorMap$2.run(ThreadExecutorMap.java:74) ~[nacos-client-2.0.4.jar:na]
	at com.alibaba.nacos.shaded.io.grpc.netty.shaded.io.netty.util.concurrent.FastThreadLocalRunnable.run(FastThreadLocalRunnable.java:30) ~[nacos-client-2.0.4.jar:na]
	at java.base/java.lang.Thread.run(Thread.java:834) ~[na:na]

09:01:36:124  INFO 6672 --- [com.alibaba.nacos.client.remote.worker] com.alibaba.nacos.common.remote.client   : [9fe317e8-ded3-4df1-880c-432cace94a08] Fail to connect server, after trying 3 times, last try server is {serverIp = '43.133.192.187', server main port = 8848}, error = unknown
09:01:36:985  INFO 6672 --- [com.alibaba.nacos.client.remote.worker] com.alibaba.nacos.common.remote.client   : [9fe317e8-ded3-4df1-880c-432cace94a08] Success to connect a server [43.133.192.187:8848], connectionId = 1703383298312_144.48.139.118_10056
09:01:36:985  INFO 6672 --- [com.alibaba.nacos.client.remote.worker] com.alibaba.nacos.common.remote.client   : [9fe317e8-ded3-4df1-880c-432cace94a08] Abandon prev connection, server is 43.133.192.187:8848, connectionId is 1703341123526_144.48.139.118_2398
09:01:36:985  INFO 6672 --- [com.alibaba.nacos.client.remote.worker] com.alibaba.nacos.common.remote.client   : Close current connection 1703341123526_144.48.139.118_2398
09:01:36:986  INFO 6672 --- [com.alibaba.nacos.client.remote.worker] com.alibaba.nacos.common.remote.client   : [9fe317e8-ded3-4df1-880c-432cace94a08] Notify disconnected event to listeners
09:01:36:987  INFO 6672 --- [com.alibaba.nacos.client.remote.worker] com.alibaba.nacos.common.remote.client   : [9fe317e8-ded3-4df1-880c-432cace94a08] Notify connected event to listeners.
09:01:39:104  INFO 6672 --- [nacos-grpc-client-executor-2663] com.alibaba.nacos.common.remote.client   : [9fe317e8-ded3-4df1-880c-432cace94a08] Receive server push request, request = NotifySubscriberRequest, requestId = 167
09:01:39:105  INFO 6672 --- [nacos-grpc-client-executor-2663] com.alibaba.nacos.common.remote.client   : [9fe317e8-ded3-4df1-880c-432cace94a08] Ack server push request, request = NotifySubscriberRequest, requestId = 167
09:02:02:862  WARN 6672 --- [HikariPool-1 housekeeper] com.zaxxer.hikari.pool.HikariPool        : HikariPool-1 - Thread starvation or clock leap detected (housekeeper delta=11h10m47s234ms862µs100ns).
12:26:47:881  INFO 6672 --- [com.alibaba.nacos.client.remote.worker] com.alibaba.nacos.common.remote.client   : [9fe317e8-ded3-4df1-880c-432cace94a08] Server healthy check fail, currentConnection = 1703383298312_144.48.139.118_10056
12:26:47:884  INFO 6672 --- [com.alibaba.nacos.client.remote.worker] com.alibaba.nacos.common.remote.client   : [9fe317e8-ded3-4df1-880c-432cace94a08] Try to reconnect to a new server, server is  not appointed, will choose a random server.
12:26:49:293  INFO 6672 --- [com.alibaba.nacos.client.remote.worker] com.alibaba.nacos.common.remote.client   : [9fe317e8-ded3-4df1-880c-432cace94a08] Success to connect a server [43.133.192.187:8848], connectionId = 1703395609216_144.48.139.118_13687
12:26:49:293  INFO 6672 --- [com.alibaba.nacos.client.remote.worker] com.alibaba.nacos.common.remote.client   : [9fe317e8-ded3-4df1-880c-432cace94a08] Abandon prev connection, server is 43.133.192.187:8848, connectionId is 1703383298312_144.48.139.118_10056
12:26:49:293  INFO 6672 --- [com.alibaba.nacos.client.remote.worker] com.alibaba.nacos.common.remote.client   : Close current connection 1703383298312_144.48.139.118_10056
12:26:49:294  INFO 6672 --- [com.alibaba.nacos.client.remote.worker] com.alibaba.nacos.common.remote.client   : [9fe317e8-ded3-4df1-880c-432cace94a08] Notify disconnected event to listeners
12:26:49:295  WARN 6672 --- [nacos-grpc-client-executor-5090] c.a.n.c.remote.client.grpc.GrpcClient    : [1703383298312_144.48.139.118_10056]Ignore error event,isRunning:true,isAbandon=true
12:26:49:295  INFO 6672 --- [com.alibaba.nacos.client.remote.worker] com.alibaba.nacos.common.remote.client   : [9fe317e8-ded3-4df1-880c-432cace94a08] Notify connected event to listeners.
12:26:52:533  INFO 6672 --- [nacos-grpc-client-executor-5094] com.alibaba.nacos.common.remote.client   : [9fe317e8-ded3-4df1-880c-432cace94a08] Receive server push request, request = NotifySubscriberRequest, requestId = 195
12:26:52:533  INFO 6672 --- [nacos-grpc-client-executor-5094] com.alibaba.nacos.common.remote.client   : [9fe317e8-ded3-4df1-880c-432cace94a08] Ack server push request, request = NotifySubscriberRequest, requestId = 195
12:30:10:687  INFO 6672 --- [com.alibaba.nacos.client.remote.worker] com.alibaba.nacos.common.remote.client   : [9fe317e8-ded3-4df1-880c-432cace94a08] Server healthy check fail, currentConnection = 1703395609216_144.48.139.118_13687
12:30:10:688  INFO 6672 --- [com.alibaba.nacos.client.remote.worker] com.alibaba.nacos.common.remote.client   : [9fe317e8-ded3-4df1-880c-432cace94a08] Try to reconnect to a new server, server is  not appointed, will choose a random server.
12:30:13:707 ERROR 6672 --- [com.alibaba.nacos.client.remote.worker] c.a.n.c.remote.client.grpc.GrpcClient    : Server check fail, please check server 43.133.192.187 ,port 9848 is available , error ={}

java.util.concurrent.TimeoutException: Waited 3000 milliseconds (plus 15 milliseconds, 791700 nanoseconds delay) for com.alibaba.nacos.shaded.io.grpc.stub.ClientCalls$GrpcFuture@431c65fb[status=PENDING, info=[GrpcFuture{clientCall={delegate={delegate=ClientCallImpl{method=MethodDescriptor{fullMethodName=Request/request, type=UNARY, idempotent=false, safe=false, sampledToLocalTracing=true, requestMarshaller=com.alibaba.nacos.shaded.io.grpc.protobuf.lite.ProtoLiteUtils$MessageMarshaller@47a72e95, responseMarshaller=com.alibaba.nacos.shaded.io.grpc.protobuf.lite.ProtoLiteUtils$MessageMarshaller@21c5818d, schemaDescriptor=com.alibaba.nacos.api.grpc.auto.RequestGrpc$RequestMethodDescriptorSupplier@4d89c8bb}}}}}]]
	at com.alibaba.nacos.shaded.com.google.common.util.concurrent.AbstractFuture.get(AbstractFuture.java:508) ~[nacos-client-2.0.4.jar:na]
	at com.alibaba.nacos.common.remote.client.grpc.GrpcClient.serverCheck(GrpcClient.java:148) ~[nacos-client-2.0.4.jar:na]
	at com.alibaba.nacos.common.remote.client.grpc.GrpcClient.connectToServer(GrpcClient.java:264) ~[nacos-client-2.0.4.jar:na]
	at com.alibaba.nacos.common.remote.client.RpcClient.reconnect(RpcClient.java:522) ~[nacos-client-2.0.4.jar:na]
	at com.alibaba.nacos.common.remote.client.RpcClient.lambda$start$2(RpcClient.java:370) ~[nacos-client-2.0.4.jar:na]
	at java.base/java.util.concurrent.Executors$RunnableAdapter.call(Executors.java:515) ~[na:na]
	at java.base/java.util.concurrent.FutureTask.run(FutureTask.java:264) ~[na:na]
	at java.base/java.util.concurrent.ScheduledThreadPoolExecutor$ScheduledFutureTask.run(ScheduledThreadPoolExecutor.java:304) ~[na:na]
	at java.base/java.util.concurrent.ThreadPoolExecutor.runWorker(ThreadPoolExecutor.java:1128) ~[na:na]
	at java.base/java.util.concurrent.ThreadPoolExecutor$Worker.run(ThreadPoolExecutor.java:628) ~[na:na]
	at java.base/java.lang.Thread.run(Thread.java:834) ~[na:na]

12:30:15:209  INFO 6672 --- [com.alibaba.nacos.client.remote.worker] com.alibaba.nacos.common.remote.client   : [9fe317e8-ded3-4df1-880c-432cace94a08] Success to connect a server [43.133.192.187:8848], connectionId = 1703395815132_144.48.139.118_13838
12:30:15:209  INFO 6672 --- [com.alibaba.nacos.client.remote.worker] com.alibaba.nacos.common.remote.client   : [9fe317e8-ded3-4df1-880c-432cace94a08] Abandon prev connection, server is 43.133.192.187:8848, connectionId is 1703395609216_144.48.139.118_13687
12:30:15:209  INFO 6672 --- [com.alibaba.nacos.client.remote.worker] com.alibaba.nacos.common.remote.client   : Close current connection 1703395609216_144.48.139.118_13687
12:30:15:209  INFO 6672 --- [com.alibaba.nacos.client.remote.worker] com.alibaba.nacos.common.remote.client   : [9fe317e8-ded3-4df1-880c-432cace94a08] Notify disconnected event to listeners
12:30:15:210  INFO 6672 --- [com.alibaba.nacos.client.remote.worker] com.alibaba.nacos.common.remote.client   : [9fe317e8-ded3-4df1-880c-432cace94a08] Notify connected event to listeners.
12:30:15:210  WARN 6672 --- [nacos-grpc-client-executor-5136] c.a.n.c.remote.client.grpc.GrpcClient    : [1703395609216_144.48.139.118_13687]Ignore error event,isRunning:true,isAbandon=true
12:30:17:133  INFO 6672 --- [nacos-grpc-client-executor-5140] com.alibaba.nacos.common.remote.client   : [9fe317e8-ded3-4df1-880c-432cace94a08] Receive server push request, request = NotifySubscriberRequest, requestId = 209
12:30:17:133  INFO 6672 --- [nacos-grpc-client-executor-5140] com.alibaba.nacos.common.remote.client   : [9fe317e8-ded3-4df1-880c-432cace94a08] Ack server push request, request = NotifySubscriberRequest, requestId = 209
14:56:01:355  INFO 6672 --- [com.alibaba.nacos.client.remote.worker] com.alibaba.nacos.common.remote.client   : [9fe317e8-ded3-4df1-880c-432cace94a08] Server healthy check fail, currentConnection = 1703395815132_144.48.139.118_13838
14:56:01:355  INFO 6672 --- [com.alibaba.nacos.client.remote.worker] com.alibaba.nacos.common.remote.client   : [9fe317e8-ded3-4df1-880c-432cace94a08] Try to reconnect to a new server, server is  not appointed, will choose a random server.
14:56:04:358 ERROR 6672 --- [com.alibaba.nacos.client.remote.worker] c.a.n.c.remote.client.grpc.GrpcClient    : Server check fail, please check server 43.133.192.187 ,port 9848 is available , error ={}

java.util.concurrent.TimeoutException: Waited 3000 milliseconds (plus 1 milliseconds, 238000 nanoseconds delay) for com.alibaba.nacos.shaded.io.grpc.stub.ClientCalls$GrpcFuture@34c1fe27[status=PENDING, info=[GrpcFuture{clientCall={delegate={delegate=ClientCallImpl{method=MethodDescriptor{fullMethodName=Request/request, type=UNARY, idempotent=false, safe=false, sampledToLocalTracing=true, requestMarshaller=com.alibaba.nacos.shaded.io.grpc.protobuf.lite.ProtoLiteUtils$MessageMarshaller@47a72e95, responseMarshaller=com.alibaba.nacos.shaded.io.grpc.protobuf.lite.ProtoLiteUtils$MessageMarshaller@21c5818d, schemaDescriptor=com.alibaba.nacos.api.grpc.auto.RequestGrpc$RequestMethodDescriptorSupplier@4d89c8bb}}}}}]]
	at com.alibaba.nacos.shaded.com.google.common.util.concurrent.AbstractFuture.get(AbstractFuture.java:508) ~[nacos-client-2.0.4.jar:na]
	at com.alibaba.nacos.common.remote.client.grpc.GrpcClient.serverCheck(GrpcClient.java:148) ~[nacos-client-2.0.4.jar:na]
	at com.alibaba.nacos.common.remote.client.grpc.GrpcClient.connectToServer(GrpcClient.java:264) ~[nacos-client-2.0.4.jar:na]
	at com.alibaba.nacos.common.remote.client.RpcClient.reconnect(RpcClient.java:522) ~[nacos-client-2.0.4.jar:na]
	at com.alibaba.nacos.common.remote.client.RpcClient.lambda$start$2(RpcClient.java:370) ~[nacos-client-2.0.4.jar:na]
	at java.base/java.util.concurrent.Executors$RunnableAdapter.call(Executors.java:515) ~[na:na]
	at java.base/java.util.concurrent.FutureTask.run(FutureTask.java:264) ~[na:na]
	at java.base/java.util.concurrent.ScheduledThreadPoolExecutor$ScheduledFutureTask.run(ScheduledThreadPoolExecutor.java:304) ~[na:na]
	at java.base/java.util.concurrent.ThreadPoolExecutor.runWorker(ThreadPoolExecutor.java:1128) ~[na:na]
	at java.base/java.util.concurrent.ThreadPoolExecutor$Worker.run(ThreadPoolExecutor.java:628) ~[na:na]
	at java.base/java.lang.Thread.run(Thread.java:834) ~[na:na]

14:56:07:480 ERROR 6672 --- [com.alibaba.nacos.client.remote.worker] c.a.n.c.remote.client.grpc.GrpcClient    : Server check fail, please check server 43.133.192.187 ,port 9848 is available , error ={}

java.util.concurrent.TimeoutException: Waited 3000 milliseconds (plus 10 milliseconds, 240300 nanoseconds delay) for com.alibaba.nacos.shaded.io.grpc.stub.ClientCalls$GrpcFuture@57685b98[status=PENDING, info=[GrpcFuture{clientCall={delegate={delegate=ClientCallImpl{method=MethodDescriptor{fullMethodName=Request/request, type=UNARY, idempotent=false, safe=false, sampledToLocalTracing=true, requestMarshaller=com.alibaba.nacos.shaded.io.grpc.protobuf.lite.ProtoLiteUtils$MessageMarshaller@47a72e95, responseMarshaller=com.alibaba.nacos.shaded.io.grpc.protobuf.lite.ProtoLiteUtils$MessageMarshaller@21c5818d, schemaDescriptor=com.alibaba.nacos.api.grpc.auto.RequestGrpc$RequestMethodDescriptorSupplier@4d89c8bb}}}}}]]
	at com.alibaba.nacos.shaded.com.google.common.util.concurrent.AbstractFuture.get(AbstractFuture.java:508) ~[nacos-client-2.0.4.jar:na]
	at com.alibaba.nacos.common.remote.client.grpc.GrpcClient.serverCheck(GrpcClient.java:148) ~[nacos-client-2.0.4.jar:na]
	at com.alibaba.nacos.common.remote.client.grpc.GrpcClient.connectToServer(GrpcClient.java:264) ~[nacos-client-2.0.4.jar:na]
	at com.alibaba.nacos.common.remote.client.RpcClient.reconnect(RpcClient.java:522) ~[nacos-client-2.0.4.jar:na]
	at com.alibaba.nacos.common.remote.client.RpcClient.lambda$start$2(RpcClient.java:370) ~[nacos-client-2.0.4.jar:na]
	at java.base/java.util.concurrent.Executors$RunnableAdapter.call(Executors.java:515) ~[na:na]
	at java.base/java.util.concurrent.FutureTask.run(FutureTask.java:264) ~[na:na]
	at java.base/java.util.concurrent.ScheduledThreadPoolExecutor$ScheduledFutureTask.run(ScheduledThreadPoolExecutor.java:304) ~[na:na]
	at java.base/java.util.concurrent.ThreadPoolExecutor.runWorker(ThreadPoolExecutor.java:1128) ~[na:na]
	at java.base/java.util.concurrent.ThreadPoolExecutor$Worker.run(ThreadPoolExecutor.java:628) ~[na:na]
	at java.base/java.lang.Thread.run(Thread.java:834) ~[na:na]

14:56:07:481  INFO 6672 --- [com.alibaba.nacos.client.remote.worker] com.alibaba.nacos.common.remote.client   : [9fe317e8-ded3-4df1-880c-432cace94a08] Fail to connect server, after trying 1 times, last try server is {serverIp = '43.133.192.187', server main port = 8848}, error = unknown
14:56:10:698 ERROR 6672 --- [com.alibaba.nacos.client.remote.worker] c.a.n.c.remote.client.grpc.GrpcClient    : Server check fail, please check server 43.133.192.187 ,port 9848 is available , error ={}

java.util.concurrent.TimeoutException: Waited 3000 milliseconds (plus 13 milliseconds, 538500 nanoseconds delay) for com.alibaba.nacos.shaded.io.grpc.stub.ClientCalls$GrpcFuture@4c319aed[status=PENDING, info=[GrpcFuture{clientCall={delegate={delegate=ClientCallImpl{method=MethodDescriptor{fullMethodName=Request/request, type=UNARY, idempotent=false, safe=false, sampledToLocalTracing=true, requestMarshaller=com.alibaba.nacos.shaded.io.grpc.protobuf.lite.ProtoLiteUtils$MessageMarshaller@47a72e95, responseMarshaller=com.alibaba.nacos.shaded.io.grpc.protobuf.lite.ProtoLiteUtils$MessageMarshaller@21c5818d, schemaDescriptor=com.alibaba.nacos.api.grpc.auto.RequestGrpc$RequestMethodDescriptorSupplier@4d89c8bb}}}}}]]
	at com.alibaba.nacos.shaded.com.google.common.util.concurrent.AbstractFuture.get(AbstractFuture.java:508) ~[nacos-client-2.0.4.jar:na]
	at com.alibaba.nacos.common.remote.client.grpc.GrpcClient.serverCheck(GrpcClient.java:148) ~[nacos-client-2.0.4.jar:na]
	at com.alibaba.nacos.common.remote.client.grpc.GrpcClient.connectToServer(GrpcClient.java:264) ~[nacos-client-2.0.4.jar:na]
	at com.alibaba.nacos.common.remote.client.RpcClient.reconnect(RpcClient.java:522) ~[nacos-client-2.0.4.jar:na]
	at com.alibaba.nacos.common.remote.client.RpcClient.lambda$start$2(RpcClient.java:370) ~[nacos-client-2.0.4.jar:na]
	at java.base/java.util.concurrent.Executors$RunnableAdapter.call(Executors.java:515) ~[na:na]
	at java.base/java.util.concurrent.FutureTask.run(FutureTask.java:264) ~[na:na]
	at java.base/java.util.concurrent.ScheduledThreadPoolExecutor$ScheduledFutureTask.run(ScheduledThreadPoolExecutor.java:304) ~[na:na]
	at java.base/java.util.concurrent.ThreadPoolExecutor.runWorker(ThreadPoolExecutor.java:1128) ~[na:na]
	at java.base/java.util.concurrent.ThreadPoolExecutor$Worker.run(ThreadPoolExecutor.java:628) ~[na:na]
	at java.base/java.lang.Thread.run(Thread.java:834) ~[na:na]

14:56:10:699  INFO 6672 --- [com.alibaba.nacos.client.remote.worker] com.alibaba.nacos.common.remote.client   : [9fe317e8-ded3-4df1-880c-432cace94a08] Fail to connect server, after trying 2 times, last try server is {serverIp = '43.133.192.187', server main port = 8848}, error = unknown
14:56:11:379  INFO 6672 --- [com.alibaba.nacos.client.remote.worker] com.alibaba.nacos.common.remote.client   : [9fe317e8-ded3-4df1-880c-432cace94a08] Success to connect a server [43.133.192.187:8848], connectionId = 1703404571430_144.48.139.118_13055
14:56:11:379  INFO 6672 --- [com.alibaba.nacos.client.remote.worker] com.alibaba.nacos.common.remote.client   : [9fe317e8-ded3-4df1-880c-432cace94a08] Abandon prev connection, server is 43.133.192.187:8848, connectionId is 1703395815132_144.48.139.118_13838
14:56:11:379  INFO 6672 --- [com.alibaba.nacos.client.remote.worker] com.alibaba.nacos.common.remote.client   : Close current connection 1703395815132_144.48.139.118_13838
14:56:11:380  INFO 6672 --- [com.alibaba.nacos.client.remote.worker] com.alibaba.nacos.common.remote.client   : [9fe317e8-ded3-4df1-880c-432cace94a08] Notify disconnected event to listeners
14:56:11:380  INFO 6672 --- [com.alibaba.nacos.client.remote.worker] com.alibaba.nacos.common.remote.client   : [9fe317e8-ded3-4df1-880c-432cace94a08] Notify connected event to listeners.
14:56:11:381  WARN 6672 --- [nacos-grpc-client-executor-6865] c.a.n.c.remote.client.grpc.GrpcClient    : [1703395815132_144.48.139.118_13838]Ignore error event,isRunning:true,isAbandon=true
14:56:13:863  INFO 6672 --- [nacos-grpc-client-executor-6869] com.alibaba.nacos.common.remote.client   : [9fe317e8-ded3-4df1-880c-432cace94a08] Receive server push request, request = NotifySubscriberRequest, requestId = 226
14:56:13:863  INFO 6672 --- [nacos-grpc-client-executor-6869] com.alibaba.nacos.common.remote.client   : [9fe317e8-ded3-4df1-880c-432cace94a08] Ack server push request, request = NotifySubscriberRequest, requestId = 226
14:56:16:965  INFO 6672 --- [nacos-grpc-client-executor-6870] com.alibaba.nacos.common.remote.client   : [9fe317e8-ded3-4df1-880c-432cace94a08] Receive server push request, request = NotifySubscriberRequest, requestId = 238
14:56:16:965  INFO 6672 --- [nacos-grpc-client-executor-6870] com.alibaba.nacos.common.remote.client   : [9fe317e8-ded3-4df1-880c-432cace94a08] Ack server push request, request = NotifySubscriberRequest, requestId = 238
14:58:41:818  INFO 6672 --- [com.alibaba.nacos.client.remote.worker] com.alibaba.nacos.common.remote.client   : [9fe317e8-ded3-4df1-880c-432cace94a08] Server healthy check fail, currentConnection = 1703404571430_144.48.139.118_13055
14:58:41:818  INFO 6672 --- [com.alibaba.nacos.client.remote.worker] com.alibaba.nacos.common.remote.client   : [9fe317e8-ded3-4df1-880c-432cace94a08] Try to reconnect to a new server, server is  not appointed, will choose a random server.
14:58:44:823 ERROR 6672 --- [com.alibaba.nacos.client.remote.worker] c.a.n.c.remote.client.grpc.GrpcClient    : Server check fail, please check server 43.133.192.187 ,port 9848 is available , error ={}

java.util.concurrent.TimeoutException: Waited 3000 milliseconds (plus 3 milliseconds, 808900 nanoseconds delay) for com.alibaba.nacos.shaded.io.grpc.stub.ClientCalls$GrpcFuture@36f37c01[status=PENDING, info=[GrpcFuture{clientCall={delegate={delegate=ClientCallImpl{method=MethodDescriptor{fullMethodName=Request/request, type=UNARY, idempotent=false, safe=false, sampledToLocalTracing=true, requestMarshaller=com.alibaba.nacos.shaded.io.grpc.protobuf.lite.ProtoLiteUtils$MessageMarshaller@47a72e95, responseMarshaller=com.alibaba.nacos.shaded.io.grpc.protobuf.lite.ProtoLiteUtils$MessageMarshaller@21c5818d, schemaDescriptor=com.alibaba.nacos.api.grpc.auto.RequestGrpc$RequestMethodDescriptorSupplier@4d89c8bb}}}}}]]
	at com.alibaba.nacos.shaded.com.google.common.util.concurrent.AbstractFuture.get(AbstractFuture.java:508) ~[nacos-client-2.0.4.jar:na]
	at com.alibaba.nacos.common.remote.client.grpc.GrpcClient.serverCheck(GrpcClient.java:148) ~[nacos-client-2.0.4.jar:na]
	at com.alibaba.nacos.common.remote.client.grpc.GrpcClient.connectToServer(GrpcClient.java:264) ~[nacos-client-2.0.4.jar:na]
	at com.alibaba.nacos.common.remote.client.RpcClient.reconnect(RpcClient.java:522) ~[nacos-client-2.0.4.jar:na]
	at com.alibaba.nacos.common.remote.client.RpcClient.lambda$start$2(RpcClient.java:370) ~[nacos-client-2.0.4.jar:na]
	at java.base/java.util.concurrent.Executors$RunnableAdapter.call(Executors.java:515) ~[na:na]
	at java.base/java.util.concurrent.FutureTask.run(FutureTask.java:264) ~[na:na]
	at java.base/java.util.concurrent.ScheduledThreadPoolExecutor$ScheduledFutureTask.run(ScheduledThreadPoolExecutor.java:304) ~[na:na]
	at java.base/java.util.concurrent.ThreadPoolExecutor.runWorker(ThreadPoolExecutor.java:1128) ~[na:na]
	at java.base/java.util.concurrent.ThreadPoolExecutor$Worker.run(ThreadPoolExecutor.java:628) ~[na:na]
	at java.base/java.lang.Thread.run(Thread.java:834) ~[na:na]

14:58:45:326  INFO 6672 --- [com.alibaba.nacos.client.remote.worker] com.alibaba.nacos.common.remote.client   : [9fe317e8-ded3-4df1-880c-432cace94a08] Success to connect a server [43.133.192.187:8848], connectionId = 1703404725366_144.48.139.118_13194
14:58:45:326  INFO 6672 --- [com.alibaba.nacos.client.remote.worker] com.alibaba.nacos.common.remote.client   : [9fe317e8-ded3-4df1-880c-432cace94a08] Abandon prev connection, server is 43.133.192.187:8848, connectionId is 1703404571430_144.48.139.118_13055
14:58:45:326  INFO 6672 --- [com.alibaba.nacos.client.remote.worker] com.alibaba.nacos.common.remote.client   : Close current connection 1703404571430_144.48.139.118_13055
14:58:45:327  INFO 6672 --- [com.alibaba.nacos.client.remote.worker] com.alibaba.nacos.common.remote.client   : [9fe317e8-ded3-4df1-880c-432cace94a08] Notify disconnected event to listeners
14:58:45:328  INFO 6672 --- [com.alibaba.nacos.client.remote.worker] com.alibaba.nacos.common.remote.client   : [9fe317e8-ded3-4df1-880c-432cace94a08] Notify connected event to listeners.
14:58:45:328  WARN 6672 --- [nacos-grpc-client-executor-6902] c.a.n.c.remote.client.grpc.GrpcClient    : [1703404571430_144.48.139.118_13055]Ignore error event,isRunning:true,isAbandon=true
14:58:47:508  INFO 6672 --- [nacos-grpc-client-executor-6906] com.alibaba.nacos.common.remote.client   : [9fe317e8-ded3-4df1-880c-432cace94a08] Receive server push request, request = NotifySubscriberRequest, requestId = 244
14:58:47:508  INFO 6672 --- [nacos-grpc-client-executor-6906] com.alibaba.nacos.common.remote.client   : [9fe317e8-ded3-4df1-880c-432cace94a08] Ack server push request, request = NotifySubscriberRequest, requestId = 244
14:59:17:963  WARN 6672 --- [Thread-4] c.a.nacos.common.notify.NotifyCenter     : [NotifyCenter] Start destroying Publisher
14:59:17:963  WARN 6672 --- [Thread-7] c.a.n.common.http.HttpClientBeanHolder   : [HttpClientBeanHolder] Start destroying common HttpClient
14:59:17:963  WARN 6672 --- [Thread-4] c.a.nacos.common.notify.NotifyCenter     : [NotifyCenter] Destruction of the end
14:59:17:965  WARN 6672 --- [Thread-7] c.a.n.common.http.HttpClientBeanHolder   : [HttpClientBeanHolder] Destruction of the end
14:59:18:751  INFO 6672 --- [SpringApplicationShutdownHook] c.a.c.n.registry.NacosServiceRegistry    : De-registering from Nacos Server now...
14:59:18:844  INFO 6672 --- [SpringApplicationShutdownHook] c.a.c.n.registry.NacosServiceRegistry    : De-registration finished.
14:59:19:171  INFO 6672 --- [SpringApplicationShutdownHook] com.alibaba.nacos.common.remote.client   : Shutdown rpc client, set status to shutdown
14:59:19:172  INFO 6672 --- [SpringApplicationShutdownHook] com.alibaba.nacos.common.remote.client   : Shutdown client event executor java.util.concurrent.ScheduledThreadPoolExecutor@74a14fd[Running, pool size = 2, active threads = 2, queued tasks = 0, completed tasks = 0]
14:59:19:172  INFO 6672 --- [SpringApplicationShutdownHook] com.alibaba.nacos.common.remote.client   : Close current connection 1703404725366_144.48.139.118_13194
14:59:19:174  INFO 6672 --- [SpringApplicationShutdownHook] c.a.n.c.remote.client.grpc.GrpcClient    : Shutdown grpc executor java.util.concurrent.ThreadPoolExecutor@2b3ef6da[Running, pool size = 4, active threads = 0, queued tasks = 0, completed tasks = 6915]
14:59:19:178  INFO 6672 --- [SpringApplicationShutdownHook] com.zaxxer.hikari.HikariDataSource       : HikariPool-1 - Shutdown initiated...
14:59:20:118  INFO 6672 --- [SpringApplicationShutdownHook] com.zaxxer.hikari.HikariDataSource       : HikariPool-1 - Shutdown completed.
14:59:43:421  INFO 17472 --- [main] com.hmall.pay.PayApplication             : Starting PayApplication using Java 11.0.12 on DESKTOP-RLHUNOD with PID 17472 (F:\notes\SpringCloud\codes\hmall\pay-service\target\classes started by jinlin in F:\notes\SpringCloud\codes\hmall)
14:59:43:424 DEBUG 17472 --- [main] com.hmall.pay.PayApplication             : Running with Spring Boot v2.7.12, Spring v5.3.27
14:59:43:425  INFO 17472 --- [main] com.hmall.pay.PayApplication             : The following 1 profile is active: "local"
14:59:45:555  INFO 17472 --- [main] o.s.cloud.context.scope.GenericScope     : BeanFactory id=bfb5ec08-44f3-37f7-bbc6-ca5a7a3d3722
14:59:46:215  INFO 17472 --- [main] o.s.b.w.embedded.tomcat.TomcatWebServer  : Tomcat initialized with port(s): 8087 (http)
14:59:46:226  INFO 17472 --- [main] o.apache.catalina.core.StandardService   : Starting service [Tomcat]
14:59:46:226  INFO 17472 --- [main] org.apache.catalina.core.StandardEngine  : Starting Servlet engine: [Apache Tomcat/9.0.75]
14:59:46:429  INFO 17472 --- [main] o.a.c.c.C.[Tomcat].[localhost].[/]       : Initializing Spring embedded WebApplicationContext
14:59:46:429  INFO 17472 --- [main] w.s.c.ServletWebServerApplicationContext : Root WebApplicationContext: initialization completed in 2932 ms
14:59:46:861  INFO 17472 --- [main] o.s.c.openfeign.FeignClientFactoryBean   : For 'user-service' URL not provided. Will try picking an instance via load-balancing.
14:59:47:453  INFO 17472 --- [main] o.s.c.openfeign.FeignClientFactoryBean   : For 'trade-service' URL not provided. Will try picking an instance via load-balancing.
14:59:50:531  INFO 17472 --- [main] pertySourcedRequestMappingHandlerMapping : Mapped URL path [/v2/api-docs] onto method [springfox.documentation.swagger2.web.Swagger2ControllerWebMvc#getDocumentation(String, HttpServletRequest)]
14:59:51:452  INFO 17472 --- [main] com.alibaba.nacos.common.remote.client   : [RpcClientFactory] create a new rpc client of a3d91367-2c58-4003-a41d-4eb422b55aef
14:59:51:523  INFO 17472 --- [main] org.reflections.Reflections              : Reflections took 34 ms to scan 1 urls, producing 3 keys and 6 values 
14:59:51:571  INFO 17472 --- [main] org.reflections.Reflections              : Reflections took 24 ms to scan 1 urls, producing 4 keys and 9 values 
14:59:51:583  INFO 17472 --- [main] org.reflections.Reflections              : Reflections took 7 ms to scan 1 urls, producing 3 keys and 10 values 
14:59:51:587  WARN 17472 --- [main] org.reflections.Reflections              : given scan urls are empty. set urls in the configuration
14:59:51:597  INFO 17472 --- [main] org.reflections.Reflections              : Reflections took 9 ms to scan 1 urls, producing 1 keys and 5 values 
14:59:51:628  INFO 17472 --- [main] org.reflections.Reflections              : Reflections took 27 ms to scan 1 urls, producing 1 keys and 7 values 
14:59:51:652  INFO 17472 --- [main] org.reflections.Reflections              : Reflections took 20 ms to scan 1 urls, producing 2 keys and 8 values 
14:59:51:655  WARN 17472 --- [main] org.reflections.Reflections              : given scan urls are empty. set urls in the configuration
14:59:51:657  INFO 17472 --- [main] com.alibaba.nacos.common.remote.client   : [a3d91367-2c58-4003-a41d-4eb422b55aef] RpcClient init label, labels = {module=naming, source=sdk}
14:59:51:660  INFO 17472 --- [main] com.alibaba.nacos.common.remote.client   : [a3d91367-2c58-4003-a41d-4eb422b55aef] RpcClient init, ServerListFactory = com.alibaba.nacos.client.naming.core.ServerListManager
14:59:51:661  INFO 17472 --- [main] com.alibaba.nacos.common.remote.client   : [a3d91367-2c58-4003-a41d-4eb422b55aef] Registry connection listener to current client:com.alibaba.nacos.client.naming.remote.gprc.redo.NamingGrpcRedoService
14:59:51:662  INFO 17472 --- [main] com.alibaba.nacos.common.remote.client   : [a3d91367-2c58-4003-a41d-4eb422b55aef] Register server push request handler:com.alibaba.nacos.client.naming.remote.gprc.NamingPushRequestHandler
14:59:51:665  INFO 17472 --- [main] com.alibaba.nacos.common.remote.client   : [a3d91367-2c58-4003-a41d-4eb422b55aef] Try to connect to server on start up, server: {serverIp = '43.133.192.187', server main port = 8848}
14:59:54:202  INFO 17472 --- [main] com.alibaba.nacos.common.remote.client   : [a3d91367-2c58-4003-a41d-4eb422b55aef] Success to connect to server [43.133.192.187:8848] on start up, connectionId = 1703404794173_144.48.139.118_13542
14:59:54:203  INFO 17472 --- [com.alibaba.nacos.client.remote.worker] com.alibaba.nacos.common.remote.client   : [a3d91367-2c58-4003-a41d-4eb422b55aef] Notify connected event to listeners.
14:59:54:204  INFO 17472 --- [main] com.alibaba.nacos.common.remote.client   : [a3d91367-2c58-4003-a41d-4eb422b55aef] Register server push request handler:com.alibaba.nacos.common.remote.client.RpcClient$ConnectResetRequestHandler
14:59:54:206  INFO 17472 --- [main] com.alibaba.nacos.common.remote.client   : [a3d91367-2c58-4003-a41d-4eb422b55aef] Register server push request handler:com.alibaba.nacos.common.remote.client.RpcClient$$Lambda$989/0x0000000800828440
14:59:54:345  INFO 17472 --- [main] o.s.b.w.embedded.tomcat.TomcatWebServer  : Tomcat started on port(s): 8087 (http) with context path ''
14:59:54:439  INFO 17472 --- [main] c.a.c.n.registry.NacosServiceRegistry    : nacos registry, DEFAULT_GROUP pay-service 192.168.0.111:8087 register finished
14:59:54:887  INFO 17472 --- [nacos-grpc-client-executor-9] com.alibaba.nacos.common.remote.client   : [a3d91367-2c58-4003-a41d-4eb422b55aef] Receive server push request, request = NotifySubscriberRequest, requestId = 256
14:59:54:890  INFO 17472 --- [nacos-grpc-client-executor-9] com.alibaba.nacos.common.remote.client   : [a3d91367-2c58-4003-a41d-4eb422b55aef] Ack server push request, request = NotifySubscriberRequest, requestId = 256
14:59:55:062  INFO 17472 --- [main] d.s.w.p.DocumentationPluginsBootstrapper : Documentation plugins bootstrapped
14:59:55:065  INFO 17472 --- [main] d.s.w.p.DocumentationPluginsBootstrapper : Found 1 custom documentation plugin(s)
14:59:55:093  INFO 17472 --- [main] s.d.s.w.s.ApiListingReferenceScanner     : Scanning for api listing references
14:59:55:228  INFO 17472 --- [main] com.hmall.pay.PayApplication             : Started PayApplication in 13.525 seconds (JVM running for 15.223)
15:01:31:388  INFO 17472 --- [com.alibaba.nacos.client.remote.worker] com.alibaba.nacos.common.remote.client   : [a3d91367-2c58-4003-a41d-4eb422b55aef] Server healthy check fail, currentConnection = 1703404794173_144.48.139.118_13542
15:01:31:389  INFO 17472 --- [com.alibaba.nacos.client.remote.worker] com.alibaba.nacos.common.remote.client   : [a3d91367-2c58-4003-a41d-4eb422b55aef] Try to reconnect to a new server, server is  not appointed, will choose a random server.
15:01:34:407 ERROR 17472 --- [com.alibaba.nacos.client.remote.worker] c.a.n.c.remote.client.grpc.GrpcClient    : Server check fail, please check server 43.133.192.187 ,port 9848 is available , error ={}

java.util.concurrent.TimeoutException: Waited 3000 milliseconds (plus 13 milliseconds, 328400 nanoseconds delay) for com.alibaba.nacos.shaded.io.grpc.stub.ClientCalls$GrpcFuture@446ebe87[status=PENDING, info=[GrpcFuture{clientCall={delegate={delegate=ClientCallImpl{method=MethodDescriptor{fullMethodName=Request/request, type=UNARY, idempotent=false, safe=false, sampledToLocalTracing=true, requestMarshaller=com.alibaba.nacos.shaded.io.grpc.protobuf.lite.ProtoLiteUtils$MessageMarshaller@6ac8b126, responseMarshaller=com.alibaba.nacos.shaded.io.grpc.protobuf.lite.ProtoLiteUtils$MessageMarshaller@1f9ab029, schemaDescriptor=com.alibaba.nacos.api.grpc.auto.RequestGrpc$RequestMethodDescriptorSupplier@4998a2cf}}}}}]]
	at com.alibaba.nacos.shaded.com.google.common.util.concurrent.AbstractFuture.get(AbstractFuture.java:508) ~[nacos-client-2.0.4.jar:na]
	at com.alibaba.nacos.common.remote.client.grpc.GrpcClient.serverCheck(GrpcClient.java:148) ~[nacos-client-2.0.4.jar:na]
	at com.alibaba.nacos.common.remote.client.grpc.GrpcClient.connectToServer(GrpcClient.java:264) ~[nacos-client-2.0.4.jar:na]
	at com.alibaba.nacos.common.remote.client.RpcClient.reconnect(RpcClient.java:522) ~[nacos-client-2.0.4.jar:na]
	at com.alibaba.nacos.common.remote.client.RpcClient.lambda$start$2(RpcClient.java:370) ~[nacos-client-2.0.4.jar:na]
	at java.base/java.util.concurrent.Executors$RunnableAdapter.call(Executors.java:515) ~[na:na]
	at java.base/java.util.concurrent.FutureTask.run(FutureTask.java:264) ~[na:na]
	at java.base/java.util.concurrent.ScheduledThreadPoolExecutor$ScheduledFutureTask.run(ScheduledThreadPoolExecutor.java:304) ~[na:na]
	at java.base/java.util.concurrent.ThreadPoolExecutor.runWorker(ThreadPoolExecutor.java:1128) ~[na:na]
	at java.base/java.util.concurrent.ThreadPoolExecutor$Worker.run(ThreadPoolExecutor.java:628) ~[na:na]
	at java.base/java.lang.Thread.run(Thread.java:834) ~[na:na]

15:01:34:901  INFO 17472 --- [com.alibaba.nacos.client.remote.worker] com.alibaba.nacos.common.remote.client   : [a3d91367-2c58-4003-a41d-4eb422b55aef] Success to connect a server [43.133.192.187:8848], connectionId = 1703404894944_144.48.139.118_13718
15:01:34:902  INFO 17472 --- [com.alibaba.nacos.client.remote.worker] com.alibaba.nacos.common.remote.client   : [a3d91367-2c58-4003-a41d-4eb422b55aef] Abandon prev connection, server is 43.133.192.187:8848, connectionId is 1703404794173_144.48.139.118_13542
15:01:34:902  INFO 17472 --- [com.alibaba.nacos.client.remote.worker] com.alibaba.nacos.common.remote.client   : Close current connection 1703404794173_144.48.139.118_13542
15:01:34:903  INFO 17472 --- [com.alibaba.nacos.client.remote.worker] com.alibaba.nacos.common.remote.client   : [a3d91367-2c58-4003-a41d-4eb422b55aef] Notify disconnected event to listeners
15:01:34:904  INFO 17472 --- [com.alibaba.nacos.client.remote.worker] com.alibaba.nacos.common.remote.client   : [a3d91367-2c58-4003-a41d-4eb422b55aef] Notify connected event to listeners.
15:01:34:906  WARN 17472 --- [nacos-grpc-client-executor-34] c.a.n.c.remote.client.grpc.GrpcClient    : [1703404794173_144.48.139.118_13542]Ignore error event,isRunning:true,isAbandon=true
15:01:37:585  INFO 17472 --- [nacos-grpc-client-executor-38] com.alibaba.nacos.common.remote.client   : [a3d91367-2c58-4003-a41d-4eb422b55aef] Receive server push request, request = NotifySubscriberRequest, requestId = 263
15:01:37:586  INFO 17472 --- [nacos-grpc-client-executor-38] com.alibaba.nacos.common.remote.client   : [a3d91367-2c58-4003-a41d-4eb422b55aef] Ack server push request, request = NotifySubscriberRequest, requestId = 263
15:01:47:931  INFO 17472 --- [com.alibaba.nacos.client.remote.worker] com.alibaba.nacos.common.remote.client   : [a3d91367-2c58-4003-a41d-4eb422b55aef] Server healthy check fail, currentConnection = 1703404894944_144.48.139.118_13718
15:01:47:931  INFO 17472 --- [com.alibaba.nacos.client.remote.worker] com.alibaba.nacos.common.remote.client   : [a3d91367-2c58-4003-a41d-4eb422b55aef] Try to reconnect to a new server, server is  not appointed, will choose a random server.
15:01:49:333  INFO 17472 --- [com.alibaba.nacos.client.remote.worker] com.alibaba.nacos.common.remote.client   : [a3d91367-2c58-4003-a41d-4eb422b55aef] Success to connect a server [43.133.192.187:8848], connectionId = 1703404909380_144.48.139.118_13752
15:01:49:333  INFO 17472 --- [com.alibaba.nacos.client.remote.worker] com.alibaba.nacos.common.remote.client   : [a3d91367-2c58-4003-a41d-4eb422b55aef] Abandon prev connection, server is 43.133.192.187:8848, connectionId is 1703404894944_144.48.139.118_13718
15:01:49:334  INFO 17472 --- [com.alibaba.nacos.client.remote.worker] com.alibaba.nacos.common.remote.client   : Close current connection 1703404894944_144.48.139.118_13718
15:01:49:335  INFO 17472 --- [com.alibaba.nacos.client.remote.worker] com.alibaba.nacos.common.remote.client   : [a3d91367-2c58-4003-a41d-4eb422b55aef] Notify disconnected event to listeners
15:01:49:335  INFO 17472 --- [com.alibaba.nacos.client.remote.worker] com.alibaba.nacos.common.remote.client   : [a3d91367-2c58-4003-a41d-4eb422b55aef] Notify connected event to listeners.
15:01:49:336  WARN 17472 --- [nacos-grpc-client-executor-42] c.a.n.c.remote.client.grpc.GrpcClient    : [1703404894944_144.48.139.118_13718]Ignore error event,isRunning:true,isAbandon=true
15:01:52:786  INFO 17472 --- [nacos-grpc-client-executor-48] com.alibaba.nacos.common.remote.client   : [a3d91367-2c58-4003-a41d-4eb422b55aef] Receive server push request, request = NotifySubscriberRequest, requestId = 277
15:01:52:787  INFO 17472 --- [nacos-grpc-client-executor-48] com.alibaba.nacos.common.remote.client   : [a3d91367-2c58-4003-a41d-4eb422b55aef] Ack server push request, request = NotifySubscriberRequest, requestId = 277
15:03:42:840  INFO 17472 --- [http-nio-8087-exec-1] o.a.c.c.C.[Tomcat].[localhost].[/]       : Initializing Spring DispatcherServlet 'dispatcherServlet'
15:03:42:840  INFO 17472 --- [http-nio-8087-exec-1] o.s.web.servlet.DispatcherServlet        : Initializing Servlet 'dispatcherServlet'
15:03:42:842  INFO 17472 --- [http-nio-8087-exec-1] o.s.web.servlet.DispatcherServlet        : Completed initialization in 2 ms
15:03:43:006  INFO 17472 --- [http-nio-8087-exec-1] com.zaxxer.hikari.HikariDataSource       : HikariPool-1 - Starting...
15:03:44:621  INFO 17472 --- [http-nio-8087-exec-1] com.zaxxer.hikari.HikariDataSource       : HikariPool-1 - Start completed.
15:03:44:630 DEBUG 17472 --- [http-nio-8087-exec-1] c.h.p.mapper.PayOrderMapper.selectList   : ==>  Preparing: SELECT id,biz_order_no,pay_order_no,biz_user_id,pay_channel_code,amount,pay_type,status,expand_json,result_code,result_msg,pay_success_time,pay_over_time,qr_code_url,create_time,update_time,creater,updater,is_delete FROM pay_order WHERE (biz_order_no = ?)
15:03:44:651 DEBUG 17472 --- [http-nio-8087-exec-1] c.h.p.mapper.PayOrderMapper.selectList   : ==> Parameters: 1738832803826151425(Long)
15:03:44:759 DEBUG 17472 --- [http-nio-8087-exec-1] c.h.p.mapper.PayOrderMapper.selectList   : <==      Total: 0
15:03:44:808 DEBUG 17472 --- [http-nio-8087-exec-1] c.h.pay.mapper.PayOrderMapper.insert     : ==>  Preparing: INSERT INTO pay_order ( id, biz_order_no, pay_order_no, biz_user_id, pay_channel_code, amount, pay_type, status, pay_over_time ) VALUES ( ?, ?, ?, ?, ?, ?, ?, ?, ? )
15:03:44:811 DEBUG 17472 --- [http-nio-8087-exec-1] c.h.pay.mapper.PayOrderMapper.insert     : ==> Parameters: 1738832819613495299(Long), 1738832803826151425(Long), 1738832819613495298(Long), 1(Long), balance(String), 166800(Integer), 5(Integer), 1(Integer), 2023-12-24T17:03:44.803274700(LocalDateTime)
15:03:44:995 DEBUG 17472 --- [http-nio-8087-exec-1] c.h.pay.mapper.PayOrderMapper.insert     : <==    Updates: 1
15:05:26:056  INFO 17472 --- [com.alibaba.nacos.client.remote.worker] com.alibaba.nacos.common.remote.client   : [a3d91367-2c58-4003-a41d-4eb422b55aef] Server healthy check fail, currentConnection = 1703404909380_144.48.139.118_13752
15:05:26:056  INFO 17472 --- [com.alibaba.nacos.client.remote.worker] com.alibaba.nacos.common.remote.client   : [a3d91367-2c58-4003-a41d-4eb422b55aef] Try to reconnect to a new server, server is  not appointed, will choose a random server.
15:05:29:070 ERROR 17472 --- [com.alibaba.nacos.client.remote.worker] c.a.n.c.remote.client.grpc.GrpcClient    : Server check fail, please check server 43.133.192.187 ,port 9848 is available , error ={}

java.util.concurrent.TimeoutException: Waited 3000 milliseconds (plus 10 milliseconds, 568300 nanoseconds delay) for com.alibaba.nacos.shaded.io.grpc.stub.ClientCalls$GrpcFuture@74eb6831[status=PENDING, info=[GrpcFuture{clientCall={delegate={delegate=ClientCallImpl{method=MethodDescriptor{fullMethodName=Request/request, type=UNARY, idempotent=false, safe=false, sampledToLocalTracing=true, requestMarshaller=com.alibaba.nacos.shaded.io.grpc.protobuf.lite.ProtoLiteUtils$MessageMarshaller@6ac8b126, responseMarshaller=com.alibaba.nacos.shaded.io.grpc.protobuf.lite.ProtoLiteUtils$MessageMarshaller@1f9ab029, schemaDescriptor=com.alibaba.nacos.api.grpc.auto.RequestGrpc$RequestMethodDescriptorSupplier@4998a2cf}}}}}]]
	at com.alibaba.nacos.shaded.com.google.common.util.concurrent.AbstractFuture.get(AbstractFuture.java:508) ~[nacos-client-2.0.4.jar:na]
	at com.alibaba.nacos.common.remote.client.grpc.GrpcClient.serverCheck(GrpcClient.java:148) ~[nacos-client-2.0.4.jar:na]
	at com.alibaba.nacos.common.remote.client.grpc.GrpcClient.connectToServer(GrpcClient.java:264) ~[nacos-client-2.0.4.jar:na]
	at com.alibaba.nacos.common.remote.client.RpcClient.reconnect(RpcClient.java:522) ~[nacos-client-2.0.4.jar:na]
	at com.alibaba.nacos.common.remote.client.RpcClient.lambda$start$2(RpcClient.java:370) ~[nacos-client-2.0.4.jar:na]
	at java.base/java.util.concurrent.Executors$RunnableAdapter.call(Executors.java:515) ~[na:na]
	at java.base/java.util.concurrent.FutureTask.run(FutureTask.java:264) ~[na:na]
	at java.base/java.util.concurrent.ScheduledThreadPoolExecutor$ScheduledFutureTask.run(ScheduledThreadPoolExecutor.java:304) ~[na:na]
	at java.base/java.util.concurrent.ThreadPoolExecutor.runWorker(ThreadPoolExecutor.java:1128) ~[na:na]
	at java.base/java.util.concurrent.ThreadPoolExecutor$Worker.run(ThreadPoolExecutor.java:628) ~[na:na]
	at java.base/java.lang.Thread.run(Thread.java:834) ~[na:na]

15:05:30:582  INFO 17472 --- [com.alibaba.nacos.client.remote.worker] com.alibaba.nacos.common.remote.client   : [a3d91367-2c58-4003-a41d-4eb422b55aef] Success to connect a server [43.133.192.187:8848], connectionId = 1703405130641_144.48.139.118_13992
15:05:30:582  INFO 17472 --- [com.alibaba.nacos.client.remote.worker] com.alibaba.nacos.common.remote.client   : [a3d91367-2c58-4003-a41d-4eb422b55aef] Abandon prev connection, server is 43.133.192.187:8848, connectionId is 1703404909380_144.48.139.118_13752
15:05:30:582  INFO 17472 --- [com.alibaba.nacos.client.remote.worker] com.alibaba.nacos.common.remote.client   : Close current connection 1703404909380_144.48.139.118_13752
15:05:30:582  INFO 17472 --- [com.alibaba.nacos.client.remote.worker] com.alibaba.nacos.common.remote.client   : [a3d91367-2c58-4003-a41d-4eb422b55aef] Notify disconnected event to listeners
15:05:30:583  INFO 17472 --- [com.alibaba.nacos.client.remote.worker] com.alibaba.nacos.common.remote.client   : [a3d91367-2c58-4003-a41d-4eb422b55aef] Notify connected event to listeners.
15:05:30:584  WARN 17472 --- [nacos-grpc-client-executor-98] c.a.n.c.remote.client.grpc.GrpcClient    : [1703404909380_144.48.139.118_13752]Ignore error event,isRunning:true,isAbandon=true
15:05:32:610  INFO 17472 --- [nacos-grpc-client-executor-102] com.alibaba.nacos.common.remote.client   : [a3d91367-2c58-4003-a41d-4eb422b55aef] Receive server push request, request = NotifySubscriberRequest, requestId = 286
15:05:32:610  INFO 17472 --- [nacos-grpc-client-executor-102] com.alibaba.nacos.common.remote.client   : [a3d91367-2c58-4003-a41d-4eb422b55aef] Ack server push request, request = NotifySubscriberRequest, requestId = 286
15:06:04:053  INFO 17472 --- [com.alibaba.nacos.client.remote.worker] com.alibaba.nacos.common.remote.client   : [a3d91367-2c58-4003-a41d-4eb422b55aef] Server healthy check fail, currentConnection = 1703405130641_144.48.139.118_13992
15:06:04:053  INFO 17472 --- [com.alibaba.nacos.client.remote.worker] com.alibaba.nacos.common.remote.client   : [a3d91367-2c58-4003-a41d-4eb422b55aef] Try to reconnect to a new server, server is  not appointed, will choose a random server.
15:06:07:058 ERROR 17472 --- [com.alibaba.nacos.client.remote.worker] c.a.n.c.remote.client.grpc.GrpcClient    : Server check fail, please check server 43.133.192.187 ,port 9848 is available , error ={}

java.util.concurrent.TimeoutException: Waited 3000 milliseconds (plus 2 milliseconds, 201400 nanoseconds delay) for com.alibaba.nacos.shaded.io.grpc.stub.ClientCalls$GrpcFuture@4cde96a6[status=PENDING, info=[GrpcFuture{clientCall={delegate={delegate=ClientCallImpl{method=MethodDescriptor{fullMethodName=Request/request, type=UNARY, idempotent=false, safe=false, sampledToLocalTracing=true, requestMarshaller=com.alibaba.nacos.shaded.io.grpc.protobuf.lite.ProtoLiteUtils$MessageMarshaller@6ac8b126, responseMarshaller=com.alibaba.nacos.shaded.io.grpc.protobuf.lite.ProtoLiteUtils$MessageMarshaller@1f9ab029, schemaDescriptor=com.alibaba.nacos.api.grpc.auto.RequestGrpc$RequestMethodDescriptorSupplier@4998a2cf}}}}}]]
	at com.alibaba.nacos.shaded.com.google.common.util.concurrent.AbstractFuture.get(AbstractFuture.java:508) ~[nacos-client-2.0.4.jar:na]
	at com.alibaba.nacos.common.remote.client.grpc.GrpcClient.serverCheck(GrpcClient.java:148) ~[nacos-client-2.0.4.jar:na]
	at com.alibaba.nacos.common.remote.client.grpc.GrpcClient.connectToServer(GrpcClient.java:264) ~[nacos-client-2.0.4.jar:na]
	at com.alibaba.nacos.common.remote.client.RpcClient.reconnect(RpcClient.java:522) ~[nacos-client-2.0.4.jar:na]
	at com.alibaba.nacos.common.remote.client.RpcClient.lambda$start$2(RpcClient.java:370) ~[nacos-client-2.0.4.jar:na]
	at java.base/java.util.concurrent.Executors$RunnableAdapter.call(Executors.java:515) ~[na:na]
	at java.base/java.util.concurrent.FutureTask.run(FutureTask.java:264) ~[na:na]
	at java.base/java.util.concurrent.ScheduledThreadPoolExecutor$ScheduledFutureTask.run(ScheduledThreadPoolExecutor.java:304) ~[na:na]
	at java.base/java.util.concurrent.ThreadPoolExecutor.runWorker(ThreadPoolExecutor.java:1128) ~[na:na]
	at java.base/java.util.concurrent.ThreadPoolExecutor$Worker.run(ThreadPoolExecutor.java:628) ~[na:na]
	at java.base/java.lang.Thread.run(Thread.java:834) ~[na:na]

15:06:07:556  INFO 17472 --- [com.alibaba.nacos.client.remote.worker] com.alibaba.nacos.common.remote.client   : [a3d91367-2c58-4003-a41d-4eb422b55aef] Success to connect a server [43.133.192.187:8848], connectionId = 1703405167604_144.48.139.118_14035
15:06:07:556  INFO 17472 --- [com.alibaba.nacos.client.remote.worker] com.alibaba.nacos.common.remote.client   : [a3d91367-2c58-4003-a41d-4eb422b55aef] Abandon prev connection, server is 43.133.192.187:8848, connectionId is 1703405130641_144.48.139.118_13992
15:06:07:557  INFO 17472 --- [com.alibaba.nacos.client.remote.worker] com.alibaba.nacos.common.remote.client   : Close current connection 1703405130641_144.48.139.118_13992
15:06:07:557  INFO 17472 --- [com.alibaba.nacos.client.remote.worker] com.alibaba.nacos.common.remote.client   : [a3d91367-2c58-4003-a41d-4eb422b55aef] Notify disconnected event to listeners
15:06:07:558  INFO 17472 --- [com.alibaba.nacos.client.remote.worker] com.alibaba.nacos.common.remote.client   : [a3d91367-2c58-4003-a41d-4eb422b55aef] Notify connected event to listeners.
15:06:07:559  WARN 17472 --- [nacos-grpc-client-executor-113] c.a.n.c.remote.client.grpc.GrpcClient    : [1703405130641_144.48.139.118_13992]Ignore error event,isRunning:true,isAbandon=true
15:06:08:852  INFO 17472 --- [nacos-grpc-client-executor-117] com.alibaba.nacos.common.remote.client   : [a3d91367-2c58-4003-a41d-4eb422b55aef] Receive server push request, request = NotifySubscriberRequest, requestId = 302
15:06:08:853  INFO 17472 --- [nacos-grpc-client-executor-117] com.alibaba.nacos.common.remote.client   : [a3d91367-2c58-4003-a41d-4eb422b55aef] Ack server push request, request = NotifySubscriberRequest, requestId = 302
15:06:25:665  INFO 17472 --- [com.alibaba.nacos.client.remote.worker] com.alibaba.nacos.common.remote.client   : [a3d91367-2c58-4003-a41d-4eb422b55aef] Server healthy check fail, currentConnection = 1703405167604_144.48.139.118_14035
15:06:25:665  INFO 17472 --- [com.alibaba.nacos.client.remote.worker] com.alibaba.nacos.common.remote.client   : [a3d91367-2c58-4003-a41d-4eb422b55aef] Try to reconnect to a new server, server is  not appointed, will choose a random server.
15:06:26:071  INFO 17472 --- [com.alibaba.nacos.client.remote.worker] com.alibaba.nacos.common.remote.client   : [a3d91367-2c58-4003-a41d-4eb422b55aef] Success to connect a server [43.133.192.187:8848], connectionId = 1703405186119_144.48.139.118_14060
15:06:26:071  INFO 17472 --- [com.alibaba.nacos.client.remote.worker] com.alibaba.nacos.common.remote.client   : [a3d91367-2c58-4003-a41d-4eb422b55aef] Abandon prev connection, server is 43.133.192.187:8848, connectionId is 1703405167604_144.48.139.118_14035
15:06:26:071  INFO 17472 --- [com.alibaba.nacos.client.remote.worker] com.alibaba.nacos.common.remote.client   : Close current connection 1703405167604_144.48.139.118_14035
15:06:26:072  INFO 17472 --- [com.alibaba.nacos.client.remote.worker] com.alibaba.nacos.common.remote.client   : [a3d91367-2c58-4003-a41d-4eb422b55aef] Notify disconnected event to listeners
15:06:26:073  INFO 17472 --- [com.alibaba.nacos.client.remote.worker] com.alibaba.nacos.common.remote.client   : [a3d91367-2c58-4003-a41d-4eb422b55aef] Notify connected event to listeners.
15:06:26:073  WARN 17472 --- [nacos-grpc-client-executor-122] c.a.n.c.remote.client.grpc.GrpcClient    : [1703405167604_144.48.139.118_14035]Ignore error event,isRunning:true,isAbandon=true
15:06:26:765  INFO 17472 --- [nacos-grpc-client-executor-126] com.alibaba.nacos.common.remote.client   : [a3d91367-2c58-4003-a41d-4eb422b55aef] Receive server push request, request = NotifySubscriberRequest, requestId = 322
15:06:26:765  INFO 17472 --- [nacos-grpc-client-executor-126] com.alibaba.nacos.common.remote.client   : [a3d91367-2c58-4003-a41d-4eb422b55aef] Ack server push request, request = NotifySubscriberRequest, requestId = 322
15:17:26:208  INFO 17472 --- [com.alibaba.nacos.client.remote.worker] com.alibaba.nacos.common.remote.client   : [a3d91367-2c58-4003-a41d-4eb422b55aef] Server healthy check fail, currentConnection = 1703405186119_144.48.139.118_14060
15:17:26:209  INFO 17472 --- [com.alibaba.nacos.client.remote.worker] com.alibaba.nacos.common.remote.client   : [a3d91367-2c58-4003-a41d-4eb422b55aef] Try to reconnect to a new server, server is  not appointed, will choose a random server.
15:17:27:594  INFO 17472 --- [com.alibaba.nacos.client.remote.worker] com.alibaba.nacos.common.remote.client   : [a3d91367-2c58-4003-a41d-4eb422b55aef] Success to connect a server [43.133.192.187:8848], connectionId = 1703405847656_144.48.139.118_14452
15:17:27:594  INFO 17472 --- [com.alibaba.nacos.client.remote.worker] com.alibaba.nacos.common.remote.client   : [a3d91367-2c58-4003-a41d-4eb422b55aef] Abandon prev connection, server is 43.133.192.187:8848, connectionId is 1703405186119_144.48.139.118_14060
15:17:27:595  INFO 17472 --- [com.alibaba.nacos.client.remote.worker] com.alibaba.nacos.common.remote.client   : Close current connection 1703405186119_144.48.139.118_14060
15:17:27:595  INFO 17472 --- [com.alibaba.nacos.client.remote.worker] com.alibaba.nacos.common.remote.client   : [a3d91367-2c58-4003-a41d-4eb422b55aef] Notify disconnected event to listeners
15:17:27:596  INFO 17472 --- [com.alibaba.nacos.client.remote.worker] com.alibaba.nacos.common.remote.client   : [a3d91367-2c58-4003-a41d-4eb422b55aef] Notify connected event to listeners.
15:17:27:596  WARN 17472 --- [nacos-grpc-client-executor-257] c.a.n.c.remote.client.grpc.GrpcClient    : [1703405186119_144.48.139.118_14060]Ignore error event,isRunning:true,isAbandon=true
15:17:28:932  INFO 17472 --- [nacos-grpc-client-executor-262] com.alibaba.nacos.common.remote.client   : [a3d91367-2c58-4003-a41d-4eb422b55aef] Receive server push request, request = NotifySubscriberRequest, requestId = 349
15:17:28:933  INFO 17472 --- [nacos-grpc-client-executor-262] com.alibaba.nacos.common.remote.client   : [a3d91367-2c58-4003-a41d-4eb422b55aef] Ack server push request, request = NotifySubscriberRequest, requestId = 349
15:18:27:662  INFO 17472 --- [com.alibaba.nacos.client.remote.worker] com.alibaba.nacos.common.remote.client   : [a3d91367-2c58-4003-a41d-4eb422b55aef] Server healthy check fail, currentConnection = 1703405847656_144.48.139.118_14452
15:18:27:662  INFO 17472 --- [com.alibaba.nacos.client.remote.worker] com.alibaba.nacos.common.remote.client   : [a3d91367-2c58-4003-a41d-4eb422b55aef] Try to reconnect to a new server, server is  not appointed, will choose a random server.
15:18:29:060  INFO 17472 --- [com.alibaba.nacos.client.remote.worker] com.alibaba.nacos.common.remote.client   : [a3d91367-2c58-4003-a41d-4eb422b55aef] Success to connect a server [43.133.192.187:8848], connectionId = 1703405909113_144.48.139.118_14502
15:18:29:060  INFO 17472 --- [com.alibaba.nacos.client.remote.worker] com.alibaba.nacos.common.remote.client   : [a3d91367-2c58-4003-a41d-4eb422b55aef] Abandon prev connection, server is 43.133.192.187:8848, connectionId is 1703405847656_144.48.139.118_14452
15:18:29:060  INFO 17472 --- [com.alibaba.nacos.client.remote.worker] com.alibaba.nacos.common.remote.client   : Close current connection 1703405847656_144.48.139.118_14452
15:18:29:060  INFO 17472 --- [com.alibaba.nacos.client.remote.worker] com.alibaba.nacos.common.remote.client   : [a3d91367-2c58-4003-a41d-4eb422b55aef] Notify disconnected event to listeners
15:18:29:061  INFO 17472 --- [com.alibaba.nacos.client.remote.worker] com.alibaba.nacos.common.remote.client   : [a3d91367-2c58-4003-a41d-4eb422b55aef] Notify connected event to listeners.
15:18:29:062  WARN 17472 --- [nacos-grpc-client-executor-275] c.a.n.c.remote.client.grpc.GrpcClient    : [1703405847656_144.48.139.118_14452]Ignore error event,isRunning:true,isAbandon=true
15:18:32:296  INFO 17472 --- [nacos-grpc-client-executor-279] com.alibaba.nacos.common.remote.client   : [a3d91367-2c58-4003-a41d-4eb422b55aef] Receive server push request, request = NotifySubscriberRequest, requestId = 406
15:18:32:297  INFO 17472 --- [nacos-grpc-client-executor-279] com.alibaba.nacos.common.remote.client   : [a3d91367-2c58-4003-a41d-4eb422b55aef] Ack server push request, request = NotifySubscriberRequest, requestId = 406
16:39:03:377  WARN 17472 --- [Thread-4] c.a.nacos.common.notify.NotifyCenter     : [NotifyCenter] Start destroying Publisher
16:39:03:377  WARN 17472 --- [Thread-7] c.a.n.common.http.HttpClientBeanHolder   : [HttpClientBeanHolder] Start destroying common HttpClient
16:39:03:377  WARN 17472 --- [Thread-4] c.a.nacos.common.notify.NotifyCenter     : [NotifyCenter] Destruction of the end
16:39:03:378  WARN 17472 --- [Thread-7] c.a.n.common.http.HttpClientBeanHolder   : [HttpClientBeanHolder] Destruction of the end
16:39:04:136  INFO 17472 --- [SpringApplicationShutdownHook] c.a.c.n.registry.NacosServiceRegistry    : De-registering from Nacos Server now...
16:39:04:229  INFO 17472 --- [SpringApplicationShutdownHook] c.a.c.n.registry.NacosServiceRegistry    : De-registration finished.
16:39:04:559  INFO 17472 --- [SpringApplicationShutdownHook] com.alibaba.nacos.common.remote.client   : Shutdown rpc client, set status to shutdown
16:39:04:559  INFO 17472 --- [SpringApplicationShutdownHook] com.alibaba.nacos.common.remote.client   : Shutdown client event executor java.util.concurrent.ScheduledThreadPoolExecutor@5a136c0f[Running, pool size = 2, active threads = 2, queued tasks = 0, completed tasks = 0]
16:39:04:559  INFO 17472 --- [SpringApplicationShutdownHook] com.alibaba.nacos.common.remote.client   : Close current connection 1703405909113_144.48.139.118_14502
16:39:04:561  INFO 17472 --- [SpringApplicationShutdownHook] c.a.n.c.remote.client.grpc.GrpcClient    : Shutdown grpc executor java.util.concurrent.ThreadPoolExecutor@14e460f4[Running, pool size = 4, active threads = 0, queued tasks = 0, completed tasks = 1233]
16:39:04:564  INFO 17472 --- [SpringApplicationShutdownHook] com.zaxxer.hikari.HikariDataSource       : HikariPool-1 - Shutdown initiated...
16:39:05:552  INFO 17472 --- [SpringApplicationShutdownHook] com.zaxxer.hikari.HikariDataSource       : HikariPool-1 - Shutdown completed.
