09:30:10:803  INFO 8076 --- [main] com.hmall.cart.CartApplication           : The following 1 profile is active: "local"
09:30:13:532  INFO 8076 --- [main] o.s.cloud.context.scope.GenericScope     : BeanFactory id=659af777-3cf2-3756-8a2c-cb762d0beaa5
09:30:13:760  INFO 8076 --- [main] trationDelegate$BeanPostProcessorChecker : Bean 'io.seata.spring.boot.autoconfigure.SeataCoreAutoConfiguration' of type [io.seata.spring.boot.autoconfigure.SeataCoreAutoConfiguration] is not eligible for getting processed by all BeanPostProcessors (for example: not eligible for auto-proxying)
09:30:13:761  INFO 8076 --- [main] trationDelegate$BeanPostProcessorChecker : Bean 'springApplicationContextProvider' of type [io.seata.spring.boot.autoconfigure.provider.SpringApplicationContextProvider] is not eligible for getting processed by all BeanPostProcessors (for example: not eligible for auto-proxying)
09:30:13:762  INFO 8076 --- [main] trationDelegate$BeanPostProcessorChecker : Bean 'io.seata.spring.boot.autoconfigure.SeataAutoConfiguration' of type [io.seata.spring.boot.autoconfigure.SeataAutoConfiguration] is not eligible for getting processed by all BeanPostProcessors (for example: not eligible for auto-proxying)
09:30:13:870  INFO 8076 --- [main] trationDelegate$BeanPostProcessorChecker : Bean 'failureHandler' of type [io.seata.tm.api.DefaultFailureHandlerImpl] is not eligible for getting processed by all BeanPostProcessors (for example: not eligible for auto-proxying)
09:30:13:891  INFO 8076 --- [main] trationDelegate$BeanPostProcessorChecker : Bean 'org.springframework.cloud.commons.config.CommonsConfigAutoConfiguration' of type [org.springframework.cloud.commons.config.CommonsConfigAutoConfiguration] is not eligible for getting processed by all BeanPostProcessors (for example: not eligible for auto-proxying)
09:30:13:894  INFO 8076 --- [main] trationDelegate$BeanPostProcessorChecker : Bean 'org.springframework.cloud.client.loadbalancer.LoadBalancerDefaultMappingsProviderAutoConfiguration' of type [org.springframework.cloud.client.loadbalancer.LoadBalancerDefaultMappingsProviderAutoConfiguration] is not eligible for getting processed by all BeanPostProcessors (for example: not eligible for auto-proxying)
09:30:13:896  INFO 8076 --- [main] trationDelegate$BeanPostProcessorChecker : Bean 'loadBalancerClientsDefaultsMappingsProvider' of type [org.springframework.cloud.client.loadbalancer.LoadBalancerDefaultMappingsProviderAutoConfiguration$$Lambda$562/0x0000000800649c40] is not eligible for getting processed by all BeanPostProcessors (for example: not eligible for auto-proxying)
09:30:13:898  INFO 8076 --- [main] trationDelegate$BeanPostProcessorChecker : Bean 'defaultsBindHandlerAdvisor' of type [org.springframework.cloud.commons.config.DefaultsBindHandlerAdvisor] is not eligible for getting processed by all BeanPostProcessors (for example: not eligible for auto-proxying)
09:30:13:912  INFO 8076 --- [main] trationDelegate$BeanPostProcessorChecker : Bean 'springCloudAlibabaConfiguration' of type [io.seata.spring.boot.autoconfigure.properties.SpringCloudAlibabaConfiguration] is not eligible for getting processed by all BeanPostProcessors (for example: not eligible for auto-proxying)
09:30:13:918  INFO 8076 --- [main] trationDelegate$BeanPostProcessorChecker : Bean 'seataProperties' of type [io.seata.spring.boot.autoconfigure.properties.SeataProperties] is not eligible for getting processed by all BeanPostProcessors (for example: not eligible for auto-proxying)
09:30:13:925  INFO 8076 --- [main] i.s.s.b.a.SeataAutoConfiguration         : Automatically configure Seata
09:30:14:056  INFO 8076 --- [main] io.seata.config.ConfigurationFactory     : load Configuration from :Spring Configuration
09:30:14:064  INFO 8076 --- [main] io.seata.config.ConfigurationFactory     : load Configuration from :Spring Configuration
09:30:14:204  INFO 8076 --- [main] i.s.s.a.GlobalTransactionScanner         : Initializing Global Transaction Clients ... 
09:30:14:427  INFO 8076 --- [main] i.s.core.rpc.netty.NettyClientBootstrap  : NettyClientBootstrap has started
09:30:14:822  INFO 8076 --- [main] com.alibaba.nacos.common.remote.client   : [RpcClientFactory] create a new rpc client of 0f2ae8b7-2932-4cfc-a25c-1d7cde7a1803
09:30:14:822  INFO 8076 --- [main] com.alibaba.nacos.common.remote.client   : [0f2ae8b7-2932-4cfc-a25c-1d7cde7a1803] RpcClient init label, labels = {module=naming, source=sdk}
09:30:14:825  INFO 8076 --- [main] com.alibaba.nacos.common.remote.client   : [0f2ae8b7-2932-4cfc-a25c-1d7cde7a1803] RpcClient init, ServerListFactory = com.alibaba.nacos.client.naming.core.ServerListManager
09:30:14:826  INFO 8076 --- [main] com.alibaba.nacos.common.remote.client   : [0f2ae8b7-2932-4cfc-a25c-1d7cde7a1803] Registry connection listener to current client:com.alibaba.nacos.client.naming.remote.gprc.redo.NamingGrpcRedoService
09:30:14:826  INFO 8076 --- [main] com.alibaba.nacos.common.remote.client   : [0f2ae8b7-2932-4cfc-a25c-1d7cde7a1803] Register server push request handler:com.alibaba.nacos.client.naming.remote.gprc.NamingPushRequestHandler
09:30:14:827  INFO 8076 --- [main] com.alibaba.nacos.common.remote.client   : [0f2ae8b7-2932-4cfc-a25c-1d7cde7a1803] Try to connect to server on start up, server: {serverIp = '43.133.192.187', server main port = 8848}
09:30:15:267  INFO 8076 --- [main] com.alibaba.nacos.common.remote.client   : [0f2ae8b7-2932-4cfc-a25c-1d7cde7a1803] Success to connect to server [43.133.192.187:8848] on start up, connectionId = 1703817015069_144.48.139.118_2659
09:30:15:267  INFO 8076 --- [main] com.alibaba.nacos.common.remote.client   : [0f2ae8b7-2932-4cfc-a25c-1d7cde7a1803] Register server push request handler:com.alibaba.nacos.common.remote.client.RpcClient$ConnectResetRequestHandler
09:30:15:267  INFO 8076 --- [com.alibaba.nacos.client.remote.worker] com.alibaba.nacos.common.remote.client   : [0f2ae8b7-2932-4cfc-a25c-1d7cde7a1803] Notify connected event to listeners.
09:30:15:268  INFO 8076 --- [main] com.alibaba.nacos.common.remote.client   : [0f2ae8b7-2932-4cfc-a25c-1d7cde7a1803] Register server push request handler:com.alibaba.nacos.common.remote.client.RpcClient$$Lambda$471/0x0000000800423440
09:30:15:436  INFO 8076 --- [main] i.s.c.r.netty.NettyClientChannelManager  : will connect to 43.133.192.187:8099
09:30:16:023  INFO 8076 --- [nacos-grpc-client-executor-5] com.alibaba.nacos.common.remote.client   : [0f2ae8b7-2932-4cfc-a25c-1d7cde7a1803] Receive server push request, request = NotifySubscriberRequest, requestId = 1135
09:30:16:028  INFO 8076 --- [nacos-grpc-client-executor-5] com.alibaba.nacos.common.remote.client   : [0f2ae8b7-2932-4cfc-a25c-1d7cde7a1803] Ack server push request, request = NotifySubscriberRequest, requestId = 1135
09:30:16:114  INFO 8076 --- [main] i.s.core.rpc.netty.NettyPoolableFactory  : NettyPool create channel to transactionRole:TMROLE,address:43.133.192.187:8099,msg:< RegisterTMRequest{applicationId='cart-service', transactionServiceGroup='hmall'} >
09:30:17:180  INFO 8076 --- [main] i.s.c.rpc.netty.TmNettyRemotingClient    : register TM success. client version:1.5.2, server version:1.5.2,channel:[id: 0x3fc79b39, L:/192.168.0.102:2664 - R:/43.133.192.187:8099]
09:30:17:188  INFO 8076 --- [main] i.s.core.rpc.netty.NettyPoolableFactory  : register success, cost 191 ms, version:1.5.2,role:TMROLE,channel:[id: 0x3fc79b39, L:/192.168.0.102:2664 - R:/43.133.192.187:8099]
09:30:17:190  INFO 8076 --- [main] i.s.s.a.GlobalTransactionScanner         : Transaction Manager Client is initialized. applicationId[cart-service] txServiceGroup[hmall]
09:30:17:212  INFO 8076 --- [main] io.seata.rm.datasource.AsyncWorker       : Async Commit Buffer Limit: 10000
09:30:17:213  INFO 8076 --- [main] i.s.rm.datasource.xa.ResourceManagerXA   : ResourceManagerXA init ...
09:30:17:228  INFO 8076 --- [main] i.s.core.rpc.netty.NettyClientBootstrap  : NettyClientBootstrap has started
09:30:17:228  INFO 8076 --- [main] i.s.s.a.GlobalTransactionScanner         : Resource Manager is initialized. applicationId[cart-service] txServiceGroup[hmall]
09:30:17:228  INFO 8076 --- [main] i.s.s.a.GlobalTransactionScanner         : Global Transaction Clients are initialized. 
09:30:17:233  INFO 8076 --- [main] trationDelegate$BeanPostProcessorChecker : Bean 'io.seata.spring.boot.autoconfigure.SeataDataSourceAutoConfiguration' of type [io.seata.spring.boot.autoconfigure.SeataDataSourceAutoConfiguration] is not eligible for getting processed by all BeanPostProcessors (for example: not eligible for auto-proxying)
09:30:17:621  INFO 8076 --- [main] trationDelegate$BeanPostProcessorChecker : Bean 'com.alibaba.cloud.seata.feign.SeataFeignClientAutoConfiguration$FeignBeanPostProcessorConfiguration' of type [com.alibaba.cloud.seata.feign.SeataFeignClientAutoConfiguration$FeignBeanPostProcessorConfiguration] is not eligible for getting processed by all BeanPostProcessors (for example: not eligible for auto-proxying)
09:30:17:624  INFO 8076 --- [main] trationDelegate$BeanPostProcessorChecker : Bean 'seataFeignObjectWrapper' of type [com.alibaba.cloud.seata.feign.SeataFeignObjectWrapper] is not eligible for getting processed by all BeanPostProcessors (for example: not eligible for auto-proxying)
09:30:18:212  INFO 8076 --- [main] o.s.b.w.embedded.tomcat.TomcatWebServer  : Tomcat initialized with port(s): 8082 (http)
09:30:18:234  INFO 8076 --- [main] o.apache.catalina.core.StandardService   : Starting service [Tomcat]
09:30:18:235  INFO 8076 --- [main] org.apache.catalina.core.StandardEngine  : Starting Servlet engine: [Apache Tomcat/9.0.75]
09:30:18:767  INFO 8076 --- [main] o.a.c.c.C.[Tomcat].[localhost].[/]       : Initializing Spring embedded WebApplicationContext
09:30:18:769  INFO 8076 --- [main] w.s.c.ServletWebServerApplicationContext : Root WebApplicationContext: initialization completed in 7923 ms
09:30:19:797  INFO 8076 --- [main] o.s.c.openfeign.FeignClientFactoryBean   : For 'item-service' URL not provided. Will try picking an instance via load-balancing.
09:30:20:627  INFO 8076 --- [main] com.zaxxer.hikari.HikariDataSource       : HikariPool-1 - Starting...
09:30:22:690  INFO 8076 --- [main] com.zaxxer.hikari.HikariDataSource       : HikariPool-1 - Start completed.
09:30:22:830  INFO 8076 --- [main] i.s.c.r.netty.NettyClientChannelManager  : will connect to 43.133.192.187:8099
09:30:22:830  INFO 8076 --- [main] i.s.c.rpc.netty.RmNettyRemotingClient    : RM will register :jdbc:mysql://43.133.192.187:3306/hm-cart
09:30:22:832  INFO 8076 --- [main] i.s.core.rpc.netty.NettyPoolableFactory  : NettyPool create channel to transactionRole:RMROLE,address:43.133.192.187:8099,msg:< RegisterRMRequest{resourceIds='jdbc:mysql://43.133.192.187:3306/hm-cart', applicationId='cart-service', transactionServiceGroup='hmall'} >
09:30:23:069  INFO 8076 --- [main] i.s.c.rpc.netty.RmNettyRemotingClient    : register RM success. client version:1.5.2, server version:1.5.2,channel:[id: 0x4edaa6ec, L:/192.168.0.102:2735 - R:/43.133.192.187:8099]
09:30:23:069  INFO 8076 --- [main] i.s.core.rpc.netty.NettyPoolableFactory  : register success, cost 121 ms, version:1.5.2,role:RMROLE,channel:[id: 0x4edaa6ec, L:/192.168.0.102:2735 - R:/43.133.192.187:8099]
09:30:24:689  INFO 8076 --- [main] c.a.c.sentinel.SentinelWebMvcConfigurer  : [Sentinel Starter] register SentinelWebInterceptor with urlPatterns: [/**].
09:30:26:627  INFO 8076 --- [main] pertySourcedRequestMappingHandlerMapping : Mapped URL path [/v2/api-docs] onto method [springfox.documentation.swagger2.web.Swagger2ControllerWebMvc#getDocumentation(String, HttpServletRequest)]
09:30:27:822  INFO 8076 --- [main] com.alibaba.nacos.common.remote.client   : [RpcClientFactory] create a new rpc client of 6ccdbbcc-3c89-401e-8a91-45abb9028b5f_config-0
09:30:27:822  INFO 8076 --- [main] com.alibaba.nacos.common.remote.client   : [6ccdbbcc-3c89-401e-8a91-45abb9028b5f_config-0] RpcClient init label, labels = {module=config, Vipserver-Tag=null, source=sdk, Amory-Tag=null, Location-Tag=null, taskId=0, AppName=unknown}
09:30:27:823  INFO 8076 --- [main] com.alibaba.nacos.common.remote.client   : [6ccdbbcc-3c89-401e-8a91-45abb9028b5f_config-0] Register server push request handler:com.alibaba.nacos.client.config.impl.ClientWorker$ConfigRpcTransportClient$$Lambda$456/0x0000000800427040
09:30:27:824  INFO 8076 --- [main] com.alibaba.nacos.common.remote.client   : [6ccdbbcc-3c89-401e-8a91-45abb9028b5f_config-0] Register server push request handler:com.alibaba.nacos.client.config.impl.ClientWorker$ConfigRpcTransportClient$$Lambda$457/0x0000000800427440
09:30:27:824  INFO 8076 --- [main] com.alibaba.nacos.common.remote.client   : [6ccdbbcc-3c89-401e-8a91-45abb9028b5f_config-0] Registry connection listener to current client:com.alibaba.nacos.client.config.impl.ClientWorker$ConfigRpcTransportClient$1
09:30:27:824  INFO 8076 --- [main] com.alibaba.nacos.common.remote.client   : [6ccdbbcc-3c89-401e-8a91-45abb9028b5f_config-0] RpcClient init, ServerListFactory = com.alibaba.nacos.client.config.impl.ClientWorker$ConfigRpcTransportClient$2
09:30:27:824  INFO 8076 --- [main] com.alibaba.nacos.common.remote.client   : [6ccdbbcc-3c89-401e-8a91-45abb9028b5f_config-0] Try to connect to server on start up, server: {serverIp = '43.133.192.187', server main port = 8848}
09:30:28:216  INFO 8076 --- [main] com.alibaba.nacos.common.remote.client   : [6ccdbbcc-3c89-401e-8a91-45abb9028b5f_config-0] Success to connect to server [43.133.192.187:8848] on start up, connectionId = 1703817028054_144.48.139.118_2794
09:30:28:216  INFO 8076 --- [main] com.alibaba.nacos.common.remote.client   : [6ccdbbcc-3c89-401e-8a91-45abb9028b5f_config-0] Register server push request handler:com.alibaba.nacos.common.remote.client.RpcClient$ConnectResetRequestHandler
09:30:28:216  INFO 8076 --- [com.alibaba.nacos.client.remote.worker] com.alibaba.nacos.common.remote.client   : [6ccdbbcc-3c89-401e-8a91-45abb9028b5f_config-0] Notify connected event to listeners.
09:30:28:216  INFO 8076 --- [main] com.alibaba.nacos.common.remote.client   : [6ccdbbcc-3c89-401e-8a91-45abb9028b5f_config-0] Register server push request handler:com.alibaba.nacos.common.remote.client.RpcClient$$Lambda$471/0x0000000800423440
09:30:28:458  INFO 8076 --- [main] com.alibaba.nacos.common.remote.client   : [RpcClientFactory] create a new rpc client of 43f3e4e2-9a29-4c57-aa24-b8b628a1c7d3
09:30:28:459  INFO 8076 --- [main] com.alibaba.nacos.common.remote.client   : [43f3e4e2-9a29-4c57-aa24-b8b628a1c7d3] RpcClient init label, labels = {module=naming, source=sdk}
09:30:28:462  INFO 8076 --- [main] com.alibaba.nacos.common.remote.client   : [43f3e4e2-9a29-4c57-aa24-b8b628a1c7d3] RpcClient init, ServerListFactory = com.alibaba.nacos.client.naming.core.ServerListManager
09:30:28:462  INFO 8076 --- [main] com.alibaba.nacos.common.remote.client   : [43f3e4e2-9a29-4c57-aa24-b8b628a1c7d3] Registry connection listener to current client:com.alibaba.nacos.client.naming.remote.gprc.redo.NamingGrpcRedoService
09:30:28:462  INFO 8076 --- [main] com.alibaba.nacos.common.remote.client   : [43f3e4e2-9a29-4c57-aa24-b8b628a1c7d3] Register server push request handler:com.alibaba.nacos.client.naming.remote.gprc.NamingPushRequestHandler
09:30:28:463  INFO 8076 --- [main] com.alibaba.nacos.common.remote.client   : [43f3e4e2-9a29-4c57-aa24-b8b628a1c7d3] Try to connect to server on start up, server: {serverIp = '43.133.192.187', server main port = 8848}
09:30:28:940  INFO 8076 --- [main] com.alibaba.nacos.common.remote.client   : [43f3e4e2-9a29-4c57-aa24-b8b628a1c7d3] Success to connect to server [43.133.192.187:8848] on start up, connectionId = 1703817028747_144.48.139.118_2799
09:30:28:940  INFO 8076 --- [main] com.alibaba.nacos.common.remote.client   : [43f3e4e2-9a29-4c57-aa24-b8b628a1c7d3] Register server push request handler:com.alibaba.nacos.common.remote.client.RpcClient$ConnectResetRequestHandler
09:30:28:940  INFO 8076 --- [com.alibaba.nacos.client.remote.worker] com.alibaba.nacos.common.remote.client   : [43f3e4e2-9a29-4c57-aa24-b8b628a1c7d3] Notify connected event to listeners.
09:30:28:940  INFO 8076 --- [main] com.alibaba.nacos.common.remote.client   : [43f3e4e2-9a29-4c57-aa24-b8b628a1c7d3] Register server push request handler:com.alibaba.nacos.common.remote.client.RpcClient$$Lambda$471/0x0000000800423440
09:30:29:100  INFO 8076 --- [main] o.s.b.w.embedded.tomcat.TomcatWebServer  : Tomcat started on port(s): 8082 (http) with context path ''
09:30:29:281  INFO 8076 --- [main] c.a.c.n.registry.NacosServiceRegistry    : nacos registry, DEFAULT_GROUP cart-service 192.168.0.102:8082 register finished
09:30:29:582  INFO 8076 --- [nacos-grpc-client-executor-5] com.alibaba.nacos.common.remote.client   : [43f3e4e2-9a29-4c57-aa24-b8b628a1c7d3] Receive server push request, request = NotifySubscriberRequest, requestId = 1140
09:30:29:584  INFO 8076 --- [nacos-grpc-client-executor-5] com.alibaba.nacos.common.remote.client   : [43f3e4e2-9a29-4c57-aa24-b8b628a1c7d3] Ack server push request, request = NotifySubscriberRequest, requestId = 1140
09:30:30:181  INFO 8076 --- [main] d.s.w.p.DocumentationPluginsBootstrapper : Documentation plugins bootstrapped
09:30:30:186  INFO 8076 --- [main] d.s.w.p.DocumentationPluginsBootstrapper : Found 1 custom documentation plugin(s)
09:30:30:229  INFO 8076 --- [main] s.d.s.w.s.ApiListingReferenceScanner     : Scanning for api listing references
09:30:30:413  INFO 8076 --- [main] com.hmall.cart.CartApplication           : Started CartApplication in 27.208 seconds (JVM running for 29.234)
09:30:30:417  INFO 8076 --- [main] c.a.c.n.refresh.NacosContextRefresher    : [Nacos Config] Listening config: dataId=cart-service, group=DEFAULT_GROUP
09:30:30:420  INFO 8076 --- [main] c.a.c.n.refresh.NacosContextRefresher    : [Nacos Config] Listening config: dataId=cart-service.yaml, group=DEFAULT_GROUP
09:30:30:421  INFO 8076 --- [main] c.a.c.n.refresh.NacosContextRefresher    : [Nacos Config] Listening config: dataId=cart-service-local.yaml, group=DEFAULT_GROUP
09:48:44:169  INFO 8076 --- [http-nio-8082-exec-3] o.a.c.c.C.[Tomcat].[localhost].[/]       : Initializing Spring DispatcherServlet 'dispatcherServlet'
09:48:44:169  INFO 8076 --- [http-nio-8082-exec-3] o.s.web.servlet.DispatcherServlet        : Initializing Servlet 'dispatcherServlet'
09:48:44:171  INFO 8076 --- [http-nio-8082-exec-3] o.s.web.servlet.DispatcherServlet        : Completed initialization in 2 ms
09:48:44:676 DEBUG 8076 --- [http-nio-8082-exec-3] com.hmall.cart.mapper.CartMapper.delete  : ==>  Preparing: DELETE FROM cart WHERE (user_id = ? AND item_id IN (?))
09:48:44:789 DEBUG 8076 --- [http-nio-8082-exec-3] com.hmall.cart.mapper.CartMapper.delete  : ==> Parameters: 1(Long), 8533120(Long)
09:48:45:610 DEBUG 8076 --- [http-nio-8082-exec-3] com.hmall.cart.mapper.CartMapper.delete  : <==    Updates: 1
09:48:48:956  INFO 8076 --- [rpcDispatch_RMROLE_1_1_16] i.s.c.r.p.c.RmBranchCommitProcessor      : rm client handle branch commit process:xid=43.133.192.187:8099:36501117869121660,branchId=36501117869121663,branchType=AT,resourceId=jdbc:mysql://43.133.192.187:3306/hm-cart,applicationData={"autoCommit":false}
09:48:48:958  INFO 8076 --- [rpcDispatch_RMROLE_1_1_16] io.seata.rm.AbstractRMHandler            : Branch committing: 43.133.192.187:8099:36501117869121660 36501117869121663 jdbc:mysql://43.133.192.187:3306/hm-cart {"autoCommit":false}
09:48:48:959  INFO 8076 --- [rpcDispatch_RMROLE_1_1_16] io.seata.rm.AbstractRMHandler            : Branch commit result: PhaseTwo_Committed
09:49:22:123 DEBUG 8076 --- [http-nio-8082-exec-6] com.hmall.cart.mapper.CartMapper.delete  : ==>  Preparing: DELETE FROM cart WHERE (user_id = ? AND item_id IN (?))
09:49:22:123 DEBUG 8076 --- [http-nio-8082-exec-6] com.hmall.cart.mapper.CartMapper.delete  : ==> Parameters: 1(Long), 8533120(Long)
09:49:22:430 DEBUG 8076 --- [http-nio-8082-exec-6] com.hmall.cart.mapper.CartMapper.delete  : <==    Updates: 0
09:49:33:611 DEBUG 8076 --- [http-nio-8082-exec-2] com.hmall.cart.mapper.CartMapper.delete  : ==>  Preparing: DELETE FROM cart WHERE (user_id = ? AND item_id IN (?))
09:49:33:612 DEBUG 8076 --- [http-nio-8082-exec-2] com.hmall.cart.mapper.CartMapper.delete  : ==> Parameters: 1(Long), 8533120(Long)
09:49:33:913 DEBUG 8076 --- [http-nio-8082-exec-2] com.hmall.cart.mapper.CartMapper.delete  : <==    Updates: 0
09:50:02:236 DEBUG 8076 --- [http-nio-8082-exec-7] c.h.cart.mapper.CartMapper.selectList    : ==>  Preparing: SELECT id,user_id,item_id,num,name,spec,price,image,create_time,update_time FROM cart WHERE (user_id = ?)
09:50:02:236 DEBUG 8076 --- [http-nio-8082-exec-7] c.h.cart.mapper.CartMapper.selectList    : ==> Parameters: 1(Long)
09:50:02:344 DEBUG 8076 --- [http-nio-8082-exec-7] c.h.cart.mapper.CartMapper.selectList    : <==      Total: 0
09:50:08:442 DEBUG 8076 --- [http-nio-8082-exec-10] c.h.cart.mapper.CartMapper.selectCount   : ==>  Preparing: SELECT COUNT( * ) AS total FROM cart WHERE (user_id = ? AND item_id = ?)
09:50:08:442 DEBUG 8076 --- [http-nio-8082-exec-10] c.h.cart.mapper.CartMapper.selectCount   : ==> Parameters: 1(Long), 8533120(Long)
09:50:08:544 DEBUG 8076 --- [http-nio-8082-exec-10] c.h.cart.mapper.CartMapper.selectCount   : <==      Total: 1
09:50:08:546 DEBUG 8076 --- [http-nio-8082-exec-10] c.h.cart.mapper.CartMapper.selectCount   : ==>  Preparing: SELECT COUNT( * ) AS total FROM cart WHERE (user_id = ?)
09:50:08:547 DEBUG 8076 --- [http-nio-8082-exec-10] c.h.cart.mapper.CartMapper.selectCount   : ==> Parameters: 1(Long)
09:50:08:647 DEBUG 8076 --- [http-nio-8082-exec-10] c.h.cart.mapper.CartMapper.selectCount   : <==      Total: 1
09:50:08:696 DEBUG 8076 --- [http-nio-8082-exec-10] com.hmall.cart.mapper.CartMapper.insert  : ==>  Preparing: INSERT INTO cart ( user_id, item_id, name, spec, price, image ) VALUES ( ?, ?, ?, ?, ?, ? )
09:50:08:697 DEBUG 8076 --- [http-nio-8082-exec-10] com.hmall.cart.mapper.CartMapper.insert  : ==> Parameters: 1(Long), 8533120(Long), 海尔 （Haier ）LQ65H31 65英寸 4K曲面人工智能全面屏超高清LED液晶电视(String), {}(String), 379500(Integer), https://m.360buyimg.com/mobilecms/s720x720_jfs/t1/2851/14/13998/101463/5bd9723cE81b2c299/1bfdf2d1628648e4.jpg!q70.jpg.webp(String)
09:50:08:899 DEBUG 8076 --- [http-nio-8082-exec-10] com.hmall.cart.mapper.CartMapper.insert  : <==    Updates: 1
09:50:08:993 DEBUG 8076 --- [http-nio-8082-exec-1] c.h.cart.mapper.CartMapper.selectList    : ==>  Preparing: SELECT id,user_id,item_id,num,name,spec,price,image,create_time,update_time FROM cart WHERE (user_id = ?)
09:50:08:993 DEBUG 8076 --- [http-nio-8082-exec-1] c.h.cart.mapper.CartMapper.selectList    : ==> Parameters: 1(Long)
09:50:09:096 DEBUG 8076 --- [http-nio-8082-exec-1] c.h.cart.mapper.CartMapper.selectList    : <==      Total: 1
09:50:09:103 DEBUG 8076 --- [http-nio-8082-exec-1] com.hmall.api.client.ItemClient          : [ItemClient#queryItemByIds] ---> GET http://item-service/items?ids=8533120 HTTP/1.1
09:50:09:103 DEBUG 8076 --- [http-nio-8082-exec-1] com.hmall.api.client.ItemClient          : [ItemClient#queryItemByIds] user-info: 1
09:50:09:103 DEBUG 8076 --- [http-nio-8082-exec-1] com.hmall.api.client.ItemClient          : [ItemClient#queryItemByIds] ---> END HTTP (0-byte body)
09:50:09:538 DEBUG 8076 --- [http-nio-8082-exec-1] com.hmall.api.client.ItemClient          : [ItemClient#queryItemByIds] <--- HTTP/1.1 200  (434ms)
09:50:09:538 DEBUG 8076 --- [http-nio-8082-exec-1] com.hmall.api.client.ItemClient          : [ItemClient#queryItemByIds] connection: keep-alive
09:50:09:538 DEBUG 8076 --- [http-nio-8082-exec-1] com.hmall.api.client.ItemClient          : [ItemClient#queryItemByIds] content-type: application/json
09:50:09:538 DEBUG 8076 --- [http-nio-8082-exec-1] com.hmall.api.client.ItemClient          : [ItemClient#queryItemByIds] date: Fri, 29 Dec 2023 02:50:09 GMT
09:50:09:538 DEBUG 8076 --- [http-nio-8082-exec-1] com.hmall.api.client.ItemClient          : [ItemClient#queryItemByIds] keep-alive: timeout=60
09:50:09:538 DEBUG 8076 --- [http-nio-8082-exec-1] com.hmall.api.client.ItemClient          : [ItemClient#queryItemByIds] transfer-encoding: chunked
09:50:09:538 DEBUG 8076 --- [http-nio-8082-exec-1] com.hmall.api.client.ItemClient          : [ItemClient#queryItemByIds] 
09:50:09:539 DEBUG 8076 --- [http-nio-8082-exec-1] com.hmall.api.client.ItemClient          : [ItemClient#queryItemByIds] [{"id":"8533120","name":"海尔 （Haier ）LQ65H31 65英寸 4K曲面人工智能全面屏超高清LED液晶电视","price":379500,"stock":958,"image":"https://m.360buyimg.com/mobilecms/s720x720_jfs/t1/2851/14/13998/101463/5bd9723cE81b2c299/1bfdf2d1628648e4.jpg!q70.jpg.webp","category":"曲面电视","brand":"海尔","spec":"{}","sold":0,"commentCount":0,"isAD":false,"status":1}]
09:50:09:540 DEBUG 8076 --- [http-nio-8082-exec-1] com.hmall.api.client.ItemClient          : [ItemClient#queryItemByIds] <--- END HTTP (382-byte body)
09:50:09:889  INFO 8076 --- [nacos-grpc-client-executor-238] com.alibaba.nacos.common.remote.client   : [43f3e4e2-9a29-4c57-aa24-b8b628a1c7d3] Receive server push request, request = NotifySubscriberRequest, requestId = 1161
09:50:09:890  INFO 8076 --- [nacos-grpc-client-executor-238] com.alibaba.nacos.common.remote.client   : [43f3e4e2-9a29-4c57-aa24-b8b628a1c7d3] Ack server push request, request = NotifySubscriberRequest, requestId = 1161
09:50:17:304 DEBUG 8076 --- [http-nio-8082-exec-4] com.hmall.cart.mapper.CartMapper.delete  : ==>  Preparing: DELETE FROM cart WHERE (user_id = ? AND item_id IN (?))
09:50:17:304 DEBUG 8076 --- [http-nio-8082-exec-4] com.hmall.cart.mapper.CartMapper.delete  : ==> Parameters: 1(Long), 8533120(Long)
09:50:17:606 DEBUG 8076 --- [http-nio-8082-exec-4] com.hmall.cart.mapper.CartMapper.delete  : <==    Updates: 1
09:50:19:947  INFO 8076 --- [rpcDispatch_RMROLE_1_2_16] i.s.c.r.p.c.RmBranchCommitProcessor      : rm client handle branch commit process:xid=43.133.192.187:8099:36501117869121673,branchId=36501117869121676,branchType=AT,resourceId=jdbc:mysql://43.133.192.187:3306/hm-cart,applicationData={"autoCommit":false}
09:50:19:947  INFO 8076 --- [rpcDispatch_RMROLE_1_2_16] io.seata.rm.AbstractRMHandler            : Branch committing: 43.133.192.187:8099:36501117869121673 36501117869121676 jdbc:mysql://43.133.192.187:3306/hm-cart {"autoCommit":false}
09:50:19:947  INFO 8076 --- [rpcDispatch_RMROLE_1_2_16] io.seata.rm.AbstractRMHandler            : Branch commit result: PhaseTwo_Committed
09:51:49:449 DEBUG 8076 --- [http-nio-8082-exec-9] c.h.cart.mapper.CartMapper.selectList    : ==>  Preparing: SELECT id,user_id,item_id,num,name,spec,price,image,create_time,update_time FROM cart WHERE (user_id = ?)
09:51:49:449 DEBUG 8076 --- [http-nio-8082-exec-9] c.h.cart.mapper.CartMapper.selectList    : ==> Parameters: 1(Long)
09:51:49:550 DEBUG 8076 --- [http-nio-8082-exec-9] c.h.cart.mapper.CartMapper.selectList    : <==      Total: 0
09:51:52:677 DEBUG 8076 --- [http-nio-8082-exec-3] c.h.cart.mapper.CartMapper.selectCount   : ==>  Preparing: SELECT COUNT( * ) AS total FROM cart WHERE (user_id = ? AND item_id = ?)
09:51:52:678 DEBUG 8076 --- [http-nio-8082-exec-3] c.h.cart.mapper.CartMapper.selectCount   : ==> Parameters: 1(Long), 8533120(Long)
09:51:52:785 DEBUG 8076 --- [http-nio-8082-exec-3] c.h.cart.mapper.CartMapper.selectCount   : <==      Total: 1
09:51:52:786 DEBUG 8076 --- [http-nio-8082-exec-3] c.h.cart.mapper.CartMapper.selectCount   : ==>  Preparing: SELECT COUNT( * ) AS total FROM cart WHERE (user_id = ?)
09:51:52:786 DEBUG 8076 --- [http-nio-8082-exec-3] c.h.cart.mapper.CartMapper.selectCount   : ==> Parameters: 1(Long)
09:51:52:886 DEBUG 8076 --- [http-nio-8082-exec-3] c.h.cart.mapper.CartMapper.selectCount   : <==      Total: 1
09:51:52:887 DEBUG 8076 --- [http-nio-8082-exec-3] com.hmall.cart.mapper.CartMapper.insert  : ==>  Preparing: INSERT INTO cart ( user_id, item_id, name, spec, price, image ) VALUES ( ?, ?, ?, ?, ?, ? )
09:51:52:888 DEBUG 8076 --- [http-nio-8082-exec-3] com.hmall.cart.mapper.CartMapper.insert  : ==> Parameters: 1(Long), 8533120(Long), 海尔 （Haier ）LQ65H31 65英寸 4K曲面人工智能全面屏超高清LED液晶电视(String), {}(String), 379500(Integer), https://m.360buyimg.com/mobilecms/s720x720_jfs/t1/2851/14/13998/101463/5bd9723cE81b2c299/1bfdf2d1628648e4.jpg!q70.jpg.webp(String)
09:51:53:701 DEBUG 8076 --- [http-nio-8082-exec-3] com.hmall.cart.mapper.CartMapper.insert  : <==    Updates: 1
09:51:53:966 DEBUG 8076 --- [http-nio-8082-exec-6] c.h.cart.mapper.CartMapper.selectList    : ==>  Preparing: SELECT id,user_id,item_id,num,name,spec,price,image,create_time,update_time FROM cart WHERE (user_id = ?)
09:51:53:966 DEBUG 8076 --- [http-nio-8082-exec-6] c.h.cart.mapper.CartMapper.selectList    : ==> Parameters: 1(Long)
09:51:54:067 DEBUG 8076 --- [http-nio-8082-exec-6] c.h.cart.mapper.CartMapper.selectList    : <==      Total: 1
09:51:54:068 DEBUG 8076 --- [http-nio-8082-exec-6] com.hmall.api.client.ItemClient          : [ItemClient#queryItemByIds] ---> GET http://item-service/items?ids=8533120 HTTP/1.1
09:51:54:068 DEBUG 8076 --- [http-nio-8082-exec-6] com.hmall.api.client.ItemClient          : [ItemClient#queryItemByIds] user-info: 1
09:51:54:068 DEBUG 8076 --- [http-nio-8082-exec-6] com.hmall.api.client.ItemClient          : [ItemClient#queryItemByIds] ---> END HTTP (0-byte body)
09:51:54:274 DEBUG 8076 --- [http-nio-8082-exec-6] com.hmall.api.client.ItemClient          : [ItemClient#queryItemByIds] <--- HTTP/1.1 200  (205ms)
09:51:54:274 DEBUG 8076 --- [http-nio-8082-exec-6] com.hmall.api.client.ItemClient          : [ItemClient#queryItemByIds] connection: keep-alive
09:51:54:274 DEBUG 8076 --- [http-nio-8082-exec-6] com.hmall.api.client.ItemClient          : [ItemClient#queryItemByIds] content-type: application/json
09:51:54:274 DEBUG 8076 --- [http-nio-8082-exec-6] com.hmall.api.client.ItemClient          : [ItemClient#queryItemByIds] date: Fri, 29 Dec 2023 02:51:54 GMT
09:51:54:274 DEBUG 8076 --- [http-nio-8082-exec-6] com.hmall.api.client.ItemClient          : [ItemClient#queryItemByIds] keep-alive: timeout=60
09:51:54:274 DEBUG 8076 --- [http-nio-8082-exec-6] com.hmall.api.client.ItemClient          : [ItemClient#queryItemByIds] transfer-encoding: chunked
09:51:54:274 DEBUG 8076 --- [http-nio-8082-exec-6] com.hmall.api.client.ItemClient          : [ItemClient#queryItemByIds] 
09:51:54:275 DEBUG 8076 --- [http-nio-8082-exec-6] com.hmall.api.client.ItemClient          : [ItemClient#queryItemByIds] [{"id":"8533120","name":"海尔 （Haier ）LQ65H31 65英寸 4K曲面人工智能全面屏超高清LED液晶电视","price":379500,"stock":957,"image":"https://m.360buyimg.com/mobilecms/s720x720_jfs/t1/2851/14/13998/101463/5bd9723cE81b2c299/1bfdf2d1628648e4.jpg!q70.jpg.webp","category":"曲面电视","brand":"海尔","spec":"{}","sold":0,"commentCount":0,"isAD":false,"status":1}]
09:51:54:275 DEBUG 8076 --- [http-nio-8082-exec-6] com.hmall.api.client.ItemClient          : [ItemClient#queryItemByIds] <--- END HTTP (382-byte body)
09:52:04:582 DEBUG 8076 --- [http-nio-8082-exec-2] com.hmall.cart.mapper.CartMapper.delete  : ==>  Preparing: DELETE FROM cart WHERE (user_id = ? AND item_id IN (?))
09:52:04:582 DEBUG 8076 --- [http-nio-8082-exec-2] com.hmall.cart.mapper.CartMapper.delete  : ==> Parameters: 1(Long), 8533120(Long)
09:52:04:886 DEBUG 8076 --- [http-nio-8082-exec-2] com.hmall.cart.mapper.CartMapper.delete  : <==    Updates: 1
09:52:06:943  INFO 8076 --- [rpcDispatch_RMROLE_1_3_16] i.s.c.r.p.c.RmBranchCommitProcessor      : rm client handle branch commit process:xid=43.133.192.187:8099:36501117869121678,branchId=36501117869121681,branchType=AT,resourceId=jdbc:mysql://43.133.192.187:3306/hm-cart,applicationData={"autoCommit":false}
09:52:06:945  INFO 8076 --- [rpcDispatch_RMROLE_1_3_16] io.seata.rm.AbstractRMHandler            : Branch committing: 43.133.192.187:8099:36501117869121678 36501117869121681 jdbc:mysql://43.133.192.187:3306/hm-cart {"autoCommit":false}
09:52:06:945  INFO 8076 --- [rpcDispatch_RMROLE_1_3_16] io.seata.rm.AbstractRMHandler            : Branch commit result: PhaseTwo_Committed
09:58:35:429 DEBUG 8076 --- [http-nio-8082-exec-1] c.h.cart.mapper.CartMapper.selectList    : ==>  Preparing: SELECT id,user_id,item_id,num,name,spec,price,image,create_time,update_time FROM cart WHERE (user_id = ?)
09:58:35:431 DEBUG 8076 --- [http-nio-8082-exec-1] c.h.cart.mapper.CartMapper.selectList    : ==> Parameters: 1(Long)
09:58:35:530 DEBUG 8076 --- [http-nio-8082-exec-1] c.h.cart.mapper.CartMapper.selectList    : <==      Total: 0
09:58:38:963 DEBUG 8076 --- [http-nio-8082-exec-4] c.h.cart.mapper.CartMapper.selectCount   : ==>  Preparing: SELECT COUNT( * ) AS total FROM cart WHERE (user_id = ? AND item_id = ?)
09:58:38:963 DEBUG 8076 --- [http-nio-8082-exec-4] c.h.cart.mapper.CartMapper.selectCount   : ==> Parameters: 1(Long), 8533120(Long)
09:58:39:063 DEBUG 8076 --- [http-nio-8082-exec-4] c.h.cart.mapper.CartMapper.selectCount   : <==      Total: 1
09:58:39:065 DEBUG 8076 --- [http-nio-8082-exec-4] c.h.cart.mapper.CartMapper.selectCount   : ==>  Preparing: SELECT COUNT( * ) AS total FROM cart WHERE (user_id = ?)
09:58:39:065 DEBUG 8076 --- [http-nio-8082-exec-4] c.h.cart.mapper.CartMapper.selectCount   : ==> Parameters: 1(Long)
09:58:39:165 DEBUG 8076 --- [http-nio-8082-exec-4] c.h.cart.mapper.CartMapper.selectCount   : <==      Total: 1
09:58:39:166 DEBUG 8076 --- [http-nio-8082-exec-4] com.hmall.cart.mapper.CartMapper.insert  : ==>  Preparing: INSERT INTO cart ( user_id, item_id, name, spec, price, image ) VALUES ( ?, ?, ?, ?, ?, ? )
09:58:39:167 DEBUG 8076 --- [http-nio-8082-exec-4] com.hmall.cart.mapper.CartMapper.insert  : ==> Parameters: 1(Long), 8533120(Long), 海尔 （Haier ）LQ65H31 65英寸 4K曲面人工智能全面屏超高清LED液晶电视(String), {}(String), 379500(Integer), https://m.360buyimg.com/mobilecms/s720x720_jfs/t1/2851/14/13998/101463/5bd9723cE81b2c299/1bfdf2d1628648e4.jpg!q70.jpg.webp(String)
09:58:39:381 DEBUG 8076 --- [http-nio-8082-exec-4] com.hmall.cart.mapper.CartMapper.insert  : <==    Updates: 1
09:58:39:514 DEBUG 8076 --- [http-nio-8082-exec-5] c.h.cart.mapper.CartMapper.selectList    : ==>  Preparing: SELECT id,user_id,item_id,num,name,spec,price,image,create_time,update_time FROM cart WHERE (user_id = ?)
09:58:39:514 DEBUG 8076 --- [http-nio-8082-exec-5] c.h.cart.mapper.CartMapper.selectList    : ==> Parameters: 1(Long)
09:58:39:614 DEBUG 8076 --- [http-nio-8082-exec-5] c.h.cart.mapper.CartMapper.selectList    : <==      Total: 1
09:58:39:615 DEBUG 8076 --- [http-nio-8082-exec-5] com.hmall.api.client.ItemClient          : [ItemClient#queryItemByIds] ---> GET http://item-service/items?ids=8533120 HTTP/1.1
09:58:39:615 DEBUG 8076 --- [http-nio-8082-exec-5] com.hmall.api.client.ItemClient          : [ItemClient#queryItemByIds] user-info: 1
09:58:39:615 DEBUG 8076 --- [http-nio-8082-exec-5] com.hmall.api.client.ItemClient          : [ItemClient#queryItemByIds] ---> END HTTP (0-byte body)
09:58:39:804 DEBUG 8076 --- [http-nio-8082-exec-5] com.hmall.api.client.ItemClient          : [ItemClient#queryItemByIds] <--- HTTP/1.1 200  (188ms)
09:58:39:804 DEBUG 8076 --- [http-nio-8082-exec-5] com.hmall.api.client.ItemClient          : [ItemClient#queryItemByIds] connection: keep-alive
09:58:39:805 DEBUG 8076 --- [http-nio-8082-exec-5] com.hmall.api.client.ItemClient          : [ItemClient#queryItemByIds] content-type: application/json
09:58:39:805 DEBUG 8076 --- [http-nio-8082-exec-5] com.hmall.api.client.ItemClient          : [ItemClient#queryItemByIds] date: Fri, 29 Dec 2023 02:58:39 GMT
09:58:39:805 DEBUG 8076 --- [http-nio-8082-exec-5] com.hmall.api.client.ItemClient          : [ItemClient#queryItemByIds] keep-alive: timeout=60
09:58:39:805 DEBUG 8076 --- [http-nio-8082-exec-5] com.hmall.api.client.ItemClient          : [ItemClient#queryItemByIds] transfer-encoding: chunked
09:58:39:805 DEBUG 8076 --- [http-nio-8082-exec-5] com.hmall.api.client.ItemClient          : [ItemClient#queryItemByIds] 
09:58:39:806 DEBUG 8076 --- [http-nio-8082-exec-5] com.hmall.api.client.ItemClient          : [ItemClient#queryItemByIds] [{"id":"8533120","name":"海尔 （Haier ）LQ65H31 65英寸 4K曲面人工智能全面屏超高清LED液晶电视","price":379500,"stock":956,"image":"https://m.360buyimg.com/mobilecms/s720x720_jfs/t1/2851/14/13998/101463/5bd9723cE81b2c299/1bfdf2d1628648e4.jpg!q70.jpg.webp","category":"曲面电视","brand":"海尔","spec":"{}","sold":0,"commentCount":0,"isAD":false,"status":1}]
09:58:39:806 DEBUG 8076 --- [http-nio-8082-exec-5] com.hmall.api.client.ItemClient          : [ItemClient#queryItemByIds] <--- END HTTP (382-byte body)
09:58:45:125 DEBUG 8076 --- [http-nio-8082-exec-8] com.hmall.cart.mapper.CartMapper.delete  : ==>  Preparing: DELETE FROM cart WHERE (user_id = ? AND item_id IN (?))
09:58:45:126 DEBUG 8076 --- [http-nio-8082-exec-8] com.hmall.cart.mapper.CartMapper.delete  : ==> Parameters: 1(Long), 8533120(Long)
09:58:45:451 DEBUG 8076 --- [http-nio-8082-exec-8] com.hmall.cart.mapper.CartMapper.delete  : <==    Updates: 1
09:58:47:943  INFO 8076 --- [rpcDispatch_RMROLE_1_4_16] i.s.c.r.p.c.RmBranchCommitProcessor      : rm client handle branch commit process:xid=43.133.192.187:8099:36501117869121683,branchId=36501117869121686,branchType=AT,resourceId=jdbc:mysql://43.133.192.187:3306/hm-cart,applicationData={"autoCommit":false}
09:58:47:943  INFO 8076 --- [rpcDispatch_RMROLE_1_4_16] io.seata.rm.AbstractRMHandler            : Branch committing: 43.133.192.187:8099:36501117869121683 36501117869121686 jdbc:mysql://43.133.192.187:3306/hm-cart {"autoCommit":false}
09:58:47:943  INFO 8076 --- [rpcDispatch_RMROLE_1_4_16] io.seata.rm.AbstractRMHandler            : Branch commit result: PhaseTwo_Committed
10:01:27:482 DEBUG 8076 --- [http-nio-8082-exec-6] c.h.cart.mapper.CartMapper.selectList    : ==>  Preparing: SELECT id,user_id,item_id,num,name,spec,price,image,create_time,update_time FROM cart WHERE (user_id = ?)
10:01:27:483 DEBUG 8076 --- [http-nio-8082-exec-6] c.h.cart.mapper.CartMapper.selectList    : ==> Parameters: 1(Long)
10:01:27:585 DEBUG 8076 --- [http-nio-8082-exec-6] c.h.cart.mapper.CartMapper.selectList    : <==      Total: 0
10:01:31:588 DEBUG 8076 --- [http-nio-8082-exec-2] c.h.cart.mapper.CartMapper.selectCount   : ==>  Preparing: SELECT COUNT( * ) AS total FROM cart WHERE (user_id = ? AND item_id = ?)
10:01:31:589 DEBUG 8076 --- [http-nio-8082-exec-2] c.h.cart.mapper.CartMapper.selectCount   : ==> Parameters: 1(Long), 8533120(Long)
10:01:31:691 DEBUG 8076 --- [http-nio-8082-exec-2] c.h.cart.mapper.CartMapper.selectCount   : <==      Total: 1
10:01:31:692 DEBUG 8076 --- [http-nio-8082-exec-2] c.h.cart.mapper.CartMapper.selectCount   : ==>  Preparing: SELECT COUNT( * ) AS total FROM cart WHERE (user_id = ?)
10:01:31:692 DEBUG 8076 --- [http-nio-8082-exec-2] c.h.cart.mapper.CartMapper.selectCount   : ==> Parameters: 1(Long)
10:01:31:805 DEBUG 8076 --- [http-nio-8082-exec-2] c.h.cart.mapper.CartMapper.selectCount   : <==      Total: 1
10:01:31:806 DEBUG 8076 --- [http-nio-8082-exec-2] com.hmall.cart.mapper.CartMapper.insert  : ==>  Preparing: INSERT INTO cart ( user_id, item_id, name, spec, price, image ) VALUES ( ?, ?, ?, ?, ?, ? )
10:01:31:806 DEBUG 8076 --- [http-nio-8082-exec-2] com.hmall.cart.mapper.CartMapper.insert  : ==> Parameters: 1(Long), 8533120(Long), 海尔 （Haier ）LQ65H31 65英寸 4K曲面人工智能全面屏超高清LED液晶电视(String), {}(String), 379500(Integer), https://m.360buyimg.com/mobilecms/s720x720_jfs/t1/2851/14/13998/101463/5bd9723cE81b2c299/1bfdf2d1628648e4.jpg!q70.jpg.webp(String)
10:01:32:013 DEBUG 8076 --- [http-nio-8082-exec-2] com.hmall.cart.mapper.CartMapper.insert  : <==    Updates: 1
10:01:32:166 DEBUG 8076 --- [http-nio-8082-exec-7] c.h.cart.mapper.CartMapper.selectList    : ==>  Preparing: SELECT id,user_id,item_id,num,name,spec,price,image,create_time,update_time FROM cart WHERE (user_id = ?)
10:01:32:167 DEBUG 8076 --- [http-nio-8082-exec-7] c.h.cart.mapper.CartMapper.selectList    : ==> Parameters: 1(Long)
10:01:32:271 DEBUG 8076 --- [http-nio-8082-exec-7] c.h.cart.mapper.CartMapper.selectList    : <==      Total: 1
10:01:32:279 DEBUG 8076 --- [http-nio-8082-exec-7] com.hmall.api.client.ItemClient          : [ItemClient#queryItemByIds] ---> GET http://item-service/items?ids=8533120 HTTP/1.1
10:01:32:279 DEBUG 8076 --- [http-nio-8082-exec-7] com.hmall.api.client.ItemClient          : [ItemClient#queryItemByIds] user-info: 1
10:01:32:279 DEBUG 8076 --- [http-nio-8082-exec-7] com.hmall.api.client.ItemClient          : [ItemClient#queryItemByIds] ---> END HTTP (0-byte body)
10:01:32:468 DEBUG 8076 --- [http-nio-8082-exec-7] com.hmall.api.client.ItemClient          : [ItemClient#queryItemByIds] <--- HTTP/1.1 200  (187ms)
10:01:32:468 DEBUG 8076 --- [http-nio-8082-exec-7] com.hmall.api.client.ItemClient          : [ItemClient#queryItemByIds] connection: keep-alive
10:01:32:468 DEBUG 8076 --- [http-nio-8082-exec-7] com.hmall.api.client.ItemClient          : [ItemClient#queryItemByIds] content-type: application/json
10:01:32:468 DEBUG 8076 --- [http-nio-8082-exec-7] com.hmall.api.client.ItemClient          : [ItemClient#queryItemByIds] date: Fri, 29 Dec 2023 03:01:32 GMT
10:01:32:468 DEBUG 8076 --- [http-nio-8082-exec-7] com.hmall.api.client.ItemClient          : [ItemClient#queryItemByIds] keep-alive: timeout=60
10:01:32:468 DEBUG 8076 --- [http-nio-8082-exec-7] com.hmall.api.client.ItemClient          : [ItemClient#queryItemByIds] transfer-encoding: chunked
10:01:32:469 DEBUG 8076 --- [http-nio-8082-exec-7] com.hmall.api.client.ItemClient          : [ItemClient#queryItemByIds] 
10:01:32:469 DEBUG 8076 --- [http-nio-8082-exec-7] com.hmall.api.client.ItemClient          : [ItemClient#queryItemByIds] [{"id":"8533120","name":"海尔 （Haier ）LQ65H31 65英寸 4K曲面人工智能全面屏超高清LED液晶电视","price":379500,"stock":955,"image":"https://m.360buyimg.com/mobilecms/s720x720_jfs/t1/2851/14/13998/101463/5bd9723cE81b2c299/1bfdf2d1628648e4.jpg!q70.jpg.webp","category":"曲面电视","brand":"海尔","spec":"{}","sold":0,"commentCount":0,"isAD":false,"status":1}]
10:01:32:469 DEBUG 8076 --- [http-nio-8082-exec-7] com.hmall.api.client.ItemClient          : [ItemClient#queryItemByIds] <--- END HTTP (382-byte body)
10:01:38:392 DEBUG 8076 --- [http-nio-8082-exec-10] com.hmall.cart.mapper.CartMapper.delete  : ==>  Preparing: DELETE FROM cart WHERE (user_id = ? AND item_id IN (?))
10:01:38:393 DEBUG 8076 --- [http-nio-8082-exec-10] com.hmall.cart.mapper.CartMapper.delete  : ==> Parameters: 1(Long), 8533120(Long)
10:01:38:699 DEBUG 8076 --- [http-nio-8082-exec-10] com.hmall.cart.mapper.CartMapper.delete  : <==    Updates: 1
10:01:40:936  INFO 8076 --- [rpcDispatch_RMROLE_1_5_16] i.s.c.r.p.c.RmBranchCommitProcessor      : rm client handle branch commit process:xid=43.133.192.187:8099:36501117869121688,branchId=36501117869121691,branchType=AT,resourceId=jdbc:mysql://43.133.192.187:3306/hm-cart,applicationData={"autoCommit":false}
10:01:40:937  INFO 8076 --- [rpcDispatch_RMROLE_1_5_16] io.seata.rm.AbstractRMHandler            : Branch committing: 43.133.192.187:8099:36501117869121688 36501117869121691 jdbc:mysql://43.133.192.187:3306/hm-cart {"autoCommit":false}
10:01:40:937  INFO 8076 --- [rpcDispatch_RMROLE_1_5_16] io.seata.rm.AbstractRMHandler            : Branch commit result: PhaseTwo_Committed
10:04:18:385 DEBUG 8076 --- [http-nio-8082-exec-5] c.h.cart.mapper.CartMapper.selectList    : ==>  Preparing: SELECT id,user_id,item_id,num,name,spec,price,image,create_time,update_time FROM cart WHERE (user_id = ?)
10:04:18:386 DEBUG 8076 --- [http-nio-8082-exec-5] c.h.cart.mapper.CartMapper.selectList    : ==> Parameters: 1(Long)
10:04:18:488 DEBUG 8076 --- [http-nio-8082-exec-5] c.h.cart.mapper.CartMapper.selectList    : <==      Total: 0
10:04:27:366 DEBUG 8076 --- [http-nio-8082-exec-8] c.h.cart.mapper.CartMapper.selectCount   : ==>  Preparing: SELECT COUNT( * ) AS total FROM cart WHERE (user_id = ? AND item_id = ?)
10:04:27:366 DEBUG 8076 --- [http-nio-8082-exec-8] c.h.cart.mapper.CartMapper.selectCount   : ==> Parameters: 1(Long), 8533120(Long)
10:04:27:469 DEBUG 8076 --- [http-nio-8082-exec-8] c.h.cart.mapper.CartMapper.selectCount   : <==      Total: 1
10:04:27:470 DEBUG 8076 --- [http-nio-8082-exec-8] c.h.cart.mapper.CartMapper.selectCount   : ==>  Preparing: SELECT COUNT( * ) AS total FROM cart WHERE (user_id = ?)
10:04:27:470 DEBUG 8076 --- [http-nio-8082-exec-8] c.h.cart.mapper.CartMapper.selectCount   : ==> Parameters: 1(Long)
10:04:27:573 DEBUG 8076 --- [http-nio-8082-exec-8] c.h.cart.mapper.CartMapper.selectCount   : <==      Total: 1
10:04:27:574 DEBUG 8076 --- [http-nio-8082-exec-8] com.hmall.cart.mapper.CartMapper.insert  : ==>  Preparing: INSERT INTO cart ( user_id, item_id, name, spec, price, image ) VALUES ( ?, ?, ?, ?, ?, ? )
10:04:27:574 DEBUG 8076 --- [http-nio-8082-exec-8] com.hmall.cart.mapper.CartMapper.insert  : ==> Parameters: 1(Long), 8533120(Long), 海尔 （Haier ）LQ65H31 65英寸 4K曲面人工智能全面屏超高清LED液晶电视(String), {}(String), 379500(Integer), https://m.360buyimg.com/mobilecms/s720x720_jfs/t1/2851/14/13998/101463/5bd9723cE81b2c299/1bfdf2d1628648e4.jpg!q70.jpg.webp(String)
10:04:27:781 DEBUG 8076 --- [http-nio-8082-exec-8] com.hmall.cart.mapper.CartMapper.insert  : <==    Updates: 1
10:04:27:875 DEBUG 8076 --- [http-nio-8082-exec-9] c.h.cart.mapper.CartMapper.selectList    : ==>  Preparing: SELECT id,user_id,item_id,num,name,spec,price,image,create_time,update_time FROM cart WHERE (user_id = ?)
10:04:27:875 DEBUG 8076 --- [http-nio-8082-exec-9] c.h.cart.mapper.CartMapper.selectList    : ==> Parameters: 1(Long)
10:04:27:979 DEBUG 8076 --- [http-nio-8082-exec-9] c.h.cart.mapper.CartMapper.selectList    : <==      Total: 1
10:04:27:980 DEBUG 8076 --- [http-nio-8082-exec-9] com.hmall.api.client.ItemClient          : [ItemClient#queryItemByIds] ---> GET http://item-service/items?ids=8533120 HTTP/1.1
10:04:27:980 DEBUG 8076 --- [http-nio-8082-exec-9] com.hmall.api.client.ItemClient          : [ItemClient#queryItemByIds] user-info: 1
10:04:27:980 DEBUG 8076 --- [http-nio-8082-exec-9] com.hmall.api.client.ItemClient          : [ItemClient#queryItemByIds] ---> END HTTP (0-byte body)
10:04:28:192 DEBUG 8076 --- [http-nio-8082-exec-9] com.hmall.api.client.ItemClient          : [ItemClient#queryItemByIds] <--- HTTP/1.1 200  (212ms)
10:04:28:192 DEBUG 8076 --- [http-nio-8082-exec-9] com.hmall.api.client.ItemClient          : [ItemClient#queryItemByIds] connection: keep-alive
10:04:28:192 DEBUG 8076 --- [http-nio-8082-exec-9] com.hmall.api.client.ItemClient          : [ItemClient#queryItemByIds] content-type: application/json
10:04:28:192 DEBUG 8076 --- [http-nio-8082-exec-9] com.hmall.api.client.ItemClient          : [ItemClient#queryItemByIds] date: Fri, 29 Dec 2023 03:04:28 GMT
10:04:28:192 DEBUG 8076 --- [http-nio-8082-exec-9] com.hmall.api.client.ItemClient          : [ItemClient#queryItemByIds] keep-alive: timeout=60
10:04:28:192 DEBUG 8076 --- [http-nio-8082-exec-9] com.hmall.api.client.ItemClient          : [ItemClient#queryItemByIds] transfer-encoding: chunked
10:04:28:192 DEBUG 8076 --- [http-nio-8082-exec-9] com.hmall.api.client.ItemClient          : [ItemClient#queryItemByIds] 
10:04:28:193 DEBUG 8076 --- [http-nio-8082-exec-9] com.hmall.api.client.ItemClient          : [ItemClient#queryItemByIds] [{"id":"8533120","name":"海尔 （Haier ）LQ65H31 65英寸 4K曲面人工智能全面屏超高清LED液晶电视","price":379500,"stock":954,"image":"https://m.360buyimg.com/mobilecms/s720x720_jfs/t1/2851/14/13998/101463/5bd9723cE81b2c299/1bfdf2d1628648e4.jpg!q70.jpg.webp","category":"曲面电视","brand":"海尔","spec":"{}","sold":0,"commentCount":0,"isAD":false,"status":1}]
10:04:28:193 DEBUG 8076 --- [http-nio-8082-exec-9] com.hmall.api.client.ItemClient          : [ItemClient#queryItemByIds] <--- END HTTP (382-byte body)
10:04:33:698 DEBUG 8076 --- [http-nio-8082-exec-3] com.hmall.cart.mapper.CartMapper.delete  : ==>  Preparing: DELETE FROM cart WHERE (user_id = ? AND item_id IN (?))
10:04:33:699 DEBUG 8076 --- [http-nio-8082-exec-3] com.hmall.cart.mapper.CartMapper.delete  : ==> Parameters: 1(Long), 8533120(Long)
10:04:34:422 DEBUG 8076 --- [http-nio-8082-exec-3] com.hmall.cart.mapper.CartMapper.delete  : <==    Updates: 1
10:04:36:946  INFO 8076 --- [rpcDispatch_RMROLE_1_6_16] i.s.c.r.p.c.RmBranchCommitProcessor      : rm client handle branch commit process:xid=43.133.192.187:8099:36501117869121693,branchId=36501117869121696,branchType=AT,resourceId=jdbc:mysql://43.133.192.187:3306/hm-cart,applicationData={"autoCommit":false}
10:04:36:946  INFO 8076 --- [rpcDispatch_RMROLE_1_6_16] io.seata.rm.AbstractRMHandler            : Branch committing: 43.133.192.187:8099:36501117869121693 36501117869121696 jdbc:mysql://43.133.192.187:3306/hm-cart {"autoCommit":false}
10:04:36:946  INFO 8076 --- [rpcDispatch_RMROLE_1_6_16] io.seata.rm.AbstractRMHandler            : Branch commit result: PhaseTwo_Committed
10:04:47:928 DEBUG 8076 --- [http-nio-8082-exec-6] c.h.cart.mapper.CartMapper.selectList    : ==>  Preparing: SELECT id,user_id,item_id,num,name,spec,price,image,create_time,update_time FROM cart WHERE (user_id = ?)
10:04:47:928 DEBUG 8076 --- [http-nio-8082-exec-6] c.h.cart.mapper.CartMapper.selectList    : ==> Parameters: 1(Long)
10:04:48:030 DEBUG 8076 --- [http-nio-8082-exec-6] c.h.cart.mapper.CartMapper.selectList    : <==      Total: 0
10:05:08:413 DEBUG 8076 --- [http-nio-8082-exec-2] c.h.cart.mapper.CartMapper.selectCount   : ==>  Preparing: SELECT COUNT( * ) AS total FROM cart WHERE (user_id = ? AND item_id = ?)
10:05:08:413 DEBUG 8076 --- [http-nio-8082-exec-2] c.h.cart.mapper.CartMapper.selectCount   : ==> Parameters: 1(Long), 8533120(Long)
10:05:08:515 DEBUG 8076 --- [http-nio-8082-exec-2] c.h.cart.mapper.CartMapper.selectCount   : <==      Total: 1
10:05:08:516 DEBUG 8076 --- [http-nio-8082-exec-2] c.h.cart.mapper.CartMapper.selectCount   : ==>  Preparing: SELECT COUNT( * ) AS total FROM cart WHERE (user_id = ?)
10:05:08:516 DEBUG 8076 --- [http-nio-8082-exec-2] c.h.cart.mapper.CartMapper.selectCount   : ==> Parameters: 1(Long)
10:05:08:618 DEBUG 8076 --- [http-nio-8082-exec-2] c.h.cart.mapper.CartMapper.selectCount   : <==      Total: 1
10:05:08:620 DEBUG 8076 --- [http-nio-8082-exec-2] com.hmall.cart.mapper.CartMapper.insert  : ==>  Preparing: INSERT INTO cart ( user_id, item_id, name, spec, price, image ) VALUES ( ?, ?, ?, ?, ?, ? )
10:05:08:621 DEBUG 8076 --- [http-nio-8082-exec-2] com.hmall.cart.mapper.CartMapper.insert  : ==> Parameters: 1(Long), 8533120(Long), 海尔 （Haier ）LQ65H31 65英寸 4K曲面人工智能全面屏超高清LED液晶电视(String), {}(String), 379500(Integer), https://m.360buyimg.com/mobilecms/s720x720_jfs/t1/2851/14/13998/101463/5bd9723cE81b2c299/1bfdf2d1628648e4.jpg!q70.jpg.webp(String)
10:05:08:828 DEBUG 8076 --- [http-nio-8082-exec-2] com.hmall.cart.mapper.CartMapper.insert  : <==    Updates: 1
10:05:08:996 DEBUG 8076 --- [http-nio-8082-exec-7] c.h.cart.mapper.CartMapper.selectList    : ==>  Preparing: SELECT id,user_id,item_id,num,name,spec,price,image,create_time,update_time FROM cart WHERE (user_id = ?)
10:05:08:996 DEBUG 8076 --- [http-nio-8082-exec-7] c.h.cart.mapper.CartMapper.selectList    : ==> Parameters: 1(Long)
10:05:09:099 DEBUG 8076 --- [http-nio-8082-exec-7] c.h.cart.mapper.CartMapper.selectList    : <==      Total: 1
10:05:09:100 DEBUG 8076 --- [http-nio-8082-exec-7] com.hmall.api.client.ItemClient          : [ItemClient#queryItemByIds] ---> GET http://item-service/items?ids=8533120 HTTP/1.1
10:05:09:100 DEBUG 8076 --- [http-nio-8082-exec-7] com.hmall.api.client.ItemClient          : [ItemClient#queryItemByIds] user-info: 1
10:05:09:100 DEBUG 8076 --- [http-nio-8082-exec-7] com.hmall.api.client.ItemClient          : [ItemClient#queryItemByIds] ---> END HTTP (0-byte body)
10:05:09:284 DEBUG 8076 --- [http-nio-8082-exec-7] com.hmall.api.client.ItemClient          : [ItemClient#queryItemByIds] <--- HTTP/1.1 200  (184ms)
10:05:09:284 DEBUG 8076 --- [http-nio-8082-exec-7] com.hmall.api.client.ItemClient          : [ItemClient#queryItemByIds] connection: keep-alive
10:05:09:284 DEBUG 8076 --- [http-nio-8082-exec-7] com.hmall.api.client.ItemClient          : [ItemClient#queryItemByIds] content-type: application/json
10:05:09:284 DEBUG 8076 --- [http-nio-8082-exec-7] com.hmall.api.client.ItemClient          : [ItemClient#queryItemByIds] date: Fri, 29 Dec 2023 03:05:09 GMT
10:05:09:284 DEBUG 8076 --- [http-nio-8082-exec-7] com.hmall.api.client.ItemClient          : [ItemClient#queryItemByIds] keep-alive: timeout=60
10:05:09:284 DEBUG 8076 --- [http-nio-8082-exec-7] com.hmall.api.client.ItemClient          : [ItemClient#queryItemByIds] transfer-encoding: chunked
10:05:09:284 DEBUG 8076 --- [http-nio-8082-exec-7] com.hmall.api.client.ItemClient          : [ItemClient#queryItemByIds] 
10:05:09:284 DEBUG 8076 --- [http-nio-8082-exec-7] com.hmall.api.client.ItemClient          : [ItemClient#queryItemByIds] [{"id":"8533120","name":"海尔 （Haier ）LQ65H31 65英寸 4K曲面人工智能全面屏超高清LED液晶电视","price":379500,"stock":953,"image":"https://m.360buyimg.com/mobilecms/s720x720_jfs/t1/2851/14/13998/101463/5bd9723cE81b2c299/1bfdf2d1628648e4.jpg!q70.jpg.webp","category":"曲面电视","brand":"海尔","spec":"{}","sold":0,"commentCount":0,"isAD":false,"status":1}]
10:05:09:284 DEBUG 8076 --- [http-nio-8082-exec-7] com.hmall.api.client.ItemClient          : [ItemClient#queryItemByIds] <--- END HTTP (382-byte body)
10:05:15:185 DEBUG 8076 --- [http-nio-8082-exec-10] com.hmall.cart.mapper.CartMapper.delete  : ==>  Preparing: DELETE FROM cart WHERE (user_id = ? AND item_id IN (?))
10:05:15:186 DEBUG 8076 --- [http-nio-8082-exec-10] com.hmall.cart.mapper.CartMapper.delete  : ==> Parameters: 1(Long), 8533120(Long)
10:05:15:492 DEBUG 8076 --- [http-nio-8082-exec-10] com.hmall.cart.mapper.CartMapper.delete  : <==    Updates: 1
10:05:17:932  INFO 8076 --- [rpcDispatch_RMROLE_1_7_16] i.s.c.r.p.c.RmBranchCommitProcessor      : rm client handle branch commit process:xid=43.133.192.187:8099:36501117869121698,branchId=36501117869121701,branchType=AT,resourceId=jdbc:mysql://43.133.192.187:3306/hm-cart,applicationData={"autoCommit":false}
10:05:17:933  INFO 8076 --- [rpcDispatch_RMROLE_1_7_16] io.seata.rm.AbstractRMHandler            : Branch committing: 43.133.192.187:8099:36501117869121698 36501117869121701 jdbc:mysql://43.133.192.187:3306/hm-cart {"autoCommit":false}
10:05:17:933  INFO 8076 --- [rpcDispatch_RMROLE_1_7_16] io.seata.rm.AbstractRMHandler            : Branch commit result: PhaseTwo_Committed
10:15:54:072 DEBUG 8076 --- [http-nio-8082-exec-5] c.h.cart.mapper.CartMapper.selectList    : ==>  Preparing: SELECT id,user_id,item_id,num,name,spec,price,image,create_time,update_time FROM cart WHERE (user_id = ?)
10:15:54:072 DEBUG 8076 --- [http-nio-8082-exec-5] c.h.cart.mapper.CartMapper.selectList    : ==> Parameters: 1(Long)
10:15:54:174 DEBUG 8076 --- [http-nio-8082-exec-5] c.h.cart.mapper.CartMapper.selectList    : <==      Total: 0
10:15:58:160 DEBUG 8076 --- [http-nio-8082-exec-8] c.h.cart.mapper.CartMapper.selectCount   : ==>  Preparing: SELECT COUNT( * ) AS total FROM cart WHERE (user_id = ? AND item_id = ?)
10:15:58:160 DEBUG 8076 --- [http-nio-8082-exec-8] c.h.cart.mapper.CartMapper.selectCount   : ==> Parameters: 1(Long), 8533120(Long)
10:15:58:262 DEBUG 8076 --- [http-nio-8082-exec-8] c.h.cart.mapper.CartMapper.selectCount   : <==      Total: 1
10:15:58:264 DEBUG 8076 --- [http-nio-8082-exec-8] c.h.cart.mapper.CartMapper.selectCount   : ==>  Preparing: SELECT COUNT( * ) AS total FROM cart WHERE (user_id = ?)
10:15:58:264 DEBUG 8076 --- [http-nio-8082-exec-8] c.h.cart.mapper.CartMapper.selectCount   : ==> Parameters: 1(Long)
10:15:58:365 DEBUG 8076 --- [http-nio-8082-exec-8] c.h.cart.mapper.CartMapper.selectCount   : <==      Total: 1
10:15:58:366 DEBUG 8076 --- [http-nio-8082-exec-8] com.hmall.cart.mapper.CartMapper.insert  : ==>  Preparing: INSERT INTO cart ( user_id, item_id, name, spec, price, image ) VALUES ( ?, ?, ?, ?, ?, ? )
10:15:58:367 DEBUG 8076 --- [http-nio-8082-exec-8] com.hmall.cart.mapper.CartMapper.insert  : ==> Parameters: 1(Long), 8533120(Long), 海尔 （Haier ）LQ65H31 65英寸 4K曲面人工智能全面屏超高清LED液晶电视(String), {}(String), 379500(Integer), https://m.360buyimg.com/mobilecms/s720x720_jfs/t1/2851/14/13998/101463/5bd9723cE81b2c299/1bfdf2d1628648e4.jpg!q70.jpg.webp(String)
10:15:58:574 DEBUG 8076 --- [http-nio-8082-exec-8] com.hmall.cart.mapper.CartMapper.insert  : <==    Updates: 1
10:15:58:656 DEBUG 8076 --- [http-nio-8082-exec-9] c.h.cart.mapper.CartMapper.selectList    : ==>  Preparing: SELECT id,user_id,item_id,num,name,spec,price,image,create_time,update_time FROM cart WHERE (user_id = ?)
10:15:58:657 DEBUG 8076 --- [http-nio-8082-exec-9] c.h.cart.mapper.CartMapper.selectList    : ==> Parameters: 1(Long)
10:15:58:759 DEBUG 8076 --- [http-nio-8082-exec-9] c.h.cart.mapper.CartMapper.selectList    : <==      Total: 1
10:15:58:760 DEBUG 8076 --- [http-nio-8082-exec-9] com.hmall.api.client.ItemClient          : [ItemClient#queryItemByIds] ---> GET http://item-service/items?ids=8533120 HTTP/1.1
10:15:58:760 DEBUG 8076 --- [http-nio-8082-exec-9] com.hmall.api.client.ItemClient          : [ItemClient#queryItemByIds] user-info: 1
10:15:58:760 DEBUG 8076 --- [http-nio-8082-exec-9] com.hmall.api.client.ItemClient          : [ItemClient#queryItemByIds] ---> END HTTP (0-byte body)
10:15:58:971 DEBUG 8076 --- [http-nio-8082-exec-9] com.hmall.api.client.ItemClient          : [ItemClient#queryItemByIds] <--- HTTP/1.1 200  (210ms)
10:15:58:971 DEBUG 8076 --- [http-nio-8082-exec-9] com.hmall.api.client.ItemClient          : [ItemClient#queryItemByIds] connection: keep-alive
10:15:58:971 DEBUG 8076 --- [http-nio-8082-exec-9] com.hmall.api.client.ItemClient          : [ItemClient#queryItemByIds] content-type: application/json
10:15:58:971 DEBUG 8076 --- [http-nio-8082-exec-9] com.hmall.api.client.ItemClient          : [ItemClient#queryItemByIds] date: Fri, 29 Dec 2023 03:15:58 GMT
10:15:58:971 DEBUG 8076 --- [http-nio-8082-exec-9] com.hmall.api.client.ItemClient          : [ItemClient#queryItemByIds] keep-alive: timeout=60
10:15:58:971 DEBUG 8076 --- [http-nio-8082-exec-9] com.hmall.api.client.ItemClient          : [ItemClient#queryItemByIds] transfer-encoding: chunked
10:15:58:971 DEBUG 8076 --- [http-nio-8082-exec-9] com.hmall.api.client.ItemClient          : [ItemClient#queryItemByIds] 
10:15:58:971 DEBUG 8076 --- [http-nio-8082-exec-9] com.hmall.api.client.ItemClient          : [ItemClient#queryItemByIds] [{"id":"8533120","name":"海尔 （Haier ）LQ65H31 65英寸 4K曲面人工智能全面屏超高清LED液晶电视","price":379500,"stock":952,"image":"https://m.360buyimg.com/mobilecms/s720x720_jfs/t1/2851/14/13998/101463/5bd9723cE81b2c299/1bfdf2d1628648e4.jpg!q70.jpg.webp","category":"曲面电视","brand":"海尔","spec":"{}","sold":0,"commentCount":0,"isAD":false,"status":1}]
10:15:58:972 DEBUG 8076 --- [http-nio-8082-exec-9] com.hmall.api.client.ItemClient          : [ItemClient#queryItemByIds] <--- END HTTP (382-byte body)
10:16:00:806 DEBUG 8076 --- [http-nio-8082-exec-3] c.h.cart.mapper.CartMapper.updateById    : ==>  Preparing: UPDATE cart SET num=? WHERE id=?
10:16:00:806 DEBUG 8076 --- [http-nio-8082-exec-3] c.h.cart.mapper.CartMapper.updateById    : ==> Parameters: 2(Integer), 51(Long)
10:16:01:012 DEBUG 8076 --- [http-nio-8082-exec-3] c.h.cart.mapper.CartMapper.updateById    : <==    Updates: 1
10:16:01:024 DEBUG 8076 --- [http-nio-8082-exec-6] c.h.cart.mapper.CartMapper.updateById    : ==>  Preparing: UPDATE cart SET num=? WHERE id=?
10:16:01:024 DEBUG 8076 --- [http-nio-8082-exec-6] c.h.cart.mapper.CartMapper.updateById    : ==> Parameters: 2(Integer), 51(Long)
10:16:01:119 DEBUG 8076 --- [http-nio-8082-exec-2] c.h.cart.mapper.CartMapper.selectList    : ==>  Preparing: SELECT id,user_id,item_id,num,name,spec,price,image,create_time,update_time FROM cart WHERE (user_id = ?)
10:16:01:119 DEBUG 8076 --- [http-nio-8082-exec-2] c.h.cart.mapper.CartMapper.selectList    : ==> Parameters: 1(Long)
10:16:01:218 DEBUG 8076 --- [http-nio-8082-exec-2] c.h.cart.mapper.CartMapper.selectList    : <==      Total: 1
10:16:01:219 DEBUG 8076 --- [http-nio-8082-exec-2] com.hmall.api.client.ItemClient          : [ItemClient#queryItemByIds] ---> GET http://item-service/items?ids=8533120 HTTP/1.1
10:16:01:219 DEBUG 8076 --- [http-nio-8082-exec-2] com.hmall.api.client.ItemClient          : [ItemClient#queryItemByIds] user-info: 1
10:16:01:219 DEBUG 8076 --- [http-nio-8082-exec-2] com.hmall.api.client.ItemClient          : [ItemClient#queryItemByIds] ---> END HTTP (0-byte body)
10:16:01:228 DEBUG 8076 --- [http-nio-8082-exec-6] c.h.cart.mapper.CartMapper.updateById    : <==    Updates: 1
10:16:01:409 DEBUG 8076 --- [http-nio-8082-exec-2] com.hmall.api.client.ItemClient          : [ItemClient#queryItemByIds] <--- HTTP/1.1 200  (189ms)
10:16:01:409 DEBUG 8076 --- [http-nio-8082-exec-2] com.hmall.api.client.ItemClient          : [ItemClient#queryItemByIds] connection: keep-alive
10:16:01:410 DEBUG 8076 --- [http-nio-8082-exec-2] com.hmall.api.client.ItemClient          : [ItemClient#queryItemByIds] content-type: application/json
10:16:01:410 DEBUG 8076 --- [http-nio-8082-exec-2] com.hmall.api.client.ItemClient          : [ItemClient#queryItemByIds] date: Fri, 29 Dec 2023 03:16:01 GMT
10:16:01:410 DEBUG 8076 --- [http-nio-8082-exec-2] com.hmall.api.client.ItemClient          : [ItemClient#queryItemByIds] keep-alive: timeout=60
10:16:01:410 DEBUG 8076 --- [http-nio-8082-exec-2] com.hmall.api.client.ItemClient          : [ItemClient#queryItemByIds] transfer-encoding: chunked
10:16:01:410 DEBUG 8076 --- [http-nio-8082-exec-2] com.hmall.api.client.ItemClient          : [ItemClient#queryItemByIds] 
10:16:01:410 DEBUG 8076 --- [http-nio-8082-exec-2] com.hmall.api.client.ItemClient          : [ItemClient#queryItemByIds] [{"id":"8533120","name":"海尔 （Haier ）LQ65H31 65英寸 4K曲面人工智能全面屏超高清LED液晶电视","price":379500,"stock":952,"image":"https://m.360buyimg.com/mobilecms/s720x720_jfs/t1/2851/14/13998/101463/5bd9723cE81b2c299/1bfdf2d1628648e4.jpg!q70.jpg.webp","category":"曲面电视","brand":"海尔","spec":"{}","sold":0,"commentCount":0,"isAD":false,"status":1}]
10:16:01:410 DEBUG 8076 --- [http-nio-8082-exec-2] com.hmall.api.client.ItemClient          : [ItemClient#queryItemByIds] <--- END HTTP (382-byte body)
10:16:01:421 DEBUG 8076 --- [http-nio-8082-exec-7] c.h.cart.mapper.CartMapper.selectList    : ==>  Preparing: SELECT id,user_id,item_id,num,name,spec,price,image,create_time,update_time FROM cart WHERE (user_id = ?)
10:16:01:421 DEBUG 8076 --- [http-nio-8082-exec-7] c.h.cart.mapper.CartMapper.selectList    : ==> Parameters: 1(Long)
10:16:01:524 DEBUG 8076 --- [http-nio-8082-exec-7] c.h.cart.mapper.CartMapper.selectList    : <==      Total: 1
10:16:01:525 DEBUG 8076 --- [http-nio-8082-exec-7] com.hmall.api.client.ItemClient          : [ItemClient#queryItemByIds] ---> GET http://item-service/items?ids=8533120 HTTP/1.1
10:16:01:525 DEBUG 8076 --- [http-nio-8082-exec-7] com.hmall.api.client.ItemClient          : [ItemClient#queryItemByIds] user-info: 1
10:16:01:525 DEBUG 8076 --- [http-nio-8082-exec-7] com.hmall.api.client.ItemClient          : [ItemClient#queryItemByIds] ---> END HTTP (0-byte body)
10:16:01:733 DEBUG 8076 --- [http-nio-8082-exec-7] com.hmall.api.client.ItemClient          : [ItemClient#queryItemByIds] <--- HTTP/1.1 200  (207ms)
10:16:01:733 DEBUG 8076 --- [http-nio-8082-exec-7] com.hmall.api.client.ItemClient          : [ItemClient#queryItemByIds] connection: keep-alive
10:16:01:733 DEBUG 8076 --- [http-nio-8082-exec-7] com.hmall.api.client.ItemClient          : [ItemClient#queryItemByIds] content-type: application/json
10:16:01:733 DEBUG 8076 --- [http-nio-8082-exec-7] com.hmall.api.client.ItemClient          : [ItemClient#queryItemByIds] date: Fri, 29 Dec 2023 03:16:01 GMT
10:16:01:733 DEBUG 8076 --- [http-nio-8082-exec-7] com.hmall.api.client.ItemClient          : [ItemClient#queryItemByIds] keep-alive: timeout=60
10:16:01:733 DEBUG 8076 --- [http-nio-8082-exec-7] com.hmall.api.client.ItemClient          : [ItemClient#queryItemByIds] transfer-encoding: chunked
10:16:01:733 DEBUG 8076 --- [http-nio-8082-exec-7] com.hmall.api.client.ItemClient          : [ItemClient#queryItemByIds] 
10:16:01:734 DEBUG 8076 --- [http-nio-8082-exec-7] com.hmall.api.client.ItemClient          : [ItemClient#queryItemByIds] [{"id":"8533120","name":"海尔 （Haier ）LQ65H31 65英寸 4K曲面人工智能全面屏超高清LED液晶电视","price":379500,"stock":952,"image":"https://m.360buyimg.com/mobilecms/s720x720_jfs/t1/2851/14/13998/101463/5bd9723cE81b2c299/1bfdf2d1628648e4.jpg!q70.jpg.webp","category":"曲面电视","brand":"海尔","spec":"{}","sold":0,"commentCount":0,"isAD":false,"status":1}]
10:16:01:734 DEBUG 8076 --- [http-nio-8082-exec-7] com.hmall.api.client.ItemClient          : [ItemClient#queryItemByIds] <--- END HTTP (382-byte body)
10:16:05:934 DEBUG 8076 --- [http-nio-8082-exec-10] com.hmall.cart.mapper.CartMapper.delete  : ==>  Preparing: DELETE FROM cart WHERE (user_id = ? AND item_id IN (?))
10:16:05:934 DEBUG 8076 --- [http-nio-8082-exec-10] com.hmall.cart.mapper.CartMapper.delete  : ==> Parameters: 1(Long), 8533120(Long)
10:16:06:240 DEBUG 8076 --- [http-nio-8082-exec-10] com.hmall.cart.mapper.CartMapper.delete  : <==    Updates: 1
10:16:07:931  INFO 8076 --- [rpcDispatch_RMROLE_1_8_16] i.s.c.r.p.c.RmBranchCommitProcessor      : rm client handle branch commit process:xid=43.133.192.187:8099:36501117869121703,branchId=36501117869121706,branchType=AT,resourceId=jdbc:mysql://43.133.192.187:3306/hm-cart,applicationData={"autoCommit":false}
10:16:07:931  INFO 8076 --- [rpcDispatch_RMROLE_1_8_16] io.seata.rm.AbstractRMHandler            : Branch committing: 43.133.192.187:8099:36501117869121703 36501117869121706 jdbc:mysql://43.133.192.187:3306/hm-cart {"autoCommit":false}
10:16:07:931  INFO 8076 --- [rpcDispatch_RMROLE_1_8_16] io.seata.rm.AbstractRMHandler            : Branch commit result: PhaseTwo_Committed
10:16:15:850 DEBUG 8076 --- [http-nio-8082-exec-1] c.h.cart.mapper.CartMapper.selectList    : ==>  Preparing: SELECT id,user_id,item_id,num,name,spec,price,image,create_time,update_time FROM cart WHERE (user_id = ?)
10:16:15:850 DEBUG 8076 --- [http-nio-8082-exec-1] c.h.cart.mapper.CartMapper.selectList    : ==> Parameters: 1(Long)
10:16:15:952 DEBUG 8076 --- [http-nio-8082-exec-1] c.h.cart.mapper.CartMapper.selectList    : <==      Total: 0
