10:11:58:954  INFO 10928 --- [main] com.hmall.pay.PayApplication             : The following 1 profile is active: "local"
10:12:00:588  INFO 10928 --- [main] o.s.cloud.context.scope.GenericScope     : BeanFactory id=69d6fbad-acd2-3b65-949b-d4346c72a2e0
10:12:01:173  INFO 10928 --- [main] o.s.b.w.embedded.tomcat.TomcatWebServer  : Tomcat initialized with port(s): 8087 (http)
10:12:01:183  INFO 10928 --- [main] o.apache.catalina.core.StandardService   : Starting service [Tomcat]
10:12:01:183  INFO 10928 --- [main] org.apache.catalina.core.StandardEngine  : Starting Servlet engine: [Apache Tomcat/9.0.75]
10:12:01:489  INFO 10928 --- [main] o.a.c.c.C.[Tomcat].[localhost].[/]       : Initializing Spring embedded WebApplicationContext
10:12:01:490  INFO 10928 --- [main] w.s.c.ServletWebServerApplicationContext : Root WebApplicationContext: initialization completed in 2492 ms
10:12:01:785  INFO 10928 --- [main] o.s.c.openfeign.FeignClientFactoryBean   : For 'user-service' URL not provided. Will try picking an instance via load-balancing.
10:12:02:176  INFO 10928 --- [main] o.s.c.openfeign.FeignClientFactoryBean   : For 'trade-service' URL not provided. Will try picking an instance via load-balancing.
10:12:04:548  INFO 10928 --- [main] pertySourcedRequestMappingHandlerMapping : Mapped URL path [/v2/api-docs] onto method [springfox.documentation.swagger2.web.Swagger2ControllerWebMvc#getDocumentation(String, HttpServletRequest)]
10:12:05:672  INFO 10928 --- [main] com.alibaba.nacos.common.remote.client   : [RpcClientFactory] create a new rpc client of 1f9be9a5-e9fb-4ee2-ae57-71377b20bcaa
10:12:05:672  INFO 10928 --- [main] com.alibaba.nacos.common.remote.client   : [1f9be9a5-e9fb-4ee2-ae57-71377b20bcaa] RpcClient init label, labels = {module=naming, source=sdk}
10:12:05:675  INFO 10928 --- [main] com.alibaba.nacos.common.remote.client   : [1f9be9a5-e9fb-4ee2-ae57-71377b20bcaa] RpcClient init, ServerListFactory = com.alibaba.nacos.client.naming.core.ServerListManager
10:12:05:676  INFO 10928 --- [main] com.alibaba.nacos.common.remote.client   : [1f9be9a5-e9fb-4ee2-ae57-71377b20bcaa] Registry connection listener to current client:com.alibaba.nacos.client.naming.remote.gprc.redo.NamingGrpcRedoService
10:12:05:677  INFO 10928 --- [main] com.alibaba.nacos.common.remote.client   : [1f9be9a5-e9fb-4ee2-ae57-71377b20bcaa] Register server push request handler:com.alibaba.nacos.client.naming.remote.gprc.NamingPushRequestHandler
10:12:05:678  INFO 10928 --- [main] com.alibaba.nacos.common.remote.client   : [1f9be9a5-e9fb-4ee2-ae57-71377b20bcaa] Try to connect to server on start up, server: {serverIp = '43.133.192.187', server main port = 8848}
10:12:06:088  INFO 10928 --- [main] com.alibaba.nacos.common.remote.client   : [1f9be9a5-e9fb-4ee2-ae57-71377b20bcaa] Success to connect to server [43.133.192.187:8848] on start up, connectionId = 1703473925895_144.48.139.118_12528
10:12:06:088  INFO 10928 --- [main] com.alibaba.nacos.common.remote.client   : [1f9be9a5-e9fb-4ee2-ae57-71377b20bcaa] Register server push request handler:com.alibaba.nacos.common.remote.client.RpcClient$ConnectResetRequestHandler
10:12:06:088  INFO 10928 --- [com.alibaba.nacos.client.remote.worker] com.alibaba.nacos.common.remote.client   : [1f9be9a5-e9fb-4ee2-ae57-71377b20bcaa] Notify connected event to listeners.
10:12:06:089  INFO 10928 --- [main] com.alibaba.nacos.common.remote.client   : [1f9be9a5-e9fb-4ee2-ae57-71377b20bcaa] Register server push request handler:com.alibaba.nacos.common.remote.client.RpcClient$$Lambda$471/0x0000000800423040
10:12:06:270  INFO 10928 --- [main] o.s.b.w.embedded.tomcat.TomcatWebServer  : Tomcat started on port(s): 8087 (http) with context path ''
10:12:06:379  INFO 10928 --- [main] c.a.c.n.registry.NacosServiceRegistry    : nacos registry, DEFAULT_GROUP pay-service 192.168.0.111:8087 register finished
10:12:06:785  INFO 10928 --- [nacos-grpc-client-executor-6] com.alibaba.nacos.common.remote.client   : [1f9be9a5-e9fb-4ee2-ae57-71377b20bcaa] Receive server push request, request = NotifySubscriberRequest, requestId = 418
10:12:06:789  INFO 10928 --- [nacos-grpc-client-executor-6] com.alibaba.nacos.common.remote.client   : [1f9be9a5-e9fb-4ee2-ae57-71377b20bcaa] Ack server push request, request = NotifySubscriberRequest, requestId = 418
10:12:07:124  INFO 10928 --- [main] d.s.w.p.DocumentationPluginsBootstrapper : Documentation plugins bootstrapped
10:12:07:129  INFO 10928 --- [main] d.s.w.p.DocumentationPluginsBootstrapper : Found 1 custom documentation plugin(s)
10:12:07:174  INFO 10928 --- [main] s.d.s.w.s.ApiListingReferenceScanner     : Scanning for api listing references
10:12:07:328  INFO 10928 --- [main] com.hmall.pay.PayApplication             : Started PayApplication in 16.239 seconds (JVM running for 18.116)
10:12:07:339  INFO 10928 --- [main] c.a.c.n.refresh.NacosContextRefresher    : [Nacos Config] Listening config: dataId=pay-service, group=DEFAULT_GROUP
10:12:07:340  INFO 10928 --- [main] c.a.c.n.refresh.NacosContextRefresher    : [Nacos Config] Listening config: dataId=pay-service.yaml, group=DEFAULT_GROUP
10:12:07:341  INFO 10928 --- [main] c.a.c.n.refresh.NacosContextRefresher    : [Nacos Config] Listening config: dataId=pay-service-local.yaml, group=DEFAULT_GROUP
